<?xml version="1.0" encoding="UTF-8"?>
<!-- Generated by org.testng.reporters.JUnitReportReporter -->
<testsuite hostname="HW1315" name="com.desktopWeb.scripts.sprint.TC_157_Verify_Page_News_Page_Version_Approve_Cm" tests="1" failures="0" timestamp="22 Jan 2017 09:52:44 GMT" time="261.779" errors="1">
  <testcase name="TC152_Verify_Page_News_Page_Version_Approve_Cm" time="261.779" classname="com.desktopWeb.scripts.sprint.TC_157_Verify_Page_News_Page_Version_Approve_Cm">
    <error type="java.lang.AssertionError" message="Step Verify Verify text Failed with description Approved by is not present in the element expected [true] but found [false]">
      <![CDATA[java.lang.AssertionError: Step Verify Verify text Failed with description Approved by is not present in the element expected [true] but found [false]
	at org.testng.Assert.fail(Assert.java:94)
	at org.testng.Assert.failNotEquals(Assert.java:494)
	at org.testng.Assert.assertTrue(Assert.java:42)
	at com.ctaf.support.HtmlReportSupport.onFailure(HtmlReportSupport.java:778)
	at com.ctaf.utilities.Reporter.failureReport(Reporter.java:91)
	at com.ctaf.accelerators.ActionEngine.assertTextMatching(ActionEngine.java:2347)
	at com.desktopWeb.workflows.HelperClass.approveVersion(HelperClass.java:1152)
	at com.desktopWeb.scripts.sprint.TC_157_Verify_Page_News_Page_Version_Approve_Cm.TC152_Verify_Page_News_Page_Version_Approve_Cm(TC_157_Verify_Page_News_Page_Version_Approve_Cm.java:29)
	at sun.reflect.NativeMethodAccessorImpl.invoke0(Native Method)
	at sun.reflect.NativeMethodAccessorImpl.invoke(NativeMethodAccessorImpl.java:62)
	at sun.reflect.DelegatingMethodAccessorImpl.invoke(DelegatingMethodAccessorImpl.java:43)
	at java.lang.reflect.Method.invoke(Method.java:498)
	at org.testng.internal.MethodInvocationHelper.invokeMethod(MethodInvocationHelper.java:80)
	at org.testng.internal.Invoker.invokeMethod(Invoker.java:714)
	at org.testng.internal.Invoker.invokeTestMethod(Invoker.java:901)
	at org.testng.internal.Invoker.invokeTestMethods(Invoker.java:1231)
	at org.testng.internal.TestMethodWorker.invokeTestMethods(TestMethodWorker.java:127)
	at org.testng.internal.TestMethodWorker.run(TestMethodWorker.java:111)
	at org.testng.TestRunner.privateRun(TestRunner.java:767)
	at org.testng.TestRunner.run(TestRunner.java:617)
	at org.testng.SuiteRunner.runTest(SuiteRunner.java:334)
	at org.testng.SuiteRunner.runSequentially(SuiteRunner.java:329)
	at org.testng.SuiteRunner.privateRun(SuiteRunner.java:291)
	at org.testng.SuiteRunner.run(SuiteRunner.java:240)
	at org.testng.SuiteRunnerWorker.runSuite(SuiteRunnerWorker.java:52)
	at org.testng.SuiteRunnerWorker.run(SuiteRunnerWorker.java:86)
	at org.testng.TestNG.runSuitesSequentially(TestNG.java:1198)
	at org.testng.TestNG.runSuitesLocally(TestNG.java:1123)
	at org.testng.TestNG.run(TestNG.java:1031)
	at org.testng.remote.AbstractRemoteTestNG.run(AbstractRemoteTestNG.java:132)
	at org.testng.remote.RemoteTestNG.initAndRun(RemoteTestNG.java:236)
	at org.testng.remote.RemoteTestNG.main(RemoteTestNG.java:81)
]]>
    </error>
  </testcase> <!-- TC152_Verify_Page_News_Page_Version_Approve_Cm -->
</testsuite> <!-- com.desktopWeb.scripts.sprint.TC_157_Verify_Page_News_Page_Version_Approve_Cm -->
