<?xml version="1.0" encoding="UTF-8"?>
<!-- Generated by org.testng.reporters.JUnitXMLReporter -->
<testsuite hostname="HW1315" name="Grouping" tests="111" failures="5" timestamp="2 Feb 2017 20:12:21 GMT" time="6537.841" errors="0">
  <testcase name="@BeforeMethod reportHeader" time="0.0" classname="com.desktopWeb.scripts.addUpdate.TC_67_Verify_Update_Version_Duplicate">
    <failure type="org.openqa.selenium.TimeoutException" message="timeout: cannot determine loading status
from timeout: Timed out receiving message from renderer: -0.028
  (Session info: chrome=56.0.2924.76)
  (Driver info: chromedriver=2.25.426923 (0390b88869384d6eb0d5d09729679f934aab9eed),platform=Windows NT 6.1.7601 SP1 x86_64) (WARNING: The server did not provide any stacktrace information)
Command duration or timeout: 300.04 seconds
Build info: version: &amp;apos;3.0.0&amp;apos;, revision: &amp;apos;350cf60&amp;apos;, time: &amp;apos;2016-10-13 10:48:57 -0700&amp;apos;
System info: host: &amp;apos;HW1315&amp;apos;, ip: &amp;apos;192.168.3.22&amp;apos;, os.name: &amp;apos;Windows 7&amp;apos;, os.arch: &amp;apos;amd64&amp;apos;, os.version: &amp;apos;6.1&amp;apos;, java.version: &amp;apos;1.8.0_111&amp;apos;
Driver info: org.openqa.selenium.chrome.ChromeDriver
Capabilities [{applicationCacheEnabled=false, rotatable=false, mobileEmulationEnabled=false, networkConnectionEnabled=false, chrome={chromedriverVersion=2.25.426923 (0390b88869384d6eb0d5d09729679f934aab9eed), userDataDir=C:\Users\E002917\AppData\Local\Temp\scoped_dir10236_1354}, takesHeapSnapshot=true, pageLoadStrategy=normal, databaseEnabled=false, handlesAlerts=true, hasTouchScreen=false, version=56.0.2924.76, platform=XP, browserConnectionEnabled=false, nativeEvents=true, acceptSslCerts=true, locationContextEnabled=true, webStorageEnabled=true, browserName=chrome, takesScreenshot=true, javascriptEnabled=true, cssSelectorsEnabled=true}]
Session ID: 5c0b5a8bc84bb45e540a5f1292a3b140">
      <![CDATA[org.openqa.selenium.TimeoutException: timeout: cannot determine loading status
from timeout: Timed out receiving message from renderer: -0.028
  (Session info: chrome=56.0.2924.76)
  (Driver info: chromedriver=2.25.426923 (0390b88869384d6eb0d5d09729679f934aab9eed),platform=Windows NT 6.1.7601 SP1 x86_64) (WARNING: The server did not provide any stacktrace information)
Command duration or timeout: 300.04 seconds
Build info: version: '3.0.0', revision: '350cf60', time: '2016-10-13 10:48:57 -0700'
System info: host: 'HW1315', ip: '192.168.3.22', os.name: 'Windows 7', os.arch: 'amd64', os.version: '6.1', java.version: '1.8.0_111'
Driver info: org.openqa.selenium.chrome.ChromeDriver
Capabilities [{applicationCacheEnabled=false, rotatable=false, mobileEmulationEnabled=false, networkConnectionEnabled=false, chrome={chromedriverVersion=2.25.426923 (0390b88869384d6eb0d5d09729679f934aab9eed), userDataDir=C:\Users\E002917\AppData\Local\Temp\scoped_dir10236_1354}, takesHeapSnapshot=true, pageLoadStrategy=normal, databaseEnabled=false, handlesAlerts=true, hasTouchScreen=false, version=56.0.2924.76, platform=XP, browserConnectionEnabled=false, nativeEvents=true, acceptSslCerts=true, locationContextEnabled=true, webStorageEnabled=true, browserName=chrome, takesScreenshot=true, javascriptEnabled=true, cssSelectorsEnabled=true}]
Session ID: 5c0b5a8bc84bb45e540a5f1292a3b140
	at sun.reflect.NativeConstructorAccessorImpl.newInstance0(Native Method)
	at sun.reflect.NativeConstructorAccessorImpl.newInstance(NativeConstructorAccessorImpl.java:62)
	at sun.reflect.DelegatingConstructorAccessorImpl.newInstance(DelegatingConstructorAccessorImpl.java:45)
	at java.lang.reflect.Constructor.newInstance(Constructor.java:423)
	at org.openqa.selenium.remote.ErrorHandler.createThrowable(ErrorHandler.java:216)
	at org.openqa.selenium.remote.ErrorHandler.throwIfResponseFailed(ErrorHandler.java:168)
	at org.openqa.selenium.remote.RemoteWebDriver.execute(RemoteWebDriver.java:635)
	at org.openqa.selenium.remote.RemoteWebDriver.get(RemoteWebDriver.java:322)
	at com.ctaf.accelerators.TestEngine.reportHeader(TestEngine.java:490)
	at sun.reflect.GeneratedMethodAccessor18.invoke(Unknown Source)
	at sun.reflect.DelegatingMethodAccessorImpl.invoke(DelegatingMethodAccessorImpl.java:43)
	at java.lang.reflect.Method.invoke(Method.java:498)
	at org.testng.internal.MethodInvocationHelper.invokeMethod(MethodInvocationHelper.java:80)
	at org.testng.internal.Invoker.invokeConfigurationMethod(Invoker.java:564)
	at org.testng.internal.Invoker.invokeConfigurations(Invoker.java:213)
	at org.testng.internal.Invoker.invokeMethod(Invoker.java:653)
	at org.testng.internal.Invoker.invokeTestMethod(Invoker.java:901)
	at org.testng.internal.Invoker.invokeTestMethods(Invoker.java:1231)
	at org.testng.internal.TestMethodWorker.invokeTestMethods(TestMethodWorker.java:127)
	at org.testng.internal.TestMethodWorker.run(TestMethodWorker.java:111)
	at org.testng.TestRunner.privateRun(TestRunner.java:767)
	at org.testng.TestRunner.run(TestRunner.java:617)
	at org.testng.SuiteRunner.runTest(SuiteRunner.java:334)
	at org.testng.SuiteRunner.runSequentially(SuiteRunner.java:329)
	at org.testng.SuiteRunner.privateRun(SuiteRunner.java:291)
	at org.testng.SuiteRunner.run(SuiteRunner.java:240)
	at org.testng.SuiteRunnerWorker.runSuite(SuiteRunnerWorker.java:52)
	at org.testng.SuiteRunnerWorker.run(SuiteRunnerWorker.java:86)
	at org.testng.TestNG.runSuitesSequentially(TestNG.java:1198)
	at org.testng.TestNG.runSuitesLocally(TestNG.java:1123)
	at org.testng.TestNG.run(TestNG.java:1031)
	at org.testng.remote.AbstractRemoteTestNG.run(AbstractRemoteTestNG.java:132)
	at org.testng.remote.RemoteTestNG.initAndRun(RemoteTestNG.java:236)
	at org.testng.remote.RemoteTestNG.main(RemoteTestNG.java:81)
]]>
    </failure>
  </testcase> <!-- @BeforeMethod reportHeader -->
  <testcase name="@BeforeMethod reportHeader" time="0.0" classname="com.desktopWeb.scripts.sprint2.TC_178_WCCP_418_1">
    <skipped/>
  </testcase> <!-- @BeforeMethod reportHeader -->
  <testcase name="@BeforeMethod reportHeader" time="0.0" classname="com.desktopWeb.scripts.sprint1.TC_122_Verify_Project_Sub_Page_Version_NewPage_En">
    <skipped/>
  </testcase> <!-- @BeforeMethod reportHeader -->
  <testcase name="@BeforeMethod reportHeader" time="0.0" classname="com.desktopWeb.scripts.page.TC_77_SEO_Site_Sub_Page_Name">
    <skipped/>
  </testcase> <!-- @BeforeMethod reportHeader -->
  <testcase name="@BeforeMethod reportHeader" time="0.0" classname="com.desktopWeb.scripts.setting.TC_66_Verify_Setting_Version_Duplicate">
    <skipped/>
  </testcase> <!-- @BeforeMethod reportHeader -->
  <testcase name="@BeforeMethod reportHeader" time="0.0" classname="com.desktopWeb.scripts.addUpdate.TC_68_Verify_Authoring_Update_Options">
    <skipped/>
  </testcase> <!-- @BeforeMethod reportHeader -->
  <testcase name="@BeforeMethod reportHeader" time="0.0" classname="com.desktopWeb.scripts.sprint2.TC_179_WCCP_418_2">
    <skipped/>
  </testcase> <!-- @BeforeMethod reportHeader -->
  <testcase name="@BeforeMethod reportHeader" time="0.0" classname="com.desktopWeb.scripts.sprint1.TC_123_Verify_Project_Sub_Page_Mobile_Preview_En">
    <skipped/>
  </testcase> <!-- @BeforeMethod reportHeader -->
  <testcase name="@BeforeMethod reportHeader" time="0.0" classname="com.desktopWeb.scripts.page.TC_78_Verify_Site_Sub_Page_Version_Duplicate">
    <skipped/>
  </testcase> <!-- @BeforeMethod reportHeader -->
  <testcase name="@BeforeMethod reportHeader" time="0.0" classname="com.desktopWeb.scripts.sprint2.TC_180_WCCP_417_1">
    <skipped/>
  </testcase> <!-- @BeforeMethod reportHeader -->
  <testcase name="@BeforeMethod reportHeader" time="0.0" classname="com.desktopWeb.scripts.sprint1.TC_124_Verify_Project_Sub_Page_Delete_En">
    <skipped/>
  </testcase> <!-- @BeforeMethod reportHeader -->
  <testcase name="@BeforeMethod reportHeader" time="0.0" classname="com.desktopWeb.scripts.page.TC_79_Location_Site_Sub_Page_Location">
    <skipped/>
  </testcase> <!-- @BeforeMethod reportHeader -->
  <testcase name="@BeforeMethod reportHeader" time="0.0" classname="com.desktopWeb.scripts.sprint1.TC_125_WCCP_450_Verify_View_Project_En">
    <skipped/>
  </testcase> <!-- @BeforeMethod reportHeader -->
  <testcase name="@BeforeMethod reportHeader" time="0.0" classname="com.desktopWeb.scripts.page.TC_80_Verify_Site_Sub_Page_Mobile_Preview">
    <skipped/>
  </testcase> <!-- @BeforeMethod reportHeader -->
  <testcase name="@BeforeMethod reportHeader" time="0.0" classname="com.desktopWeb.scripts.sprint1.TC_126_Verify_Project_Sub_Page_Version_NewPage_Cm">
    <skipped/>
  </testcase> <!-- @BeforeMethod reportHeader -->
  <testcase name="@BeforeMethod reportHeader" time="0.0" classname="com.desktopWeb.scripts.page.TC_81_Verify_Site_Sub_Page_Delete">
    <skipped/>
  </testcase> <!-- @BeforeMethod reportHeader -->
  <testcase name="@BeforeMethod reportHeader" time="0.0" classname="com.desktopWeb.scripts.sprint1.TC_127_Detail_Project_Sub_Page_Project_Cm">
    <skipped/>
  </testcase> <!-- @BeforeMethod reportHeader -->
  <testcase name="@BeforeMethod reportHeader" time="0.0" classname="com.desktopWeb.scripts.page.TC_82_Verify_Site_Sub_Page_Version_Approve">
    <skipped/>
  </testcase> <!-- @BeforeMethod reportHeader -->
  <testcase name="@BeforeMethod reportHeader" time="0.0" classname="com.desktopWeb.scripts.sprint1.TC_128_Verify_Project_Sub_Page_Version_Duplicate_Cm">
    <skipped/>
  </testcase> <!-- @BeforeMethod reportHeader -->
  <testcase name="@BeforeMethod reportHeader" time="0.0" classname="com.desktopWeb.scripts.page.TC_83_Design_Site_Sub_Page_Template">
    <skipped/>
  </testcase> <!-- @BeforeMethod reportHeader -->
  <testcase name="@BeforeMethod reportHeader" time="0.0" classname="com.desktopWeb.scripts.sprint1.TC_129_Verify_Project_Sub_Page_Delete_Cm">
    <skipped/>
  </testcase> <!-- @BeforeMethod reportHeader -->
  <testcase name="@BeforeMethod reportHeader" time="0.0" classname="com.desktopWeb.scripts.page.TC_84_Detail_Site_Sub_Page_Project">
    <skipped/>
  </testcase> <!-- @BeforeMethod reportHeader -->
  <testcase name="@BeforeMethod reportHeader" time="0.0" classname="com.desktopWeb.scripts.sprint1.TC_130_Design_Project_Sub_Page_Template_Cm">
    <skipped/>
  </testcase> <!-- @BeforeMethod reportHeader -->
  <testcase name="@BeforeMethod reportHeader" time="0.0" classname="com.desktopWeb.scripts.page.TC_85_Create_New_Project_Page_New_Project">
    <skipped/>
  </testcase> <!-- @BeforeMethod reportHeader -->
  <testcase name="@BeforeMethod reportHeader" time="0.0" classname="com.desktopWeb.scripts.sprint1.TC_131_SEO_Project_Sub_Page_Name_Cm">
    <skipped/>
  </testcase> <!-- @BeforeMethod reportHeader -->
  <testcase name="@BeforeMethod reportHeader" time="0.0" classname="com.desktopWeb.scripts.page.TC_86_Verify_Page_News_Page_Delete">
    <skipped/>
  </testcase> <!-- @BeforeMethod reportHeader -->
  <testcase name="@BeforeMethod reportHeader" time="0.0" classname="com.desktopWeb.scripts.sprint1.TC_132_Location_Project_Sub_Page_Location_Cm">
    <skipped/>
  </testcase> <!-- @BeforeMethod reportHeader -->
  <testcase name="@BeforeMethod reportHeader" time="0.0" classname="com.desktopWeb.scripts.page.TC_87_SEO_Page_News_Page_Name">
    <skipped/>
  </testcase> <!-- @BeforeMethod reportHeader -->
  <testcase name="@BeforeMethod reportHeader" time="0.0" classname="com.desktopWeb.scripts.sprint1.TC_133_Verify_Project_Sub_Page_Mobile_Preview_Cm">
    <skipped/>
  </testcase> <!-- @BeforeMethod reportHeader -->
  <testcase name="@BeforeMethod reportHeader" time="0.0" classname="com.desktopWeb.scripts.page.TC_88_Verify_Page_News_Page_Version_Duplicate">
    <skipped/>
  </testcase> <!-- @BeforeMethod reportHeader -->
  <testcase name="@BeforeMethod reportHeader" time="0.0" classname="com.desktopWeb.scripts.sprint1.TC_134_Verify_Project_Sub_Page_Version_Approve_Cm">
    <skipped/>
  </testcase> <!-- @BeforeMethod reportHeader -->
  <testcase name="@BeforeMethod reportHeader" time="0.0" classname="com.desktopWeb.scripts.page.TC_89_Verify_Page_News_Page_Mobile_Preview">
    <skipped/>
  </testcase> <!-- @BeforeMethod reportHeader -->
  <testcase name="@BeforeMethod reportHeader" time="0.0" classname="com.desktopWeb.scripts.sprint1.TC_135_Verify_Project_Sub_Page_Version_NewPage_Pa">
    <skipped/>
  </testcase> <!-- @BeforeMethod reportHeader -->
  <testcase name="@BeforeMethod reportHeader" time="0.0" classname="com.desktopWeb.scripts.page.TC_90_Design_Page_News_Page_Template">
    <skipped/>
  </testcase> <!-- @BeforeMethod reportHeader -->
  <testcase name="@BeforeMethod reportHeader" time="0.0" classname="com.desktopWeb.scripts.sprint1.TC_136_WCCP_450_Verify_View_Project_Pa">
    <skipped/>
  </testcase> <!-- @BeforeMethod reportHeader -->
  <testcase name="@BeforeMethod reportHeader" time="0.0" classname="com.desktopWeb.scripts.page.TC_91_Location_Page_News_Page_Location">
    <skipped/>
  </testcase> <!-- @BeforeMethod reportHeader -->
  <testcase name="@BeforeMethod reportHeader" time="0.0" classname="com.desktopWeb.scripts.sprint1.TC_137_Verify_Project_Sub_Page_Version_Duplicate_Pa">
    <skipped/>
  </testcase> <!-- @BeforeMethod reportHeader -->
  <testcase name="@BeforeMethod reportHeader" time="0.0" classname="com.desktopWeb.scripts.page.TC_92_Verify_Page_News_Page_Version_Approve">
    <skipped/>
  </testcase> <!-- @BeforeMethod reportHeader -->
  <testcase name="@BeforeMethod reportHeader" time="0.0" classname="com.desktopWeb.scripts.sprint1.TC_138_Verify_Project_Sub_Page_Delete_Pa">
    <skipped/>
  </testcase> <!-- @BeforeMethod reportHeader -->
  <testcase name="@BeforeMethod reportHeader" time="0.0" classname="com.desktopWeb.scripts.page.TC_93_Detail_Page_News_Page_Project">
    <skipped/>
  </testcase> <!-- @BeforeMethod reportHeader -->
  <testcase name="@BeforeMethod reportHeader" time="0.0" classname="com.desktopWeb.scripts.sprint1.TC_139_Design_Project_Sub_Page_Template_Pa">
    <skipped/>
  </testcase> <!-- @BeforeMethod reportHeader -->
  <testcase name="@BeforeMethod reportHeader" time="0.0" classname="com.desktopWeb.scripts.page.TC_94_Verify_Page_Sitemap_Links">
    <skipped/>
  </testcase> <!-- @BeforeMethod reportHeader -->
  <testcase name="@BeforeMethod reportHeader" time="0.0" classname="com.desktopWeb.scripts.sprint1.TC_140_SEO_Project_Sub_Page_Name_Pa">
    <skipped/>
  </testcase> <!-- @BeforeMethod reportHeader -->
  <testcase name="@BeforeMethod reportHeader" time="0.0" classname="com.desktopWeb.scripts.sprint1.TC_141_Location_Project_Sub_Page_Location_Pa">
    <skipped/>
  </testcase> <!-- @BeforeMethod reportHeader -->
  <testcase name="@BeforeMethod reportHeader" time="0.0" classname="com.desktopWeb.scripts.sprint1.TC_142_Verify_Project_Sub_Page_Mobile_Preview_Pa">
    <skipped/>
  </testcase> <!-- @BeforeMethod reportHeader -->
  <testcase name="@BeforeMethod reportHeader" time="0.0" classname="com.desktopWeb.scripts.sprint1.TC_143_Verify_Project_Sub_Page_Version_Approve_Pa">
    <skipped/>
  </testcase> <!-- @BeforeMethod reportHeader -->
  <testcase name="@BeforeMethod reportHeader" time="0.0" classname="com.desktopWeb.scripts.sprint1.TC_144_Detail_Project_Sub_Page_Project_Pa">
    <skipped/>
  </testcase> <!-- @BeforeMethod reportHeader -->
  <testcase name="@BeforeMethod reportHeader" time="0.0" classname="com.desktopWeb.scripts.sprint1.TC_145_Detail_Page_News_Page_Project_En">
    <skipped/>
  </testcase> <!-- @BeforeMethod reportHeader -->
  <testcase name="@BeforeMethod reportHeader" time="0.0" classname="com.desktopWeb.scripts.sprint1.TC_146_Verify_Page_News_Page_Delete_En">
    <skipped/>
  </testcase> <!-- @BeforeMethod reportHeader -->
  <testcase name="@BeforeMethod reportHeader" time="0.0" classname="com.desktopWeb.scripts.sprint1.TC_147_SEO_Page_News_Page_Name_En">
    <skipped/>
  </testcase> <!-- @BeforeMethod reportHeader -->
  <testcase name="@BeforeMethod reportHeader" time="0.0" classname="com.desktopWeb.scripts.sprint1.TC_148_Verify_Page_News_Page_Version_Duplicate_En">
    <skipped/>
  </testcase> <!-- @BeforeMethod reportHeader -->
  <testcase name="@BeforeMethod reportHeader" time="0.0" classname="com.desktopWeb.scripts.sprint1.TC_149_Verify_Page_News_Page_Mobile_Preview_En">
    <skipped/>
  </testcase> <!-- @BeforeMethod reportHeader -->
  <testcase name="@BeforeMethod reportHeader" time="0.0" classname="com.desktopWeb.scripts.sprint1.TC_150_Design_Page_News_Page_Template_En">
    <skipped/>
  </testcase> <!-- @BeforeMethod reportHeader -->
  <testcase name="@BeforeMethod reportHeader" time="0.0" classname="com.desktopWeb.scripts.sprint1.TC_151_Location_Page_News_Page_Location_En">
    <skipped/>
  </testcase> <!-- @BeforeMethod reportHeader -->
  <testcase name="@BeforeMethod reportHeader" time="0.0" classname="com.desktopWeb.scripts.sprint1.TC_152_Verify_Page_News_Page_Version_Approve_En">
    <skipped/>
  </testcase> <!-- @BeforeMethod reportHeader -->
  <testcase name="@BeforeMethod reportHeader" time="0.0" classname="com.desktopWeb.scripts.sprint1.TC_153_Verify_Page_News_Page_Version_NewPage_En">
    <skipped/>
  </testcase> <!-- @BeforeMethod reportHeader -->
  <testcase name="@BeforeMethod reportHeader" time="0.0" classname="com.desktopWeb.scripts.sprint1.TC_154_Verify_Page_News_Page_Version_Duplicate_Cm">
    <skipped/>
  </testcase> <!-- @BeforeMethod reportHeader -->
  <testcase name="@BeforeMethod reportHeader" time="0.0" classname="com.desktopWeb.scripts.sprint1.TC_155_Verify_Page_News_Page_Mobile_Preview_Cm">
    <skipped/>
  </testcase> <!-- @BeforeMethod reportHeader -->
  <testcase name="@BeforeMethod reportHeader" time="0.0" classname="com.desktopWeb.scripts.sprint1.TC_156_Design_Page_News_Page_Template_Cm">
    <skipped/>
  </testcase> <!-- @BeforeMethod reportHeader -->
  <testcase name="@BeforeMethod reportHeader" time="0.0" classname="com.desktopWeb.scripts.sprint1.TC_157_Verify_Page_News_Page_Version_Approve_Cm">
    <skipped/>
  </testcase> <!-- @BeforeMethod reportHeader -->
  <testcase name="@BeforeMethod reportHeader" time="0.0" classname="com.desktopWeb.scripts.sprint1.TC_158_Location_Page_News_Page_Location_Cm">
    <skipped/>
  </testcase> <!-- @BeforeMethod reportHeader -->
  <testcase name="@BeforeMethod reportHeader" time="0.0" classname="com.desktopWeb.scripts.sprint1.TC_159_Detail_Page_News_Page_Project_Cm">
    <skipped/>
  </testcase> <!-- @BeforeMethod reportHeader -->
  <testcase name="@BeforeMethod reportHeader" time="0.0" classname="com.desktopWeb.scripts.sprint1.TC_160_Verify_Page_News_Page_Version_NewPage_Cm">
    <skipped/>
  </testcase> <!-- @BeforeMethod reportHeader -->
  <testcase name="@BeforeMethod reportHeader" time="0.0" classname="com.desktopWeb.scripts.sprint1.TC_161_Verify_Project_Sub_Page_Delete_Cm">
    <skipped/>
  </testcase> <!-- @BeforeMethod reportHeader -->
  <testcase name="@BeforeMethod reportHeader" time="0.0" classname="com.desktopWeb.scripts.sprint1.TC_162_Verify_Page_News_Page_Version_Duplicate_Pa">
    <skipped/>
  </testcase> <!-- @BeforeMethod reportHeader -->
  <testcase name="@BeforeMethod reportHeader" time="0.0" classname="com.desktopWeb.scripts.sprint1.TC_163_Verify_Page_News_Page_Mobile_Preview_Pa">
    <skipped/>
  </testcase> <!-- @BeforeMethod reportHeader -->
  <testcase name="@BeforeMethod reportHeader" time="0.0" classname="com.desktopWeb.scripts.sprint1.TC_164_Verify_Page_News_Page_Version_Approve_Pa">
    <skipped/>
  </testcase> <!-- @BeforeMethod reportHeader -->
  <testcase name="@BeforeMethod reportHeader" time="0.0" classname="com.desktopWeb.scripts.sprint1.TC_165_Location_Page_News_Page_Location_Pa">
    <skipped/>
  </testcase> <!-- @BeforeMethod reportHeader -->
  <testcase name="@BeforeMethod reportHeader" time="0.0" classname="com.desktopWeb.scripts.sprint1.TC_166_Design_Page_News_Page_Template_Pa">
    <skipped/>
  </testcase> <!-- @BeforeMethod reportHeader -->
  <testcase name="@BeforeMethod reportHeader" time="0.0" classname="com.desktopWeb.scripts.sprint1.TC_167_Verify_Page_News_Page_Version_NewPage_Pa">
    <skipped/>
  </testcase> <!-- @BeforeMethod reportHeader -->
  <testcase name="@BeforeMethod reportHeader" time="0.0" classname="com.desktopWeb.scripts.sprint1.TC_168_Verify_Project_Sub_Page_Delete_Pa">
    <skipped/>
  </testcase> <!-- @BeforeMethod reportHeader -->
  <testcase name="@BeforeMethod reportHeader" time="0.0" classname="com.desktopWeb.scripts.sprint1.TC_169_Detail_Page_News_Page_Project_Pa">
    <skipped/>
  </testcase> <!-- @BeforeMethod reportHeader -->
  <testcase name="TC170_Detail_Project_Dashboard_Project_En" time="213.446" classname="com.desktopWeb.scripts.sprint2.TC_170_Detail_Project_Dashboard_Project_En"/>
  <testcase name="TC114_WCCP_451_Verify_View_Edit_Draft_Page" time="132.334" classname="com.desktopWeb.scripts.sprint1.TC_114_WCCP_451_Verify_View_Edit_Draft_Page"/>
  <testcase name="TC69_Detail_Project_Sub_Page_Project" time="149.215" classname="com.desktopWeb.scripts.page.TC_69_Detail_Project_Sub_Page_Project"/>
  <testcase name="TC51_Verify_Authoring_Setting_Options" time="52.04" classname="com.desktopWeb.scripts.setting.TC_51_Verify_Authoring_Setting_Options"/>
  <testcase name="TC52_Detail_Update_Project" time="100.6" classname="com.desktopWeb.scripts.addUpdate.TC_52_Detail_Update_Project"/>
  <testcase name="TC171_Detail_Project_Dashboard_Project_Cm" time="61.932" classname="com.desktopWeb.scripts.sprint2.TC_171_Detail_Project_Dashboard_Project_Cm"/>
  <testcase name="TC115_WCCP_450_Verify_View_Project_CM" time="120.69" classname="com.desktopWeb.scripts.sprint1.TC_115_WCCP_450_Verify_View_Project_CM"/>
  <testcase name="TC70_Design_Project_Sub_Page_Template" time="162.414" classname="com.desktopWeb.scripts.page.TC_70_Design_Project_Sub_Page_Template"/>
  <testcase name="TC52_Detail_Update_Project_Desc" time="255.64" classname="com.desktopWeb.scripts.setting.TC_57_Detail_Setting_Project_Desc">
    <failure type="java.lang.AssertionError" message="Step TC52_Detail_Update_Project_Desc Failed with description Failed expected [true] but found [false]">
      <![CDATA[java.lang.AssertionError: Step TC52_Detail_Update_Project_Desc Failed with description Failed expected [true] but found [false]
	at org.testng.Assert.fail(Assert.java:94)
	at org.testng.Assert.failNotEquals(Assert.java:494)
	at org.testng.Assert.assertTrue(Assert.java:42)
	at com.ctaf.support.HtmlReportSupport.onFailure(HtmlReportSupport.java:778)
	at com.ctaf.utilities.Reporter.failureReport(Reporter.java:91)
	at com.desktopWeb.scripts.setting.TC_57_Detail_Setting_Project_Desc.TC52_Detail_Update_Project_Desc(TC_57_Detail_Setting_Project_Desc.java:33)
	at sun.reflect.NativeMethodAccessorImpl.invoke0(Native Method)
	at sun.reflect.NativeMethodAccessorImpl.invoke(NativeMethodAccessorImpl.java:62)
	at sun.reflect.DelegatingMethodAccessorImpl.invoke(DelegatingMethodAccessorImpl.java:43)
	at java.lang.reflect.Method.invoke(Method.java:498)
	at org.testng.internal.MethodInvocationHelper.invokeMethod(MethodInvocationHelper.java:80)
	at org.testng.internal.Invoker.invokeMethod(Invoker.java:714)
	at org.testng.internal.Invoker.invokeTestMethod(Invoker.java:901)
	at org.testng.internal.Invoker.invokeTestMethods(Invoker.java:1231)
	at org.testng.internal.TestMethodWorker.invokeTestMethods(TestMethodWorker.java:127)
	at org.testng.internal.TestMethodWorker.run(TestMethodWorker.java:111)
	at org.testng.TestRunner.privateRun(TestRunner.java:767)
	at org.testng.TestRunner.run(TestRunner.java:617)
	at org.testng.SuiteRunner.runTest(SuiteRunner.java:334)
	at org.testng.SuiteRunner.runSequentially(SuiteRunner.java:329)
	at org.testng.SuiteRunner.privateRun(SuiteRunner.java:291)
	at org.testng.SuiteRunner.run(SuiteRunner.java:240)
	at org.testng.SuiteRunnerWorker.runSuite(SuiteRunnerWorker.java:52)
	at org.testng.SuiteRunnerWorker.run(SuiteRunnerWorker.java:86)
	at org.testng.TestNG.runSuitesSequentially(TestNG.java:1198)
	at org.testng.TestNG.runSuitesLocally(TestNG.java:1123)
	at org.testng.TestNG.run(TestNG.java:1031)
	at org.testng.remote.AbstractRemoteTestNG.run(AbstractRemoteTestNG.java:132)
	at org.testng.remote.RemoteTestNG.initAndRun(RemoteTestNG.java:236)
	at org.testng.remote.RemoteTestNG.main(RemoteTestNG.java:81)
]]>
    </failure>
  </testcase> <!-- TC52_Detail_Update_Project_Desc -->
  <testcase name="TC53_Design_Update_Template" time="120.732" classname="com.desktopWeb.scripts.addUpdate.TC_53_Design_Update_Template"/>
  <testcase name="TC172_Detail_Project_Dashboard_Project_Pa" time="243.395" classname="com.desktopWeb.scripts.sprint2.TC_172_Detail_Project_Dashboard_Project_Pa">
    <failure type="java.lang.AssertionError" message="Step TC172_Detail_Project_Dashboard_Project_Pa Failed with description Failed expected [true] but found [false]">
      <![CDATA[java.lang.AssertionError: Step TC172_Detail_Project_Dashboard_Project_Pa Failed with description Failed expected [true] but found [false]
	at org.testng.Assert.fail(Assert.java:94)
	at org.testng.Assert.failNotEquals(Assert.java:494)
	at org.testng.Assert.assertTrue(Assert.java:42)
	at com.ctaf.support.HtmlReportSupport.onFailure(HtmlReportSupport.java:778)
	at com.ctaf.utilities.Reporter.failureReport(Reporter.java:91)
	at com.desktopWeb.scripts.sprint2.TC_172_Detail_Project_Dashboard_Project_Pa.TC172_Detail_Project_Dashboard_Project_Pa(TC_172_Detail_Project_Dashboard_Project_Pa.java:32)
	at sun.reflect.NativeMethodAccessorImpl.invoke0(Native Method)
	at sun.reflect.NativeMethodAccessorImpl.invoke(NativeMethodAccessorImpl.java:62)
	at sun.reflect.DelegatingMethodAccessorImpl.invoke(DelegatingMethodAccessorImpl.java:43)
	at java.lang.reflect.Method.invoke(Method.java:498)
	at org.testng.internal.MethodInvocationHelper.invokeMethod(MethodInvocationHelper.java:80)
	at org.testng.internal.Invoker.invokeMethod(Invoker.java:714)
	at org.testng.internal.Invoker.invokeTestMethod(Invoker.java:901)
	at org.testng.internal.Invoker.invokeTestMethods(Invoker.java:1231)
	at org.testng.internal.TestMethodWorker.invokeTestMethods(TestMethodWorker.java:127)
	at org.testng.internal.TestMethodWorker.run(TestMethodWorker.java:111)
	at org.testng.TestRunner.privateRun(TestRunner.java:767)
	at org.testng.TestRunner.run(TestRunner.java:617)
	at org.testng.SuiteRunner.runTest(SuiteRunner.java:334)
	at org.testng.SuiteRunner.runSequentially(SuiteRunner.java:329)
	at org.testng.SuiteRunner.privateRun(SuiteRunner.java:291)
	at org.testng.SuiteRunner.run(SuiteRunner.java:240)
	at org.testng.SuiteRunnerWorker.runSuite(SuiteRunnerWorker.java:52)
	at org.testng.SuiteRunnerWorker.run(SuiteRunnerWorker.java:86)
	at org.testng.TestNG.runSuitesSequentially(TestNG.java:1198)
	at org.testng.TestNG.runSuitesLocally(TestNG.java:1123)
	at org.testng.TestNG.run(TestNG.java:1031)
	at org.testng.remote.AbstractRemoteTestNG.run(AbstractRemoteTestNG.java:132)
	at org.testng.remote.RemoteTestNG.initAndRun(RemoteTestNG.java:236)
	at org.testng.remote.RemoteTestNG.main(RemoteTestNG.java:81)
]]>
    </failure>
  </testcase> <!-- TC172_Detail_Project_Dashboard_Project_Pa -->
  <testcase name="TC116_WCCP_446_Verify_PM_Dept_Agency_Permission_To_En_Manager" time="68.827" classname="com.desktopWeb.scripts.sprint1.TC_116_WCCP_446_Verify_PM_Dept_Agency_Permission_To_En_Manager"/>
  <testcase name="TC71_SEO_Project_Sub_Page_Name" time="152.304" classname="com.desktopWeb.scripts.page.TC_71_SEO_Project_Sub_Page_Name"/>
  <testcase name="TC54_SEO_Update_Name" time="88.455" classname="com.desktopWeb.scripts.setting.TC_58_SEO_Setting_Name"/>
  <testcase name="TC54_SEO_Update_Name" time="99.463" classname="com.desktopWeb.scripts.addUpdate.TC_54_SEO_Update_Name"/>
  <testcase name="TC173_Detail_Project_Dashboard_Project_SiteAdmin" time="273.183" classname="com.desktopWeb.scripts.sprint2.TC_173_Detail_Project_Dashboard_Project_SiteAdmin">
    <failure type="java.lang.AssertionError" message="Step TC173_Detail_Project_Dashboard_Project_SiteAdmin Failed with description Failed expected [true] but found [false]">
      <![CDATA[java.lang.AssertionError: Step TC173_Detail_Project_Dashboard_Project_SiteAdmin Failed with description Failed expected [true] but found [false]
	at org.testng.Assert.fail(Assert.java:94)
	at org.testng.Assert.failNotEquals(Assert.java:494)
	at org.testng.Assert.assertTrue(Assert.java:42)
	at com.ctaf.support.HtmlReportSupport.onFailure(HtmlReportSupport.java:778)
	at com.ctaf.utilities.Reporter.failureReport(Reporter.java:91)
	at com.desktopWeb.scripts.sprint2.TC_173_Detail_Project_Dashboard_Project_SiteAdmin.TC173_Detail_Project_Dashboard_Project_SiteAdmin(TC_173_Detail_Project_Dashboard_Project_SiteAdmin.java:32)
	at sun.reflect.NativeMethodAccessorImpl.invoke0(Native Method)
	at sun.reflect.NativeMethodAccessorImpl.invoke(NativeMethodAccessorImpl.java:62)
	at sun.reflect.DelegatingMethodAccessorImpl.invoke(DelegatingMethodAccessorImpl.java:43)
	at java.lang.reflect.Method.invoke(Method.java:498)
	at org.testng.internal.MethodInvocationHelper.invokeMethod(MethodInvocationHelper.java:80)
	at org.testng.internal.Invoker.invokeMethod(Invoker.java:714)
	at org.testng.internal.Invoker.invokeTestMethod(Invoker.java:901)
	at org.testng.internal.Invoker.invokeTestMethods(Invoker.java:1231)
	at org.testng.internal.TestMethodWorker.invokeTestMethods(TestMethodWorker.java:127)
	at org.testng.internal.TestMethodWorker.run(TestMethodWorker.java:111)
	at org.testng.TestRunner.privateRun(TestRunner.java:767)
	at org.testng.TestRunner.run(TestRunner.java:617)
	at org.testng.SuiteRunner.runTest(SuiteRunner.java:334)
	at org.testng.SuiteRunner.runSequentially(SuiteRunner.java:329)
	at org.testng.SuiteRunner.privateRun(SuiteRunner.java:291)
	at org.testng.SuiteRunner.run(SuiteRunner.java:240)
	at org.testng.SuiteRunnerWorker.runSuite(SuiteRunnerWorker.java:52)
	at org.testng.SuiteRunnerWorker.run(SuiteRunnerWorker.java:86)
	at org.testng.TestNG.runSuitesSequentially(TestNG.java:1198)
	at org.testng.TestNG.runSuitesLocally(TestNG.java:1123)
	at org.testng.TestNG.run(TestNG.java:1031)
	at org.testng.remote.AbstractRemoteTestNG.run(AbstractRemoteTestNG.java:132)
	at org.testng.remote.RemoteTestNG.initAndRun(RemoteTestNG.java:236)
	at org.testng.remote.RemoteTestNG.main(RemoteTestNG.java:81)
]]>
    </failure>
  </testcase> <!-- TC173_Detail_Project_Dashboard_Project_SiteAdmin -->
  <testcase name="TC117_Detail_Project_Sub_Page_Project_En" time="93.384" classname="com.desktopWeb.scripts.sprint1.TC_117_Detail_Project_Sub_Page_Project_En"/>
  <testcase name="TC72_Location_Page_Location" time="184.198" classname="com.desktopWeb.scripts.page.TC_72_Location_Project_Sub_Page_Location"/>
  <testcase name="TC53_Design_Update_Template" time="99.884" classname="com.desktopWeb.scripts.setting.TC_59_Design_Setting_Template"/>
  <testcase name="TC55_Location_Update_Location" time="144.644" classname="com.desktopWeb.scripts.addUpdate.TC_55_Location_Update_Location"/>
  <testcase name="TC174_Verify_Field_Enable_ToEdit_Dashoard_Project_En" time="115.384" classname="com.desktopWeb.scripts.sprint2.TC_174_Verify_Field_Enable_ToEdit_Dashoard_Project_En">
    <failure type="java.lang.AssertionError" message="Step IsEnabled  Failed with description Project Type is not Enabled expected [true] but found [false]">
      <![CDATA[java.lang.AssertionError: Step IsEnabled  Failed with description Project Type is not Enabled expected [true] but found [false]
	at org.testng.Assert.fail(Assert.java:94)
	at org.testng.Assert.failNotEquals(Assert.java:494)
	at org.testng.Assert.assertTrue(Assert.java:42)
	at com.ctaf.support.HtmlReportSupport.onFailure(HtmlReportSupport.java:778)
	at com.ctaf.utilities.Reporter.failureReport(Reporter.java:91)
	at com.ctaf.accelerators.ActionEngine.isEnabled(ActionEngine.java:1161)
	at com.desktopWeb.workflows.HelperClass.VerifyFieldsEnableToEditOnProjectPage(HelperClass.java:2330)
	at com.desktopWeb.scripts.sprint2.TC_174_Verify_Field_Enable_ToEdit_Dashoard_Project_En.TC174_Verify_Field_Enable_ToEdit_Dashoard_Project_En(TC_174_Verify_Field_Enable_ToEdit_Dashoard_Project_En.java:26)
	at sun.reflect.NativeMethodAccessorImpl.invoke0(Native Method)
	at sun.reflect.NativeMethodAccessorImpl.invoke(NativeMethodAccessorImpl.java:62)
	at sun.reflect.DelegatingMethodAccessorImpl.invoke(DelegatingMethodAccessorImpl.java:43)
	at java.lang.reflect.Method.invoke(Method.java:498)
	at org.testng.internal.MethodInvocationHelper.invokeMethod(MethodInvocationHelper.java:80)
	at org.testng.internal.Invoker.invokeMethod(Invoker.java:714)
	at org.testng.internal.Invoker.invokeTestMethod(Invoker.java:901)
	at org.testng.internal.Invoker.invokeTestMethods(Invoker.java:1231)
	at org.testng.internal.TestMethodWorker.invokeTestMethods(TestMethodWorker.java:127)
	at org.testng.internal.TestMethodWorker.run(TestMethodWorker.java:111)
	at org.testng.TestRunner.privateRun(TestRunner.java:767)
	at org.testng.TestRunner.run(TestRunner.java:617)
	at org.testng.SuiteRunner.runTest(SuiteRunner.java:334)
	at org.testng.SuiteRunner.runSequentially(SuiteRunner.java:329)
	at org.testng.SuiteRunner.privateRun(SuiteRunner.java:291)
	at org.testng.SuiteRunner.run(SuiteRunner.java:240)
	at org.testng.SuiteRunnerWorker.runSuite(SuiteRunnerWorker.java:52)
	at org.testng.SuiteRunnerWorker.run(SuiteRunnerWorker.java:86)
	at org.testng.TestNG.runSuitesSequentially(TestNG.java:1198)
	at org.testng.TestNG.runSuitesLocally(TestNG.java:1123)
	at org.testng.TestNG.run(TestNG.java:1031)
	at org.testng.remote.AbstractRemoteTestNG.run(AbstractRemoteTestNG.java:132)
	at org.testng.remote.RemoteTestNG.initAndRun(RemoteTestNG.java:236)
	at org.testng.remote.RemoteTestNG.main(RemoteTestNG.java:81)
]]>
    </failure>
  </testcase> <!-- TC174_Verify_Field_Enable_ToEdit_Dashoard_Project_En -->
  <testcase name="TC118_Design_Project_Sub_Page_Template_en" time="108.387" classname="com.desktopWeb.scripts.sprint1.TC_118_Design_Project_Sub_Page_Template_En"/>
  <testcase name="TC73_Verify_Project_Sub_Page_Version_Approve" time="108.659" classname="com.desktopWeb.scripts.page.TC_73_Verify_Project_Sub_Page_Version_Approve"/>
  <testcase name="TC55_Location_Update_Location" time="132.977" classname="com.desktopWeb.scripts.setting.TC_60_Location_Setting_Location"/>
  <testcase name="TC56_Verify_Mobile_Preview" time="223.968" classname="com.desktopWeb.scripts.addUpdate.TC_56_Verify_Update_Mobile_Preview"/>
  <testcase name="TC175_Verify_Field_Enable_ToEdit_Dashoard_Project_Cm" time="88.082" classname="com.desktopWeb.scripts.sprint2.TC_175_Verify_Field_Enable_ToEdit_Dashoard_Project_Cm"/>
  <testcase name="TC119_SEO_Project_Sub_Page_Name_En" time="127.412" classname="com.desktopWeb.scripts.sprint1.TC_119_SEO_Project_Sub_Page_Name_En"/>
  <testcase name="TC74_Verify_Project_Sub_Page_Version_Duplicate" time="114.694" classname="com.desktopWeb.scripts.page.TC_74_Verify_Project_Sub_Page_Version_Duplicate"/>
  <testcase name="TC56_Verify_Mobile_Preview" time="93.393" classname="com.desktopWeb.scripts.setting.TC_61_Verify_Setting_Mobile_Preview"/>
  <testcase name="TC63_Verify_Update_Delete" time="76.798" classname="com.desktopWeb.scripts.addUpdate.TC_63_Verify_Update_Delete"/>
  <testcase name="TC176_Verify_Field_Enable_ToEdit_Dashoard_Project_Pa" time="69.347" classname="com.desktopWeb.scripts.sprint2.TC_176_Verify_Field_Enable_ToEdit_Dashoard_Project_Pa"/>
  <testcase name="TC120_Location_Project_Sub_Page_Location_En" time="120.096" classname="com.desktopWeb.scripts.sprint1.TC_120_Location_Project_Sub_Page_Location_En"/>
  <testcase name="TC75_Verify_Project_Sub_Page_Mobile_Preview" time="136.68" classname="com.desktopWeb.scripts.page.TC_75_Verify_Project_Sub_Page_Mobile_Preview"/>
  <testcase name="TC62_Verify_Setting_Delete" time="59.99" classname="com.desktopWeb.scripts.setting.TC_62_Verify_Setting_Delete"/>
  <testcase name="TC64_Verify_Update_Version_Approve" time="82.429" classname="com.desktopWeb.scripts.addUpdate.TC_64_Verify_Update_Version_Approve"/>
  <testcase name="TC177_Verify_Field_Enable_ToEdit_Dashoard_Project_SiteAdmin" time="89.744" classname="com.desktopWeb.scripts.sprint2.TC_177_Verify_Field_Enable_ToEdit_Dashoard_Project_SiteAdmin"/>
  <testcase name="TC121_Verify_Project_Sub_Page_Version_Duplicate_En" time="112.357" classname="com.desktopWeb.scripts.sprint1.TC_121_Verify_Project_Sub_Page_Version_Duplicate_En"/>
  <testcase name="TC76_Verify_Project_Sub_Page_Delete" time="98.412" classname="com.desktopWeb.scripts.page.TC_76_Verify_Project_Sub_Page_Delete"/>
  <testcase name="TC65_Verify_Setting_Version_Approve" time="265.25" classname="com.desktopWeb.scripts.setting.TC_65_Verify_Setting_Version_Approve">
    <failure type="java.lang.AssertionError" message="Step TC65_Verify_Setting_Version_Approve Failed with description Failed expected [true] but found [false]">
      <![CDATA[java.lang.AssertionError: Step TC65_Verify_Setting_Version_Approve Failed with description Failed expected [true] but found [false]
	at org.testng.Assert.fail(Assert.java:94)
	at org.testng.Assert.failNotEquals(Assert.java:494)
	at org.testng.Assert.assertTrue(Assert.java:42)
	at com.ctaf.support.HtmlReportSupport.onFailure(HtmlReportSupport.java:778)
	at com.ctaf.utilities.Reporter.failureReport(Reporter.java:91)
	at com.desktopWeb.scripts.setting.TC_65_Verify_Setting_Version_Approve.TC65_Verify_Setting_Version_Approve(TC_65_Verify_Setting_Version_Approve.java:29)
	at sun.reflect.NativeMethodAccessorImpl.invoke0(Native Method)
	at sun.reflect.NativeMethodAccessorImpl.invoke(NativeMethodAccessorImpl.java:62)
	at sun.reflect.DelegatingMethodAccessorImpl.invoke(DelegatingMethodAccessorImpl.java:43)
	at java.lang.reflect.Method.invoke(Method.java:498)
	at org.testng.internal.MethodInvocationHelper.invokeMethod(MethodInvocationHelper.java:80)
	at org.testng.internal.Invoker.invokeMethod(Invoker.java:714)
	at org.testng.internal.Invoker.invokeTestMethod(Invoker.java:901)
	at org.testng.internal.Invoker.invokeTestMethods(Invoker.java:1231)
	at org.testng.internal.TestMethodWorker.invokeTestMethods(TestMethodWorker.java:127)
	at org.testng.internal.TestMethodWorker.run(TestMethodWorker.java:111)
	at org.testng.TestRunner.privateRun(TestRunner.java:767)
	at org.testng.TestRunner.run(TestRunner.java:617)
	at org.testng.SuiteRunner.runTest(SuiteRunner.java:334)
	at org.testng.SuiteRunner.runSequentially(SuiteRunner.java:329)
	at org.testng.SuiteRunner.privateRun(SuiteRunner.java:291)
	at org.testng.SuiteRunner.run(SuiteRunner.java:240)
	at org.testng.SuiteRunnerWorker.runSuite(SuiteRunnerWorker.java:52)
	at org.testng.SuiteRunnerWorker.run(SuiteRunnerWorker.java:86)
	at org.testng.TestNG.runSuitesSequentially(TestNG.java:1198)
	at org.testng.TestNG.runSuitesLocally(TestNG.java:1123)
	at org.testng.TestNG.run(TestNG.java:1031)
	at org.testng.remote.AbstractRemoteTestNG.run(AbstractRemoteTestNG.java:132)
	at org.testng.remote.RemoteTestNG.initAndRun(RemoteTestNG.java:236)
	at org.testng.remote.RemoteTestNG.main(RemoteTestNG.java:81)
]]>
    </failure>
  </testcase> <!-- TC65_Verify_Setting_Version_Approve -->
  <testcase name="TC67_Verify_Update_Version_Duplicate" time="0.002" classname="com.desktopWeb.scripts.addUpdate.TC_67_Verify_Update_Version_Duplicate">
    <skipped/>
  </testcase> <!-- TC67_Verify_Update_Version_Duplicate -->
  <testcase name="TC178_WCCP_418_1" time="0.001" classname="com.desktopWeb.scripts.sprint2.TC_178_WCCP_418_1">
    <skipped/>
  </testcase> <!-- TC178_WCCP_418_1 -->
  <testcase name="TC122_Verify_Project_Sub_Page_Version_NewPage_En" time="0.005" classname="com.desktopWeb.scripts.sprint1.TC_122_Verify_Project_Sub_Page_Version_NewPage_En">
    <skipped/>
  </testcase> <!-- TC122_Verify_Project_Sub_Page_Version_NewPage_En -->
  <testcase name="TC77_SEO_Site_Sub_Page_Name" time="0.001" classname="com.desktopWeb.scripts.page.TC_77_SEO_Site_Sub_Page_Name">
    <skipped/>
  </testcase> <!-- TC77_SEO_Site_Sub_Page_Name -->
  <testcase name="TC66_Verify_Setting_Version_Duplicate" time="0.001" classname="com.desktopWeb.scripts.setting.TC_66_Verify_Setting_Version_Duplicate">
    <skipped/>
  </testcase> <!-- TC66_Verify_Setting_Version_Duplicate -->
  <testcase name="TC68_Verify_Authoring_Update_Options" time="0.001" classname="com.desktopWeb.scripts.addUpdate.TC_68_Verify_Authoring_Update_Options">
    <skipped/>
  </testcase> <!-- TC68_Verify_Authoring_Update_Options -->
  <testcase name="TC179_WCCP_418_2" time="0.001" classname="com.desktopWeb.scripts.sprint2.TC_179_WCCP_418_2">
    <skipped/>
  </testcase> <!-- TC179_WCCP_418_2 -->
  <testcase name="TC123_Verify_Project_Sub_Page_Mobile_Preview_En" time="0.002" classname="com.desktopWeb.scripts.sprint1.TC_123_Verify_Project_Sub_Page_Mobile_Preview_En">
    <skipped/>
  </testcase> <!-- TC123_Verify_Project_Sub_Page_Mobile_Preview_En -->
  <testcase name="TC78_Verify_Site_Sub_Page_Version_Duplicate" time="0.003" classname="com.desktopWeb.scripts.page.TC_78_Verify_Site_Sub_Page_Version_Duplicate">
    <skipped/>
  </testcase> <!-- TC78_Verify_Site_Sub_Page_Version_Duplicate -->
  <testcase name="TC180_WCCP_417_414" time="0.001" classname="com.desktopWeb.scripts.sprint2.TC_180_WCCP_417_1">
    <skipped/>
  </testcase> <!-- TC180_WCCP_417_414 -->
  <testcase name="TC124_Verify_Project_Sub_Page_Delete_En" time="0.001" classname="com.desktopWeb.scripts.sprint1.TC_124_Verify_Project_Sub_Page_Delete_En">
    <skipped/>
  </testcase> <!-- TC124_Verify_Project_Sub_Page_Delete_En -->
  <testcase name="TC79_Location_Site_Sub_Page_Location" time="0.001" classname="com.desktopWeb.scripts.page.TC_79_Location_Site_Sub_Page_Location">
    <skipped/>
  </testcase> <!-- TC79_Location_Site_Sub_Page_Location -->
  <testcase name="TC125_WCCP_450_Verify_View_Project_En" time="0.001" classname="com.desktopWeb.scripts.sprint1.TC_125_WCCP_450_Verify_View_Project_En">
    <skipped/>
  </testcase> <!-- TC125_WCCP_450_Verify_View_Project_En -->
  <testcase name="TC80_Verify_Site_Sub_Page_Mobile_Preview" time="0.001" classname="com.desktopWeb.scripts.page.TC_80_Verify_Site_Sub_Page_Mobile_Preview">
    <skipped/>
  </testcase> <!-- TC80_Verify_Site_Sub_Page_Mobile_Preview -->
  <testcase name="TC126_Verify_Project_Sub_Page_Version_NewPage_Cm" time="0.001" classname="com.desktopWeb.scripts.sprint1.TC_126_Verify_Project_Sub_Page_Version_NewPage_Cm">
    <skipped/>
  </testcase> <!-- TC126_Verify_Project_Sub_Page_Version_NewPage_Cm -->
  <testcase name="TC81_Verify_Site_Sub_Page_Delete" time="0.008" classname="com.desktopWeb.scripts.page.TC_81_Verify_Site_Sub_Page_Delete">
    <skipped/>
  </testcase> <!-- TC81_Verify_Site_Sub_Page_Delete -->
  <testcase name="TC127_Detail_Project_Sub_Page_Project_Cm" time="0.004" classname="com.desktopWeb.scripts.sprint1.TC_127_Detail_Project_Sub_Page_Project_Cm">
    <skipped/>
  </testcase> <!-- TC127_Detail_Project_Sub_Page_Project_Cm -->
  <testcase name="TC82_Verify_Site_Sub_Page_Version_Approve" time="0.001" classname="com.desktopWeb.scripts.page.TC_82_Verify_Site_Sub_Page_Version_Approve">
    <skipped/>
  </testcase> <!-- TC82_Verify_Site_Sub_Page_Version_Approve -->
  <testcase name="TC128_Verify_Project_Sub_Page_Version_Duplicate_Cm" time="0.001" classname="com.desktopWeb.scripts.sprint1.TC_128_Verify_Project_Sub_Page_Version_Duplicate_Cm">
    <skipped/>
  </testcase> <!-- TC128_Verify_Project_Sub_Page_Version_Duplicate_Cm -->
  <testcase name="TC83_Design_Site_Sub_Page_Template" time="0.013" classname="com.desktopWeb.scripts.page.TC_83_Design_Site_Sub_Page_Template">
    <skipped/>
  </testcase> <!-- TC83_Design_Site_Sub_Page_Template -->
  <testcase name="TC129_Verify_Project_Sub_Page_Delete_Cm" time="0.003" classname="com.desktopWeb.scripts.sprint1.TC_129_Verify_Project_Sub_Page_Delete_Cm">
    <skipped/>
  </testcase> <!-- TC129_Verify_Project_Sub_Page_Delete_Cm -->
  <testcase name="TC84_Detail_Site_Sub_Page_Project" time="0.001" classname="com.desktopWeb.scripts.page.TC_84_Detail_Site_Sub_Page_Project">
    <skipped/>
  </testcase> <!-- TC84_Detail_Site_Sub_Page_Project -->
  <testcase name="TC130_Design_Project_Sub_Page_Template_Cm" time="0.002" classname="com.desktopWeb.scripts.sprint1.TC_130_Design_Project_Sub_Page_Template_Cm">
    <skipped/>
  </testcase> <!-- TC130_Design_Project_Sub_Page_Template_Cm -->
  <testcase name="TC84_Detail_Site_Sub_Page_Project" time="0.001" classname="com.desktopWeb.scripts.page.TC_85_Create_New_Project_Page_New_Project">
    <skipped/>
  </testcase> <!-- TC84_Detail_Site_Sub_Page_Project -->
  <testcase name="TC131_SEO_Project_Sub_Page_Name_Cm" time="0.001" classname="com.desktopWeb.scripts.sprint1.TC_131_SEO_Project_Sub_Page_Name_Cm">
    <skipped/>
  </testcase> <!-- TC131_SEO_Project_Sub_Page_Name_Cm -->
  <testcase name="TC86_Verify_Page_News_Page_Delete" time="0.0" classname="com.desktopWeb.scripts.page.TC_86_Verify_Page_News_Page_Delete">
    <skipped/>
  </testcase> <!-- TC86_Verify_Page_News_Page_Delete -->
  <testcase name="TC132_Location_Project_Sub_Page_Location_Cm" time="0.002" classname="com.desktopWeb.scripts.sprint1.TC_132_Location_Project_Sub_Page_Location_Cm">
    <skipped/>
  </testcase> <!-- TC132_Location_Project_Sub_Page_Location_Cm -->
  <testcase name="TC87_SEO_Page_News_Page_Name" time="0.009" classname="com.desktopWeb.scripts.page.TC_87_SEO_Page_News_Page_Name">
    <skipped/>
  </testcase> <!-- TC87_SEO_Page_News_Page_Name -->
  <testcase name="TC133_Verify_Project_Sub_Page_Mobile_Preview_Cm" time="0.001" classname="com.desktopWeb.scripts.sprint1.TC_133_Verify_Project_Sub_Page_Mobile_Preview_Cm">
    <skipped/>
  </testcase> <!-- TC133_Verify_Project_Sub_Page_Mobile_Preview_Cm -->
  <testcase name="TC88_Verify_Page_News_Page_Version_Duplicate" time="0.001" classname="com.desktopWeb.scripts.page.TC_88_Verify_Page_News_Page_Version_Duplicate">
    <skipped/>
  </testcase> <!-- TC88_Verify_Page_News_Page_Version_Duplicate -->
  <testcase name="TC134_Verify_Project_Sub_Page_Version_Approve_Cm" time="0.002" classname="com.desktopWeb.scripts.sprint1.TC_134_Verify_Project_Sub_Page_Version_Approve_Cm">
    <skipped/>
  </testcase> <!-- TC134_Verify_Project_Sub_Page_Version_Approve_Cm -->
  <testcase name="TC89_Verify_Page_News_Page_Mobile_Preview" time="0.001" classname="com.desktopWeb.scripts.page.TC_89_Verify_Page_News_Page_Mobile_Preview">
    <skipped/>
  </testcase> <!-- TC89_Verify_Page_News_Page_Mobile_Preview -->
  <testcase name="TC135_Verify_Project_Sub_Page_Version_NewPage_Pa" time="0.001" classname="com.desktopWeb.scripts.sprint1.TC_135_Verify_Project_Sub_Page_Version_NewPage_Pa">
    <skipped/>
  </testcase> <!-- TC135_Verify_Project_Sub_Page_Version_NewPage_Pa -->
  <testcase name="TC90_Design_Page_News_Page_Template" time="0.001" classname="com.desktopWeb.scripts.page.TC_90_Design_Page_News_Page_Template">
    <skipped/>
  </testcase> <!-- TC90_Design_Page_News_Page_Template -->
  <testcase name="TC125_WCCP_450_Verify_View_Project_En" time="0.001" classname="com.desktopWeb.scripts.sprint1.TC_136_WCCP_450_Verify_View_Project_Pa">
    <skipped/>
  </testcase> <!-- TC125_WCCP_450_Verify_View_Project_En -->
  <testcase name="TC91_Location_Page_News_Page_Location" time="0.0" classname="com.desktopWeb.scripts.page.TC_91_Location_Page_News_Page_Location">
    <skipped/>
  </testcase> <!-- TC91_Location_Page_News_Page_Location -->
  <testcase name="TC137_Verify_Project_Sub_Page_Version_Duplicate_Pa" time="0.0" classname="com.desktopWeb.scripts.sprint1.TC_137_Verify_Project_Sub_Page_Version_Duplicate_Pa">
    <skipped/>
  </testcase> <!-- TC137_Verify_Project_Sub_Page_Version_Duplicate_Pa -->
  <testcase name="TC92_Verify_Page_News_Page_Version_Approve" time="0.0" classname="com.desktopWeb.scripts.page.TC_92_Verify_Page_News_Page_Version_Approve">
    <skipped/>
  </testcase> <!-- TC92_Verify_Page_News_Page_Version_Approve -->
  <testcase name="TC138_Verify_Project_Sub_Page_Delete_Pa" time="0.001" classname="com.desktopWeb.scripts.sprint1.TC_138_Verify_Project_Sub_Page_Delete_Pa">
    <skipped/>
  </testcase> <!-- TC138_Verify_Project_Sub_Page_Delete_Pa -->
  <testcase name="TC93_Detail_Page_News_Page_Project" time="0.001" classname="com.desktopWeb.scripts.page.TC_93_Detail_Page_News_Page_Project">
    <skipped/>
  </testcase> <!-- TC93_Detail_Page_News_Page_Project -->
  <testcase name="TC139_Design_Project_Sub_Page_Template_Pa" time="0.0" classname="com.desktopWeb.scripts.sprint1.TC_139_Design_Project_Sub_Page_Template_Pa">
    <skipped/>
  </testcase> <!-- TC139_Design_Project_Sub_Page_Template_Pa -->
  <testcase name="TC94_Verify_Page_Sitemap_Links" time="0.0" classname="com.desktopWeb.scripts.page.TC_94_Verify_Page_Sitemap_Links">
    <skipped/>
  </testcase> <!-- TC94_Verify_Page_Sitemap_Links -->
  <testcase name="TC140_SEO_Project_Sub_Page_Name_Pa" time="0.001" classname="com.desktopWeb.scripts.sprint1.TC_140_SEO_Project_Sub_Page_Name_Pa">
    <skipped/>
  </testcase> <!-- TC140_SEO_Project_Sub_Page_Name_Pa -->
  <testcase name="TC141_Location_Project_Sub_Page_Location_Pa" time="0.001" classname="com.desktopWeb.scripts.sprint1.TC_141_Location_Project_Sub_Page_Location_Pa">
    <skipped/>
  </testcase> <!-- TC141_Location_Project_Sub_Page_Location_Pa -->
  <testcase name="TC142_Verify_Project_Sub_Page_Mobile_Preview_Pa" time="0.001" classname="com.desktopWeb.scripts.sprint1.TC_142_Verify_Project_Sub_Page_Mobile_Preview_Pa">
    <skipped/>
  </testcase> <!-- TC142_Verify_Project_Sub_Page_Mobile_Preview_Pa -->
  <testcase name="TC143_Verify_Project_Sub_Page_Version_Approve_Pa" time="0.001" classname="com.desktopWeb.scripts.sprint1.TC_143_Verify_Project_Sub_Page_Version_Approve_Pa">
    <skipped/>
  </testcase> <!-- TC143_Verify_Project_Sub_Page_Version_Approve_Pa -->
  <testcase name="TC144_Detail_Project_Sub_Page_Project_Pa" time="0.001" classname="com.desktopWeb.scripts.sprint1.TC_144_Detail_Project_Sub_Page_Project_Pa">
    <skipped/>
  </testcase> <!-- TC144_Detail_Project_Sub_Page_Project_Pa -->
  <testcase name="TC145_Detail_Page_News_Page_Project_En" time="0.001" classname="com.desktopWeb.scripts.sprint1.TC_145_Detail_Page_News_Page_Project_En">
    <skipped/>
  </testcase> <!-- TC145_Detail_Page_News_Page_Project_En -->
  <testcase name="TC146_Verify_Page_News_Page_Delete_En" time="0.001" classname="com.desktopWeb.scripts.sprint1.TC_146_Verify_Page_News_Page_Delete_En">
    <skipped/>
  </testcase> <!-- TC146_Verify_Page_News_Page_Delete_En -->
  <testcase name="TC147_SEO_Page_News_Page_Name_En" time="0.001" classname="com.desktopWeb.scripts.sprint1.TC_147_SEO_Page_News_Page_Name_En">
    <skipped/>
  </testcase> <!-- TC147_SEO_Page_News_Page_Name_En -->
  <testcase name="TC148_Verify_Page_News_Page_Version_Duplicate_En" time="0.0" classname="com.desktopWeb.scripts.sprint1.TC_148_Verify_Page_News_Page_Version_Duplicate_En">
    <skipped/>
  </testcase> <!-- TC148_Verify_Page_News_Page_Version_Duplicate_En -->
  <testcase name="TC149_Verify_Page_News_Page_Mobile_Preview_En" time="0.001" classname="com.desktopWeb.scripts.sprint1.TC_149_Verify_Page_News_Page_Mobile_Preview_En">
    <skipped/>
  </testcase> <!-- TC149_Verify_Page_News_Page_Mobile_Preview_En -->
  <testcase name="TC150_Design_Page_News_Page_Template_En" time="0.017" classname="com.desktopWeb.scripts.sprint1.TC_150_Design_Page_News_Page_Template_En">
    <skipped/>
  </testcase> <!-- TC150_Design_Page_News_Page_Template_En -->
  <testcase name="TC151_Location_Page_News_Page_Location_En" time="0.001" classname="com.desktopWeb.scripts.sprint1.TC_151_Location_Page_News_Page_Location_En">
    <skipped/>
  </testcase> <!-- TC151_Location_Page_News_Page_Location_En -->
  <testcase name="TC152_Verify_Page_News_Page_Version_Approve_En" time="0.0" classname="com.desktopWeb.scripts.sprint1.TC_152_Verify_Page_News_Page_Version_Approve_En">
    <skipped/>
  </testcase> <!-- TC152_Verify_Page_News_Page_Version_Approve_En -->
  <testcase name="TC153_Verify_Page_News_Page_Version_NewPage_En" time="0.0" classname="com.desktopWeb.scripts.sprint1.TC_153_Verify_Page_News_Page_Version_NewPage_En">
    <skipped/>
  </testcase> <!-- TC153_Verify_Page_News_Page_Version_NewPage_En -->
  <testcase name="TC154_Verify_Page_News_Page_Version_Duplicate_Cm" time="0.0" classname="com.desktopWeb.scripts.sprint1.TC_154_Verify_Page_News_Page_Version_Duplicate_Cm">
    <skipped/>
  </testcase> <!-- TC154_Verify_Page_News_Page_Version_Duplicate_Cm -->
  <testcase name="TC155_Verify_Page_News_Page_Mobile_Preview_Cm" time="0.0" classname="com.desktopWeb.scripts.sprint1.TC_155_Verify_Page_News_Page_Mobile_Preview_Cm">
    <skipped/>
  </testcase> <!-- TC155_Verify_Page_News_Page_Mobile_Preview_Cm -->
  <testcase name="TC156_Design_Page_News_Page_Template_Cm" time="0.008" classname="com.desktopWeb.scripts.sprint1.TC_156_Design_Page_News_Page_Template_Cm">
    <skipped/>
  </testcase> <!-- TC156_Design_Page_News_Page_Template_Cm -->
  <testcase name="TC152_Verify_Page_News_Page_Version_Approve_Cm" time="0.009" classname="com.desktopWeb.scripts.sprint1.TC_157_Verify_Page_News_Page_Version_Approve_Cm">
    <skipped/>
  </testcase> <!-- TC152_Verify_Page_News_Page_Version_Approve_Cm -->
  <testcase name="TC158_Location_Page_News_Page_Location_Cm" time="0.0" classname="com.desktopWeb.scripts.sprint1.TC_158_Location_Page_News_Page_Location_Cm">
    <skipped/>
  </testcase> <!-- TC158_Location_Page_News_Page_Location_Cm -->
  <testcase name="TC159_Detail_Page_News_Page_Project_Cm" time="0.001" classname="com.desktopWeb.scripts.sprint1.TC_159_Detail_Page_News_Page_Project_Cm">
    <skipped/>
  </testcase> <!-- TC159_Detail_Page_News_Page_Project_Cm -->
  <testcase name="TC160_Verify_Page_News_Page_Version_NewPage_Cm" time="0.0" classname="com.desktopWeb.scripts.sprint1.TC_160_Verify_Page_News_Page_Version_NewPage_Cm">
    <skipped/>
  </testcase> <!-- TC160_Verify_Page_News_Page_Version_NewPage_Cm -->
  <testcase name="TC161_Verify_Project_Sub_Page_Delete_Cm" time="0.0" classname="com.desktopWeb.scripts.sprint1.TC_161_Verify_Project_Sub_Page_Delete_Cm">
    <skipped/>
  </testcase> <!-- TC161_Verify_Project_Sub_Page_Delete_Cm -->
  <testcase name="TC162_Verify_Page_News_Page_Version_Duplicate_Pa" time="0.001" classname="com.desktopWeb.scripts.sprint1.TC_162_Verify_Page_News_Page_Version_Duplicate_Pa">
    <skipped/>
  </testcase> <!-- TC162_Verify_Page_News_Page_Version_Duplicate_Pa -->
  <testcase name="TC163_Verify_Page_News_Page_Mobile_Preview_Pa" time="0.001" classname="com.desktopWeb.scripts.sprint1.TC_163_Verify_Page_News_Page_Mobile_Preview_Pa">
    <skipped/>
  </testcase> <!-- TC163_Verify_Page_News_Page_Mobile_Preview_Pa -->
  <testcase name="TC164_Verify_Page_News_Page_Version_Approve_Pa" time="0.001" classname="com.desktopWeb.scripts.sprint1.TC_164_Verify_Page_News_Page_Version_Approve_Pa">
    <skipped/>
  </testcase> <!-- TC164_Verify_Page_News_Page_Version_Approve_Pa -->
  <testcase name="TC165_Location_Page_News_Page_Location_Pa" time="0.001" classname="com.desktopWeb.scripts.sprint1.TC_165_Location_Page_News_Page_Location_Pa">
    <skipped/>
  </testcase> <!-- TC165_Location_Page_News_Page_Location_Pa -->
  <testcase name="TC166_Design_Page_News_Page_Template_Pa" time="0.003" classname="com.desktopWeb.scripts.sprint1.TC_166_Design_Page_News_Page_Template_Pa">
    <skipped/>
  </testcase> <!-- TC166_Design_Page_News_Page_Template_Pa -->
  <testcase name="TC167_Verify_Page_News_Page_Version_NewPage_Pa" time="0.0" classname="com.desktopWeb.scripts.sprint1.TC_167_Verify_Page_News_Page_Version_NewPage_Pa">
    <skipped/>
  </testcase> <!-- TC167_Verify_Page_News_Page_Version_NewPage_Pa -->
  <testcase name="TC168_Verify_Project_Sub_Page_Delete_Pa" time="0.001" classname="com.desktopWeb.scripts.sprint1.TC_168_Verify_Project_Sub_Page_Delete_Pa">
    <skipped/>
  </testcase> <!-- TC168_Verify_Project_Sub_Page_Delete_Pa -->
  <testcase name="TC169_Detail_Page_News_Page_Project_Pa" time="0.0" classname="com.desktopWeb.scripts.sprint1.TC_169_Detail_Page_News_Page_Project_Pa">
    <skipped/>
  </testcase> <!-- TC169_Detail_Page_News_Page_Project_Pa -->
</testsuite> <!-- Grouping -->
