<html>
<head>
<title>TestNG:  Grouping(failed)</title>
<link href="../testng.css" rel="stylesheet" type="text/css" />
<link href="../my-testng.css" rel="stylesheet" type="text/css" />

<style type="text/css">
.log { display: none;} 
.stack-trace { display: none;} 
</style>
<script type="text/javascript">
<!--
function flip(e) {
  current = e.style.display;
  if (current == 'block') {
    e.style.display = 'none';
    return 0;
  }
  else {
    e.style.display = 'block';
    return 1;
  }
}

function toggleBox(szDivId, elem, msg1, msg2)
{
  var res = -1;  if (document.getElementById) {
    res = flip(document.getElementById(szDivId));
  }
  else if (document.all) {
    // this is the way old msie versions work
    res = flip(document.all[szDivId]);
  }
  if(elem) {
    if(res == 0) elem.innerHTML = msg1; else elem.innerHTML = msg2;
  }

}

function toggleAllBoxes() {
  if (document.getElementsByTagName) {
    d = document.getElementsByTagName('div');
    for (i = 0; i < d.length; i++) {
      if (d[i].className == 'log') {
        flip(d[i]);
      }
    }
  }
}

// -->
</script>

</head>
<body>
<h2 align='center'>Grouping(failed)</h2><table border='1' align="center">
<tr>
<td>Tests passed/Failed/Skipped:</td><td>42/35/0</td>
</tr><tr>
<td>Started on:</td><td>Fri Feb 03 12:18:28 IST 2017</td>
</tr>
<tr><td>Total time:</td><td>21240 seconds (21240443 ms)</td>
</tr><tr>
<td>Included groups:</td><td></td>
</tr><tr>
<td>Excluded groups:</td><td></td>
</tr>
</table><p/>
<small><i>(Hover the method name to see the test class name)</i></small><p/>
<table width='100%' border='1' class='invocation-failed'>
<tr><td colspan='4' align='center'><b>FAILED TESTS</b></td></tr>
<tr><td><b>Test method</b></td>
<td width="30%"><b>Exception</b></td>
<td width="10%"><b>Time (seconds)</b></td>
<td><b>Instance</b></td>
</tr>
<tr>
<td title='com.desktopWeb.scripts.sprint1.TC_122_Verify_Project_Sub_Page_Version_NewPage_En.TC122_Verify_Project_Sub_Page_Version_NewPage_En()'><b>TC122_Verify_Project_Sub_Page_Version_NewPage_En</b><br>Test class: com.desktopWeb.scripts.sprint1.TC_122_Verify_Project_Sub_Page_Version_NewPage_En<br>Parameters: autoenmanager@harvestdp.com, Automation2017, New Project for Test Execution, Verify Authoring/Page/Project_Sub_Page/Version New Page by Engagement Manager</td>
<td><div><pre>java.lang.AssertionError: Step AssertValue  Failed with description Page Name not present in the page expected [true] but found [false]
	at org.testng.Assert.fail(Assert.java:94)
	at org.testng.Assert.failNotEquals(Assert.java:494)
	at org.testng.Assert.assertTrue(Assert.java:42)
	at com.ctaf.support.HtmlReportSupport.onFailure(HtmlReportSupport.java:778)
	at com.ctaf.utilities.Reporter.failureReport(Reporter.java:91)
	at com.ctaf.accelerators.ActionEngine.assertValue(ActionEngine.java:1288)
	at com.desktopWeb.workflows.HelperClass.newPageVersion(HelperClass.java:1198)
	at com.desktopWeb.scripts.sprint1.TC_122_Verify_Project_Sub_Page_Version_NewPage_En.TC122_Verify_Project_Sub_Page_Version_NewPage_En(TC_122_Verify_Project_Sub_Page_Version_NewPage_En.java:29)
	at sun.reflect.NativeMethodAccessorImpl.invoke0(Native Method)
	at sun.reflect.NativeMethodAccessorImpl.invoke(NativeMethodAccessorImpl.java:62)
	at sun.reflect.DelegatingMethodAccessorImpl.invoke(DelegatingMethodAccessorImpl.java:43)
	at java.lang.reflect.Method.invoke(Method.java:498)
	at org.testng.internal.MethodInvocationHelper.invokeMethod(MethodInvocationHelper.java:80)
	at org.testng.internal.Invoker.invokeMethod(Invoker.java:714)
	at org.testng.internal.Invoker.invokeTestMethod(Invoker.java:901)
	at org.testng.internal.Invoker.invokeTestMethods(Invoker.java:1231)
	at org.testng.internal.TestMethodWorker.invokeTestMethods(TestMethodWorker.java:127)
	at org.testng.internal.TestMethodWorker.run(TestMethodWorker.java:111)
	at org.testng.TestRunner.privateRun(TestRunner.java:767)
	at org.testng.TestRunner.run(TestRunner.java:617)
	at org.testng.SuiteRunner.runTest(SuiteRunner.java:334)
	at org.testng.SuiteRunner.runSequentially(SuiteRunner.java:329)
	at org.testng.SuiteRunner.privateRun(SuiteRunner.java:291)
	at org.testng.SuiteRunner.run(SuiteRunner.java:240)
	at org.testng.SuiteRunnerWorker.runSuite(SuiteRunnerWorker.java:52)
	at org.testng.SuiteRunnerWorker.run(SuiteRunnerWorker.java:86)
	at org.testng.TestNG.runSuitesSequentially(TestNG.java:1198)
	at org.testng.TestNG.runSuitesLocally(TestNG.java:1123)
	at org.testng.TestNG.run(TestNG.java:1031)
	at org.testng.remote.AbstractRemoteTestNG.run(AbstractRemoteTestNG.java:132)
	at org.testng.remote.RemoteTestNG.initAndRun(RemoteTestNG.java:236)
	at org.testng.remote.RemoteTestNG.main(RemoteTestNG.java:81)
</pre></div><a href='#' onClick='toggleBox("stack-trace565847109", this, "Click to show all stack frames", "Click to hide stack frames")'>Click to show all stack frames</a>
<div class='stack-trace' id='stack-trace565847109'><pre>java.lang.AssertionError: Step AssertValue  Failed with description Page Name not present in the page expected [true] but found [false]
	at org.testng.Assert.fail(Assert.java:94)
	at org.testng.Assert.failNotEquals(Assert.java:494)
	at org.testng.Assert.assertTrue(Assert.java:42)
	at com.ctaf.support.HtmlReportSupport.onFailure(HtmlReportSupport.java:778)
	at com.ctaf.utilities.Reporter.failureReport(Reporter.java:91)
	at com.ctaf.accelerators.ActionEngine.assertValue(ActionEngine.java:1288)
	at com.desktopWeb.workflows.HelperClass.newPageVersion(HelperClass.java:1198)
	at com.desktopWeb.scripts.sprint1.TC_122_Verify_Project_Sub_Page_Version_NewPage_En.TC122_Verify_Project_Sub_Page_Version_NewPage_En(TC_122_Verify_Project_Sub_Page_Version_NewPage_En.java:29)
	at sun.reflect.NativeMethodAccessorImpl.invoke0(Native Method)
	at sun.reflect.NativeMethodAccessorImpl.invoke(NativeMethodAccessorImpl.java:62)
	at sun.reflect.DelegatingMethodAccessorImpl.invoke(DelegatingMethodAccessorImpl.java:43)
	at java.lang.reflect.Method.invoke(Method.java:498)
	at org.testng.internal.MethodInvocationHelper.invokeMethod(MethodInvocationHelper.java:80)
	at org.testng.internal.Invoker.invokeMethod(Invoker.java:714)
	at org.testng.internal.Invoker.invokeTestMethod(Invoker.java:901)
	at org.testng.internal.Invoker.invokeTestMethods(Invoker.java:1231)
	at org.testng.internal.TestMethodWorker.invokeTestMethods(TestMethodWorker.java:127)
	at org.testng.internal.TestMethodWorker.run(TestMethodWorker.java:111)
	at org.testng.TestRunner.privateRun(TestRunner.java:767)
	at org.testng.TestRunner.run(TestRunner.java:617)
	at org.testng.SuiteRunner.runTest(SuiteRunner.java:334)
	at org.testng.SuiteRunner.runSequentially(SuiteRunner.java:329)
	at org.testng.SuiteRunner.privateRun(SuiteRunner.java:291)
	at org.testng.SuiteRunner.run(SuiteRunner.java:240)
	at org.testng.SuiteRunnerWorker.runSuite(SuiteRunnerWorker.java:52)
	at org.testng.SuiteRunnerWorker.run(SuiteRunnerWorker.java:86)
	at org.testng.TestNG.runSuitesSequentially(TestNG.java:1198)
	at org.testng.TestNG.runSuitesLocally(TestNG.java:1123)
	at org.testng.TestNG.run(TestNG.java:1031)
	at org.testng.remote.AbstractRemoteTestNG.run(AbstractRemoteTestNG.java:132)
	at org.testng.remote.RemoteTestNG.initAndRun(RemoteTestNG.java:236)
	at org.testng.remote.RemoteTestNG.main(RemoteTestNG.java:81)
</pre></div></td>
<td>147</td>
<td>com.desktopWeb.scripts.sprint1.TC_122_Verify_Project_Sub_Page_Version_NewPage_En@65fb9ffc</td></tr>
<tr>
<td title='com.desktopWeb.scripts.sprint1.TC_126_Verify_Project_Sub_Page_Version_NewPage_Cm.TC126_Verify_Project_Sub_Page_Version_NewPage_Cm()'><b>TC126_Verify_Project_Sub_Page_Version_NewPage_Cm</b><br>Test class: com.desktopWeb.scripts.sprint1.TC_126_Verify_Project_Sub_Page_Version_NewPage_Cm<br>Parameters: autoconmanager@harvestdp.com, Automation2017, New Project for Test Execution, Verify Authoring/Page/Project_Sub_Page/Version New Page by Consultation Manager</td>
<td><div><pre>java.lang.AssertionError: Step TC126_Verify_Project_Sub_Page_Version_NewPage_Cm Failed with description Failed expected [true] but found [false]
	at org.testng.Assert.fail(Assert.java:94)
	at org.testng.Assert.failNotEquals(Assert.java:494)
	at org.testng.Assert.assertTrue(Assert.java:42)
	at com.ctaf.support.HtmlReportSupport.onFailure(HtmlReportSupport.java:778)
	at com.ctaf.utilities.Reporter.failureReport(Reporter.java:91)
	at com.desktopWeb.scripts.sprint1.TC_126_Verify_Project_Sub_Page_Version_NewPage_Cm.TC126_Verify_Project_Sub_Page_Version_NewPage_Cm(TC_126_Verify_Project_Sub_Page_Version_NewPage_Cm.java:31)
	at sun.reflect.NativeMethodAccessorImpl.invoke0(Native Method)
	at sun.reflect.NativeMethodAccessorImpl.invoke(NativeMethodAccessorImpl.java:62)
	at sun.reflect.DelegatingMethodAccessorImpl.invoke(DelegatingMethodAccessorImpl.java:43)
	at java.lang.reflect.Method.invoke(Method.java:498)
	at org.testng.internal.MethodInvocationHelper.invokeMethod(MethodInvocationHelper.java:80)
	at org.testng.internal.Invoker.invokeMethod(Invoker.java:714)
	at org.testng.internal.Invoker.invokeTestMethod(Invoker.java:901)
	at org.testng.internal.Invoker.invokeTestMethods(Invoker.java:1231)
	at org.testng.internal.TestMethodWorker.invokeTestMethods(TestMethodWorker.java:127)
	at org.testng.internal.TestMethodWorker.run(TestMethodWorker.java:111)
	at org.testng.TestRunner.privateRun(TestRunner.java:767)
	at org.testng.TestRunner.run(TestRunner.java:617)
	at org.testng.SuiteRunner.runTest(SuiteRunner.java:334)
	at org.testng.SuiteRunner.runSequentially(SuiteRunner.java:329)
	at org.testng.SuiteRunner.privateRun(SuiteRunner.java:291)
	at org.testng.SuiteRunner.run(SuiteRunner.java:240)
	at org.testng.SuiteRunnerWorker.runSuite(SuiteRunnerWorker.java:52)
	at org.testng.SuiteRunnerWorker.run(SuiteRunnerWorker.java:86)
	at org.testng.TestNG.runSuitesSequentially(TestNG.java:1198)
	at org.testng.TestNG.runSuitesLocally(TestNG.java:1123)
	at org.testng.TestNG.run(TestNG.java:1031)
	at org.testng.remote.AbstractRemoteTestNG.run(AbstractRemoteTestNG.java:132)
	at org.testng.remote.RemoteTestNG.initAndRun(RemoteTestNG.java:236)
	at org.testng.remote.RemoteTestNG.main(RemoteTestNG.java:81)
</pre></div><a href='#' onClick='toggleBox("stack-trace1623990497", this, "Click to show all stack frames", "Click to hide stack frames")'>Click to show all stack frames</a>
<div class='stack-trace' id='stack-trace1623990497'><pre>java.lang.AssertionError: Step TC126_Verify_Project_Sub_Page_Version_NewPage_Cm Failed with description Failed expected [true] but found [false]
	at org.testng.Assert.fail(Assert.java:94)
	at org.testng.Assert.failNotEquals(Assert.java:494)
	at org.testng.Assert.assertTrue(Assert.java:42)
	at com.ctaf.support.HtmlReportSupport.onFailure(HtmlReportSupport.java:778)
	at com.ctaf.utilities.Reporter.failureReport(Reporter.java:91)
	at com.desktopWeb.scripts.sprint1.TC_126_Verify_Project_Sub_Page_Version_NewPage_Cm.TC126_Verify_Project_Sub_Page_Version_NewPage_Cm(TC_126_Verify_Project_Sub_Page_Version_NewPage_Cm.java:31)
	at sun.reflect.NativeMethodAccessorImpl.invoke0(Native Method)
	at sun.reflect.NativeMethodAccessorImpl.invoke(NativeMethodAccessorImpl.java:62)
	at sun.reflect.DelegatingMethodAccessorImpl.invoke(DelegatingMethodAccessorImpl.java:43)
	at java.lang.reflect.Method.invoke(Method.java:498)
	at org.testng.internal.MethodInvocationHelper.invokeMethod(MethodInvocationHelper.java:80)
	at org.testng.internal.Invoker.invokeMethod(Invoker.java:714)
	at org.testng.internal.Invoker.invokeTestMethod(Invoker.java:901)
	at org.testng.internal.Invoker.invokeTestMethods(Invoker.java:1231)
	at org.testng.internal.TestMethodWorker.invokeTestMethods(TestMethodWorker.java:127)
	at org.testng.internal.TestMethodWorker.run(TestMethodWorker.java:111)
	at org.testng.TestRunner.privateRun(TestRunner.java:767)
	at org.testng.TestRunner.run(TestRunner.java:617)
	at org.testng.SuiteRunner.runTest(SuiteRunner.java:334)
	at org.testng.SuiteRunner.runSequentially(SuiteRunner.java:329)
	at org.testng.SuiteRunner.privateRun(SuiteRunner.java:291)
	at org.testng.SuiteRunner.run(SuiteRunner.java:240)
	at org.testng.SuiteRunnerWorker.runSuite(SuiteRunnerWorker.java:52)
	at org.testng.SuiteRunnerWorker.run(SuiteRunnerWorker.java:86)
	at org.testng.TestNG.runSuitesSequentially(TestNG.java:1198)
	at org.testng.TestNG.runSuitesLocally(TestNG.java:1123)
	at org.testng.TestNG.run(TestNG.java:1031)
	at org.testng.remote.AbstractRemoteTestNG.run(AbstractRemoteTestNG.java:132)
	at org.testng.remote.RemoteTestNG.initAndRun(RemoteTestNG.java:236)
	at org.testng.remote.RemoteTestNG.main(RemoteTestNG.java:81)
</pre></div></td>
<td>306</td>
<td>com.desktopWeb.scripts.sprint1.TC_126_Verify_Project_Sub_Page_Version_NewPage_Cm@51399530</td></tr>
<tr>
<td title='com.desktopWeb.scripts.sprint1.TC_128_Verify_Project_Sub_Page_Version_Duplicate_Cm.TC128_Verify_Project_Sub_Page_Version_Duplicate_Cm()'><b>TC128_Verify_Project_Sub_Page_Version_Duplicate_Cm</b><br>Test class: com.desktopWeb.scripts.sprint1.TC_128_Verify_Project_Sub_Page_Version_Duplicate_Cm<br>Parameters: autoconmanager@harvestdp.com, Automation2017, New Project for Test Execution, Verify Authoring/Page/Project_Sub_Page/Version Duplicate by Consultation Manager</td>
<td><div><pre>java.lang.AssertionError: Step TC128_Verify_Project_Sub_Page_Version_Duplicate_Cm Failed with description Failed expected [true] but found [false]
	at org.testng.Assert.fail(Assert.java:94)
	at org.testng.Assert.failNotEquals(Assert.java:494)
	at org.testng.Assert.assertTrue(Assert.java:42)
	at com.ctaf.support.HtmlReportSupport.onFailure(HtmlReportSupport.java:778)
	at com.ctaf.utilities.Reporter.failureReport(Reporter.java:91)
	at com.desktopWeb.scripts.sprint1.TC_128_Verify_Project_Sub_Page_Version_Duplicate_Cm.TC128_Verify_Project_Sub_Page_Version_Duplicate_Cm(TC_128_Verify_Project_Sub_Page_Version_Duplicate_Cm.java:31)
	at sun.reflect.NativeMethodAccessorImpl.invoke0(Native Method)
	at sun.reflect.NativeMethodAccessorImpl.invoke(NativeMethodAccessorImpl.java:62)
	at sun.reflect.DelegatingMethodAccessorImpl.invoke(DelegatingMethodAccessorImpl.java:43)
	at java.lang.reflect.Method.invoke(Method.java:498)
	at org.testng.internal.MethodInvocationHelper.invokeMethod(MethodInvocationHelper.java:80)
	at org.testng.internal.Invoker.invokeMethod(Invoker.java:714)
	at org.testng.internal.Invoker.invokeTestMethod(Invoker.java:901)
	at org.testng.internal.Invoker.invokeTestMethods(Invoker.java:1231)
	at org.testng.internal.TestMethodWorker.invokeTestMethods(TestMethodWorker.java:127)
	at org.testng.internal.TestMethodWorker.run(TestMethodWorker.java:111)
	at org.testng.TestRunner.privateRun(TestRunner.java:767)
	at org.testng.TestRunner.run(TestRunner.java:617)
	at org.testng.SuiteRunner.runTest(SuiteRunner.java:334)
	at org.testng.SuiteRunner.runSequentially(SuiteRunner.java:329)
	at org.testng.SuiteRunner.privateRun(SuiteRunner.java:291)
	at org.testng.SuiteRunner.run(SuiteRunner.java:240)
	at org.testng.SuiteRunnerWorker.runSuite(SuiteRunnerWorker.java:52)
	at org.testng.SuiteRunnerWorker.run(SuiteRunnerWorker.java:86)
	at org.testng.TestNG.runSuitesSequentially(TestNG.java:1198)
	at org.testng.TestNG.runSuitesLocally(TestNG.java:1123)
	at org.testng.TestNG.run(TestNG.java:1031)
	at org.testng.remote.AbstractRemoteTestNG.run(AbstractRemoteTestNG.java:132)
	at org.testng.remote.RemoteTestNG.initAndRun(RemoteTestNG.java:236)
	at org.testng.remote.RemoteTestNG.main(RemoteTestNG.java:81)
</pre></div><a href='#' onClick='toggleBox("stack-trace1738750284", this, "Click to show all stack frames", "Click to hide stack frames")'>Click to show all stack frames</a>
<div class='stack-trace' id='stack-trace1738750284'><pre>java.lang.AssertionError: Step TC128_Verify_Project_Sub_Page_Version_Duplicate_Cm Failed with description Failed expected [true] but found [false]
	at org.testng.Assert.fail(Assert.java:94)
	at org.testng.Assert.failNotEquals(Assert.java:494)
	at org.testng.Assert.assertTrue(Assert.java:42)
	at com.ctaf.support.HtmlReportSupport.onFailure(HtmlReportSupport.java:778)
	at com.ctaf.utilities.Reporter.failureReport(Reporter.java:91)
	at com.desktopWeb.scripts.sprint1.TC_128_Verify_Project_Sub_Page_Version_Duplicate_Cm.TC128_Verify_Project_Sub_Page_Version_Duplicate_Cm(TC_128_Verify_Project_Sub_Page_Version_Duplicate_Cm.java:31)
	at sun.reflect.NativeMethodAccessorImpl.invoke0(Native Method)
	at sun.reflect.NativeMethodAccessorImpl.invoke(NativeMethodAccessorImpl.java:62)
	at sun.reflect.DelegatingMethodAccessorImpl.invoke(DelegatingMethodAccessorImpl.java:43)
	at java.lang.reflect.Method.invoke(Method.java:498)
	at org.testng.internal.MethodInvocationHelper.invokeMethod(MethodInvocationHelper.java:80)
	at org.testng.internal.Invoker.invokeMethod(Invoker.java:714)
	at org.testng.internal.Invoker.invokeTestMethod(Invoker.java:901)
	at org.testng.internal.Invoker.invokeTestMethods(Invoker.java:1231)
	at org.testng.internal.TestMethodWorker.invokeTestMethods(TestMethodWorker.java:127)
	at org.testng.internal.TestMethodWorker.run(TestMethodWorker.java:111)
	at org.testng.TestRunner.privateRun(TestRunner.java:767)
	at org.testng.TestRunner.run(TestRunner.java:617)
	at org.testng.SuiteRunner.runTest(SuiteRunner.java:334)
	at org.testng.SuiteRunner.runSequentially(SuiteRunner.java:329)
	at org.testng.SuiteRunner.privateRun(SuiteRunner.java:291)
	at org.testng.SuiteRunner.run(SuiteRunner.java:240)
	at org.testng.SuiteRunnerWorker.runSuite(SuiteRunnerWorker.java:52)
	at org.testng.SuiteRunnerWorker.run(SuiteRunnerWorker.java:86)
	at org.testng.TestNG.runSuitesSequentially(TestNG.java:1198)
	at org.testng.TestNG.runSuitesLocally(TestNG.java:1123)
	at org.testng.TestNG.run(TestNG.java:1031)
	at org.testng.remote.AbstractRemoteTestNG.run(AbstractRemoteTestNG.java:132)
	at org.testng.remote.RemoteTestNG.initAndRun(RemoteTestNG.java:236)
	at org.testng.remote.RemoteTestNG.main(RemoteTestNG.java:81)
</pre></div></td>
<td>307</td>
<td>com.desktopWeb.scripts.sprint1.TC_128_Verify_Project_Sub_Page_Version_Duplicate_Cm@5b7a5baa</td></tr>
<tr>
<td title='com.desktopWeb.scripts.sprint1.TC_134_Verify_Project_Sub_Page_Version_Approve_Cm.TC134_Verify_Project_Sub_Page_Version_Approve_Cm()'><b>TC134_Verify_Project_Sub_Page_Version_Approve_Cm</b><br>Test class: com.desktopWeb.scripts.sprint1.TC_134_Verify_Project_Sub_Page_Version_Approve_Cm<br>Parameters: autoconmanager@harvestdp.com, Automation2017, New Project for Test Execution, Verify Authoring/Page/Project_Sub_PageVersion Approve by Consultation Manager</td>
<td><div><pre>java.lang.AssertionError: Step TC134_Verify_Project_Sub_Page_Version_Approve_Cm Failed with description Failed expected [true] but found [false]
	at org.testng.Assert.fail(Assert.java:94)
	at org.testng.Assert.failNotEquals(Assert.java:494)
	at org.testng.Assert.assertTrue(Assert.java:42)
	at com.ctaf.support.HtmlReportSupport.onFailure(HtmlReportSupport.java:778)
	at com.ctaf.utilities.Reporter.failureReport(Reporter.java:91)
	at com.desktopWeb.scripts.sprint1.TC_134_Verify_Project_Sub_Page_Version_Approve_Cm.TC134_Verify_Project_Sub_Page_Version_Approve_Cm(TC_134_Verify_Project_Sub_Page_Version_Approve_Cm.java:31)
	at sun.reflect.NativeMethodAccessorImpl.invoke0(Native Method)
	at sun.reflect.NativeMethodAccessorImpl.invoke(NativeMethodAccessorImpl.java:62)
	at sun.reflect.DelegatingMethodAccessorImpl.invoke(DelegatingMethodAccessorImpl.java:43)
	at java.lang.reflect.Method.invoke(Method.java:498)
	at org.testng.internal.MethodInvocationHelper.invokeMethod(MethodInvocationHelper.java:80)
	at org.testng.internal.Invoker.invokeMethod(Invoker.java:714)
	at org.testng.internal.Invoker.invokeTestMethod(Invoker.java:901)
	at org.testng.internal.Invoker.invokeTestMethods(Invoker.java:1231)
	at org.testng.internal.TestMethodWorker.invokeTestMethods(TestMethodWorker.java:127)
	at org.testng.internal.TestMethodWorker.run(TestMethodWorker.java:111)
	at org.testng.TestRunner.privateRun(TestRunner.java:767)
	at org.testng.TestRunner.run(TestRunner.java:617)
	at org.testng.SuiteRunner.runTest(SuiteRunner.java:334)
	at org.testng.SuiteRunner.runSequentially(SuiteRunner.java:329)
	at org.testng.SuiteRunner.privateRun(SuiteRunner.java:291)
	at org.testng.SuiteRunner.run(SuiteRunner.java:240)
	at org.testng.SuiteRunnerWorker.runSuite(SuiteRunnerWorker.java:52)
	at org.testng.SuiteRunnerWorker.run(SuiteRunnerWorker.java:86)
	at org.testng.TestNG.runSuitesSequentially(TestNG.java:1198)
	at org.testng.TestNG.runSuitesLocally(TestNG.java:1123)
	at org.testng.TestNG.run(TestNG.java:1031)
	at org.testng.remote.AbstractRemoteTestNG.run(AbstractRemoteTestNG.java:132)
	at org.testng.remote.RemoteTestNG.initAndRun(RemoteTestNG.java:236)
	at org.testng.remote.RemoteTestNG.main(RemoteTestNG.java:81)
</pre></div><a href='#' onClick='toggleBox("stack-trace1705282731", this, "Click to show all stack frames", "Click to hide stack frames")'>Click to show all stack frames</a>
<div class='stack-trace' id='stack-trace1705282731'><pre>java.lang.AssertionError: Step TC134_Verify_Project_Sub_Page_Version_Approve_Cm Failed with description Failed expected [true] but found [false]
	at org.testng.Assert.fail(Assert.java:94)
	at org.testng.Assert.failNotEquals(Assert.java:494)
	at org.testng.Assert.assertTrue(Assert.java:42)
	at com.ctaf.support.HtmlReportSupport.onFailure(HtmlReportSupport.java:778)
	at com.ctaf.utilities.Reporter.failureReport(Reporter.java:91)
	at com.desktopWeb.scripts.sprint1.TC_134_Verify_Project_Sub_Page_Version_Approve_Cm.TC134_Verify_Project_Sub_Page_Version_Approve_Cm(TC_134_Verify_Project_Sub_Page_Version_Approve_Cm.java:31)
	at sun.reflect.NativeMethodAccessorImpl.invoke0(Native Method)
	at sun.reflect.NativeMethodAccessorImpl.invoke(NativeMethodAccessorImpl.java:62)
	at sun.reflect.DelegatingMethodAccessorImpl.invoke(DelegatingMethodAccessorImpl.java:43)
	at java.lang.reflect.Method.invoke(Method.java:498)
	at org.testng.internal.MethodInvocationHelper.invokeMethod(MethodInvocationHelper.java:80)
	at org.testng.internal.Invoker.invokeMethod(Invoker.java:714)
	at org.testng.internal.Invoker.invokeTestMethod(Invoker.java:901)
	at org.testng.internal.Invoker.invokeTestMethods(Invoker.java:1231)
	at org.testng.internal.TestMethodWorker.invokeTestMethods(TestMethodWorker.java:127)
	at org.testng.internal.TestMethodWorker.run(TestMethodWorker.java:111)
	at org.testng.TestRunner.privateRun(TestRunner.java:767)
	at org.testng.TestRunner.run(TestRunner.java:617)
	at org.testng.SuiteRunner.runTest(SuiteRunner.java:334)
	at org.testng.SuiteRunner.runSequentially(SuiteRunner.java:329)
	at org.testng.SuiteRunner.privateRun(SuiteRunner.java:291)
	at org.testng.SuiteRunner.run(SuiteRunner.java:240)
	at org.testng.SuiteRunnerWorker.runSuite(SuiteRunnerWorker.java:52)
	at org.testng.SuiteRunnerWorker.run(SuiteRunnerWorker.java:86)
	at org.testng.TestNG.runSuitesSequentially(TestNG.java:1198)
	at org.testng.TestNG.runSuitesLocally(TestNG.java:1123)
	at org.testng.TestNG.run(TestNG.java:1031)
	at org.testng.remote.AbstractRemoteTestNG.run(AbstractRemoteTestNG.java:132)
	at org.testng.remote.RemoteTestNG.initAndRun(RemoteTestNG.java:236)
	at org.testng.remote.RemoteTestNG.main(RemoteTestNG.java:81)
</pre></div></td>
<td>313</td>
<td>com.desktopWeb.scripts.sprint1.TC_134_Verify_Project_Sub_Page_Version_Approve_Cm@6302bbb1</td></tr>
<tr>
<td title='com.desktopWeb.scripts.sprint1.TC_135_Verify_Project_Sub_Page_Version_NewPage_Pa.TC135_Verify_Project_Sub_Page_Version_NewPage_Pa()'><b>TC135_Verify_Project_Sub_Page_Version_NewPage_Pa</b><br>Test class: com.desktopWeb.scripts.sprint1.TC_135_Verify_Project_Sub_Page_Version_NewPage_Pa<br>Parameters: autoprauthor@harvestdp.com, Automation2017, New Project for Test Execution, Verify Authoring/Page/Project_Sub_Page/Version New Page by Project Author</td>
<td><div><pre>java.lang.AssertionError: Step TC135_Verify_Project_Sub_Page_Version_NewPage_Pa Failed with description Failed expected [true] but found [false]
	at org.testng.Assert.fail(Assert.java:94)
	at org.testng.Assert.failNotEquals(Assert.java:494)
	at org.testng.Assert.assertTrue(Assert.java:42)
	at com.ctaf.support.HtmlReportSupport.onFailure(HtmlReportSupport.java:778)
	at com.ctaf.utilities.Reporter.failureReport(Reporter.java:91)
	at com.desktopWeb.scripts.sprint1.TC_135_Verify_Project_Sub_Page_Version_NewPage_Pa.TC135_Verify_Project_Sub_Page_Version_NewPage_Pa(TC_135_Verify_Project_Sub_Page_Version_NewPage_Pa.java:31)
	at sun.reflect.NativeMethodAccessorImpl.invoke0(Native Method)
	at sun.reflect.NativeMethodAccessorImpl.invoke(NativeMethodAccessorImpl.java:62)
	at sun.reflect.DelegatingMethodAccessorImpl.invoke(DelegatingMethodAccessorImpl.java:43)
	at java.lang.reflect.Method.invoke(Method.java:498)
	at org.testng.internal.MethodInvocationHelper.invokeMethod(MethodInvocationHelper.java:80)
	at org.testng.internal.Invoker.invokeMethod(Invoker.java:714)
	at org.testng.internal.Invoker.invokeTestMethod(Invoker.java:901)
	at org.testng.internal.Invoker.invokeTestMethods(Invoker.java:1231)
	at org.testng.internal.TestMethodWorker.invokeTestMethods(TestMethodWorker.java:127)
	at org.testng.internal.TestMethodWorker.run(TestMethodWorker.java:111)
	at org.testng.TestRunner.privateRun(TestRunner.java:767)
	at org.testng.TestRunner.run(TestRunner.java:617)
	at org.testng.SuiteRunner.runTest(SuiteRunner.java:334)
	at org.testng.SuiteRunner.runSequentially(SuiteRunner.java:329)
	at org.testng.SuiteRunner.privateRun(SuiteRunner.java:291)
	at org.testng.SuiteRunner.run(SuiteRunner.java:240)
	at org.testng.SuiteRunnerWorker.runSuite(SuiteRunnerWorker.java:52)
	at org.testng.SuiteRunnerWorker.run(SuiteRunnerWorker.java:86)
	at org.testng.TestNG.runSuitesSequentially(TestNG.java:1198)
	at org.testng.TestNG.runSuitesLocally(TestNG.java:1123)
	at org.testng.TestNG.run(TestNG.java:1031)
	at org.testng.remote.AbstractRemoteTestNG.run(AbstractRemoteTestNG.java:132)
	at org.testng.remote.RemoteTestNG.initAndRun(RemoteTestNG.java:236)
	at org.testng.remote.RemoteTestNG.main(RemoteTestNG.java:81)
</pre></div><a href='#' onClick='toggleBox("stack-trace286637708", this, "Click to show all stack frames", "Click to hide stack frames")'>Click to show all stack frames</a>
<div class='stack-trace' id='stack-trace286637708'><pre>java.lang.AssertionError: Step TC135_Verify_Project_Sub_Page_Version_NewPage_Pa Failed with description Failed expected [true] but found [false]
	at org.testng.Assert.fail(Assert.java:94)
	at org.testng.Assert.failNotEquals(Assert.java:494)
	at org.testng.Assert.assertTrue(Assert.java:42)
	at com.ctaf.support.HtmlReportSupport.onFailure(HtmlReportSupport.java:778)
	at com.ctaf.utilities.Reporter.failureReport(Reporter.java:91)
	at com.desktopWeb.scripts.sprint1.TC_135_Verify_Project_Sub_Page_Version_NewPage_Pa.TC135_Verify_Project_Sub_Page_Version_NewPage_Pa(TC_135_Verify_Project_Sub_Page_Version_NewPage_Pa.java:31)
	at sun.reflect.NativeMethodAccessorImpl.invoke0(Native Method)
	at sun.reflect.NativeMethodAccessorImpl.invoke(NativeMethodAccessorImpl.java:62)
	at sun.reflect.DelegatingMethodAccessorImpl.invoke(DelegatingMethodAccessorImpl.java:43)
	at java.lang.reflect.Method.invoke(Method.java:498)
	at org.testng.internal.MethodInvocationHelper.invokeMethod(MethodInvocationHelper.java:80)
	at org.testng.internal.Invoker.invokeMethod(Invoker.java:714)
	at org.testng.internal.Invoker.invokeTestMethod(Invoker.java:901)
	at org.testng.internal.Invoker.invokeTestMethods(Invoker.java:1231)
	at org.testng.internal.TestMethodWorker.invokeTestMethods(TestMethodWorker.java:127)
	at org.testng.internal.TestMethodWorker.run(TestMethodWorker.java:111)
	at org.testng.TestRunner.privateRun(TestRunner.java:767)
	at org.testng.TestRunner.run(TestRunner.java:617)
	at org.testng.SuiteRunner.runTest(SuiteRunner.java:334)
	at org.testng.SuiteRunner.runSequentially(SuiteRunner.java:329)
	at org.testng.SuiteRunner.privateRun(SuiteRunner.java:291)
	at org.testng.SuiteRunner.run(SuiteRunner.java:240)
	at org.testng.SuiteRunnerWorker.runSuite(SuiteRunnerWorker.java:52)
	at org.testng.SuiteRunnerWorker.run(SuiteRunnerWorker.java:86)
	at org.testng.TestNG.runSuitesSequentially(TestNG.java:1198)
	at org.testng.TestNG.runSuitesLocally(TestNG.java:1123)
	at org.testng.TestNG.run(TestNG.java:1031)
	at org.testng.remote.AbstractRemoteTestNG.run(AbstractRemoteTestNG.java:132)
	at org.testng.remote.RemoteTestNG.initAndRun(RemoteTestNG.java:236)
	at org.testng.remote.RemoteTestNG.main(RemoteTestNG.java:81)
</pre></div></td>
<td>267</td>
<td>com.desktopWeb.scripts.sprint1.TC_135_Verify_Project_Sub_Page_Version_NewPage_Pa@c730b35</td></tr>
<tr>
<td title='com.desktopWeb.scripts.sprint1.TC_137_Verify_Project_Sub_Page_Version_Duplicate_Pa.TC137_Verify_Project_Sub_Page_Version_Duplicate_Pa()'><b>TC137_Verify_Project_Sub_Page_Version_Duplicate_Pa</b><br>Test class: com.desktopWeb.scripts.sprint1.TC_137_Verify_Project_Sub_Page_Version_Duplicate_Pa<br>Parameters: autoprauthor@harvestdp.com, Automation2017, New Project for Test Execution, Verify Authoring/Page/Project_Sub_Page/Version Duplicate by Project Author</td>
<td><div><pre>java.lang.AssertionError: Step TC137_Verify_Project_Sub_Page_Version_Duplicate_Pa Failed with description Failed expected [true] but found [false]
	at org.testng.Assert.fail(Assert.java:94)
	at org.testng.Assert.failNotEquals(Assert.java:494)
	at org.testng.Assert.assertTrue(Assert.java:42)
	at com.ctaf.support.HtmlReportSupport.onFailure(HtmlReportSupport.java:778)
	at com.ctaf.utilities.Reporter.failureReport(Reporter.java:91)
	at com.desktopWeb.scripts.sprint1.TC_137_Verify_Project_Sub_Page_Version_Duplicate_Pa.TC137_Verify_Project_Sub_Page_Version_Duplicate_Pa(TC_137_Verify_Project_Sub_Page_Version_Duplicate_Pa.java:31)
	at sun.reflect.NativeMethodAccessorImpl.invoke0(Native Method)
	at sun.reflect.NativeMethodAccessorImpl.invoke(NativeMethodAccessorImpl.java:62)
	at sun.reflect.DelegatingMethodAccessorImpl.invoke(DelegatingMethodAccessorImpl.java:43)
	at java.lang.reflect.Method.invoke(Method.java:498)
	at org.testng.internal.MethodInvocationHelper.invokeMethod(MethodInvocationHelper.java:80)
	at org.testng.internal.Invoker.invokeMethod(Invoker.java:714)
	at org.testng.internal.Invoker.invokeTestMethod(Invoker.java:901)
	at org.testng.internal.Invoker.invokeTestMethods(Invoker.java:1231)
	at org.testng.internal.TestMethodWorker.invokeTestMethods(TestMethodWorker.java:127)
	at org.testng.internal.TestMethodWorker.run(TestMethodWorker.java:111)
	at org.testng.TestRunner.privateRun(TestRunner.java:767)
	at org.testng.TestRunner.run(TestRunner.java:617)
	at org.testng.SuiteRunner.runTest(SuiteRunner.java:334)
	at org.testng.SuiteRunner.runSequentially(SuiteRunner.java:329)
	at org.testng.SuiteRunner.privateRun(SuiteRunner.java:291)
	at org.testng.SuiteRunner.run(SuiteRunner.java:240)
	at org.testng.SuiteRunnerWorker.runSuite(SuiteRunnerWorker.java:52)
	at org.testng.SuiteRunnerWorker.run(SuiteRunnerWorker.java:86)
	at org.testng.TestNG.runSuitesSequentially(TestNG.java:1198)
	at org.testng.TestNG.runSuitesLocally(TestNG.java:1123)
	at org.testng.TestNG.run(TestNG.java:1031)
	at org.testng.remote.AbstractRemoteTestNG.run(AbstractRemoteTestNG.java:132)
	at org.testng.remote.RemoteTestNG.initAndRun(RemoteTestNG.java:236)
	at org.testng.remote.RemoteTestNG.main(RemoteTestNG.java:81)
</pre></div><a href='#' onClick='toggleBox("stack-trace754853679", this, "Click to show all stack frames", "Click to hide stack frames")'>Click to show all stack frames</a>
<div class='stack-trace' id='stack-trace754853679'><pre>java.lang.AssertionError: Step TC137_Verify_Project_Sub_Page_Version_Duplicate_Pa Failed with description Failed expected [true] but found [false]
	at org.testng.Assert.fail(Assert.java:94)
	at org.testng.Assert.failNotEquals(Assert.java:494)
	at org.testng.Assert.assertTrue(Assert.java:42)
	at com.ctaf.support.HtmlReportSupport.onFailure(HtmlReportSupport.java:778)
	at com.ctaf.utilities.Reporter.failureReport(Reporter.java:91)
	at com.desktopWeb.scripts.sprint1.TC_137_Verify_Project_Sub_Page_Version_Duplicate_Pa.TC137_Verify_Project_Sub_Page_Version_Duplicate_Pa(TC_137_Verify_Project_Sub_Page_Version_Duplicate_Pa.java:31)
	at sun.reflect.NativeMethodAccessorImpl.invoke0(Native Method)
	at sun.reflect.NativeMethodAccessorImpl.invoke(NativeMethodAccessorImpl.java:62)
	at sun.reflect.DelegatingMethodAccessorImpl.invoke(DelegatingMethodAccessorImpl.java:43)
	at java.lang.reflect.Method.invoke(Method.java:498)
	at org.testng.internal.MethodInvocationHelper.invokeMethod(MethodInvocationHelper.java:80)
	at org.testng.internal.Invoker.invokeMethod(Invoker.java:714)
	at org.testng.internal.Invoker.invokeTestMethod(Invoker.java:901)
	at org.testng.internal.Invoker.invokeTestMethods(Invoker.java:1231)
	at org.testng.internal.TestMethodWorker.invokeTestMethods(TestMethodWorker.java:127)
	at org.testng.internal.TestMethodWorker.run(TestMethodWorker.java:111)
	at org.testng.TestRunner.privateRun(TestRunner.java:767)
	at org.testng.TestRunner.run(TestRunner.java:617)
	at org.testng.SuiteRunner.runTest(SuiteRunner.java:334)
	at org.testng.SuiteRunner.runSequentially(SuiteRunner.java:329)
	at org.testng.SuiteRunner.privateRun(SuiteRunner.java:291)
	at org.testng.SuiteRunner.run(SuiteRunner.java:240)
	at org.testng.SuiteRunnerWorker.runSuite(SuiteRunnerWorker.java:52)
	at org.testng.SuiteRunnerWorker.run(SuiteRunnerWorker.java:86)
	at org.testng.TestNG.runSuitesSequentially(TestNG.java:1198)
	at org.testng.TestNG.runSuitesLocally(TestNG.java:1123)
	at org.testng.TestNG.run(TestNG.java:1031)
	at org.testng.remote.AbstractRemoteTestNG.run(AbstractRemoteTestNG.java:132)
	at org.testng.remote.RemoteTestNG.initAndRun(RemoteTestNG.java:236)
	at org.testng.remote.RemoteTestNG.main(RemoteTestNG.java:81)
</pre></div></td>
<td>268</td>
<td>com.desktopWeb.scripts.sprint1.TC_137_Verify_Project_Sub_Page_Version_Duplicate_Pa@4c371370</td></tr>
<tr>
<td title='com.desktopWeb.scripts.sprint1.TC_139_Design_Project_Sub_Page_Template_Pa.TC139_Design_Project_Sub_Page_Template_Pa()'><b>TC139_Design_Project_Sub_Page_Template_Pa</b><br>Test class: com.desktopWeb.scripts.sprint1.TC_139_Design_Project_Sub_Page_Template_Pa<br>Parameters: autoprauthor@harvestdp.com, Automation2017, New Project for Test Execution, narrow, savechanges, Verify Authoring/Page/Project_Sub_Page/Design by Project Author</td>
<td><div><pre>java.lang.AssertionError: Step TC139_Design_Project_Sub_Page_Template_Pa Failed with description Failed expected [true] but found [false]
	at org.testng.Assert.fail(Assert.java:94)
	at org.testng.Assert.failNotEquals(Assert.java:494)
	at org.testng.Assert.assertTrue(Assert.java:42)
	at com.ctaf.support.HtmlReportSupport.onFailure(HtmlReportSupport.java:778)
	at com.ctaf.utilities.Reporter.failureReport(Reporter.java:91)
	at com.desktopWeb.scripts.sprint1.TC_139_Design_Project_Sub_Page_Template_Pa.TC139_Design_Project_Sub_Page_Template_Pa(TC_139_Design_Project_Sub_Page_Template_Pa.java:30)
	at sun.reflect.NativeMethodAccessorImpl.invoke0(Native Method)
	at sun.reflect.NativeMethodAccessorImpl.invoke(NativeMethodAccessorImpl.java:62)
	at sun.reflect.DelegatingMethodAccessorImpl.invoke(DelegatingMethodAccessorImpl.java:43)
	at java.lang.reflect.Method.invoke(Method.java:498)
	at org.testng.internal.MethodInvocationHelper.invokeMethod(MethodInvocationHelper.java:80)
	at org.testng.internal.Invoker.invokeMethod(Invoker.java:714)
	at org.testng.internal.Invoker.invokeTestMethod(Invoker.java:901)
	at org.testng.internal.Invoker.invokeTestMethods(Invoker.java:1231)
	at org.testng.internal.TestMethodWorker.invokeTestMethods(TestMethodWorker.java:127)
	at org.testng.internal.TestMethodWorker.run(TestMethodWorker.java:111)
	at org.testng.TestRunner.privateRun(TestRunner.java:767)
	at org.testng.TestRunner.run(TestRunner.java:617)
	at org.testng.SuiteRunner.runTest(SuiteRunner.java:334)
	at org.testng.SuiteRunner.runSequentially(SuiteRunner.java:329)
	at org.testng.SuiteRunner.privateRun(SuiteRunner.java:291)
	at org.testng.SuiteRunner.run(SuiteRunner.java:240)
	at org.testng.SuiteRunnerWorker.runSuite(SuiteRunnerWorker.java:52)
	at org.testng.SuiteRunnerWorker.run(SuiteRunnerWorker.java:86)
	at org.testng.TestNG.runSuitesSequentially(TestNG.java:1198)
	at org.testng.TestNG.runSuitesLocally(TestNG.java:1123)
	at org.testng.TestNG.run(TestNG.java:1031)
	at org.testng.remote.AbstractRemoteTestNG.run(AbstractRemoteTestNG.java:132)
	at org.testng.remote.RemoteTestNG.initAndRun(RemoteTestNG.java:236)
	at org.testng.remote.RemoteTestNG.main(RemoteTestNG.java:81)
</pre></div><a href='#' onClick='toggleBox("stack-trace691863815", this, "Click to show all stack frames", "Click to hide stack frames")'>Click to show all stack frames</a>
<div class='stack-trace' id='stack-trace691863815'><pre>java.lang.AssertionError: Step TC139_Design_Project_Sub_Page_Template_Pa Failed with description Failed expected [true] but found [false]
	at org.testng.Assert.fail(Assert.java:94)
	at org.testng.Assert.failNotEquals(Assert.java:494)
	at org.testng.Assert.assertTrue(Assert.java:42)
	at com.ctaf.support.HtmlReportSupport.onFailure(HtmlReportSupport.java:778)
	at com.ctaf.utilities.Reporter.failureReport(Reporter.java:91)
	at com.desktopWeb.scripts.sprint1.TC_139_Design_Project_Sub_Page_Template_Pa.TC139_Design_Project_Sub_Page_Template_Pa(TC_139_Design_Project_Sub_Page_Template_Pa.java:30)
	at sun.reflect.NativeMethodAccessorImpl.invoke0(Native Method)
	at sun.reflect.NativeMethodAccessorImpl.invoke(NativeMethodAccessorImpl.java:62)
	at sun.reflect.DelegatingMethodAccessorImpl.invoke(DelegatingMethodAccessorImpl.java:43)
	at java.lang.reflect.Method.invoke(Method.java:498)
	at org.testng.internal.MethodInvocationHelper.invokeMethod(MethodInvocationHelper.java:80)
	at org.testng.internal.Invoker.invokeMethod(Invoker.java:714)
	at org.testng.internal.Invoker.invokeTestMethod(Invoker.java:901)
	at org.testng.internal.Invoker.invokeTestMethods(Invoker.java:1231)
	at org.testng.internal.TestMethodWorker.invokeTestMethods(TestMethodWorker.java:127)
	at org.testng.internal.TestMethodWorker.run(TestMethodWorker.java:111)
	at org.testng.TestRunner.privateRun(TestRunner.java:767)
	at org.testng.TestRunner.run(TestRunner.java:617)
	at org.testng.SuiteRunner.runTest(SuiteRunner.java:334)
	at org.testng.SuiteRunner.runSequentially(SuiteRunner.java:329)
	at org.testng.SuiteRunner.privateRun(SuiteRunner.java:291)
	at org.testng.SuiteRunner.run(SuiteRunner.java:240)
	at org.testng.SuiteRunnerWorker.runSuite(SuiteRunnerWorker.java:52)
	at org.testng.SuiteRunnerWorker.run(SuiteRunnerWorker.java:86)
	at org.testng.TestNG.runSuitesSequentially(TestNG.java:1198)
	at org.testng.TestNG.runSuitesLocally(TestNG.java:1123)
	at org.testng.TestNG.run(TestNG.java:1031)
	at org.testng.remote.AbstractRemoteTestNG.run(AbstractRemoteTestNG.java:132)
	at org.testng.remote.RemoteTestNG.initAndRun(RemoteTestNG.java:236)
	at org.testng.remote.RemoteTestNG.main(RemoteTestNG.java:81)
</pre></div></td>
<td>276</td>
<td>com.desktopWeb.scripts.sprint1.TC_139_Design_Project_Sub_Page_Template_Pa@6f1de4c7</td></tr>
<tr>
<td title='com.desktopWeb.scripts.sprint1.TC_140_SEO_Project_Sub_Page_Name_Pa.TC140_SEO_Project_Sub_Page_Name_Pa()'><b>TC140_SEO_Project_Sub_Page_Name_Pa</b><br>Test class: com.desktopWeb.scripts.sprint1.TC_140_SEO_Project_Sub_Page_Name_Pa<br>Parameters: autoprauthor@harvestdp.com, Automation2017, New Project for Test Execution, New Desc, savechanges, Verify Authoring/Page/Project_Sub_Page/SEO Funtionality by Project Author</td>
<td><div><pre>java.lang.AssertionError: Step TC140_SEO_Project_Sub_Page_Name_Pa Failed with description Failed expected [true] but found [false]
	at org.testng.Assert.fail(Assert.java:94)
	at org.testng.Assert.failNotEquals(Assert.java:494)
	at org.testng.Assert.assertTrue(Assert.java:42)
	at com.ctaf.support.HtmlReportSupport.onFailure(HtmlReportSupport.java:778)
	at com.ctaf.utilities.Reporter.failureReport(Reporter.java:91)
	at com.desktopWeb.scripts.sprint1.TC_140_SEO_Project_Sub_Page_Name_Pa.TC140_SEO_Project_Sub_Page_Name_Pa(TC_140_SEO_Project_Sub_Page_Name_Pa.java:29)
	at sun.reflect.NativeMethodAccessorImpl.invoke0(Native Method)
	at sun.reflect.NativeMethodAccessorImpl.invoke(NativeMethodAccessorImpl.java:62)
	at sun.reflect.DelegatingMethodAccessorImpl.invoke(DelegatingMethodAccessorImpl.java:43)
	at java.lang.reflect.Method.invoke(Method.java:498)
	at org.testng.internal.MethodInvocationHelper.invokeMethod(MethodInvocationHelper.java:80)
	at org.testng.internal.Invoker.invokeMethod(Invoker.java:714)
	at org.testng.internal.Invoker.invokeTestMethod(Invoker.java:901)
	at org.testng.internal.Invoker.invokeTestMethods(Invoker.java:1231)
	at org.testng.internal.TestMethodWorker.invokeTestMethods(TestMethodWorker.java:127)
	at org.testng.internal.TestMethodWorker.run(TestMethodWorker.java:111)
	at org.testng.TestRunner.privateRun(TestRunner.java:767)
	at org.testng.TestRunner.run(TestRunner.java:617)
	at org.testng.SuiteRunner.runTest(SuiteRunner.java:334)
	at org.testng.SuiteRunner.runSequentially(SuiteRunner.java:329)
	at org.testng.SuiteRunner.privateRun(SuiteRunner.java:291)
	at org.testng.SuiteRunner.run(SuiteRunner.java:240)
	at org.testng.SuiteRunnerWorker.runSuite(SuiteRunnerWorker.java:52)
	at org.testng.SuiteRunnerWorker.run(SuiteRunnerWorker.java:86)
	at org.testng.TestNG.runSuitesSequentially(TestNG.java:1198)
	at org.testng.TestNG.runSuitesLocally(TestNG.java:1123)
	at org.testng.TestNG.run(TestNG.java:1031)
	at org.testng.remote.AbstractRemoteTestNG.run(AbstractRemoteTestNG.java:132)
	at org.testng.remote.RemoteTestNG.initAndRun(RemoteTestNG.java:236)
	at org.testng.remote.RemoteTestNG.main(RemoteTestNG.java:81)
</pre></div><a href='#' onClick='toggleBox("stack-trace98974893", this, "Click to show all stack frames", "Click to hide stack frames")'>Click to show all stack frames</a>
<div class='stack-trace' id='stack-trace98974893'><pre>java.lang.AssertionError: Step TC140_SEO_Project_Sub_Page_Name_Pa Failed with description Failed expected [true] but found [false]
	at org.testng.Assert.fail(Assert.java:94)
	at org.testng.Assert.failNotEquals(Assert.java:494)
	at org.testng.Assert.assertTrue(Assert.java:42)
	at com.ctaf.support.HtmlReportSupport.onFailure(HtmlReportSupport.java:778)
	at com.ctaf.utilities.Reporter.failureReport(Reporter.java:91)
	at com.desktopWeb.scripts.sprint1.TC_140_SEO_Project_Sub_Page_Name_Pa.TC140_SEO_Project_Sub_Page_Name_Pa(TC_140_SEO_Project_Sub_Page_Name_Pa.java:29)
	at sun.reflect.NativeMethodAccessorImpl.invoke0(Native Method)
	at sun.reflect.NativeMethodAccessorImpl.invoke(NativeMethodAccessorImpl.java:62)
	at sun.reflect.DelegatingMethodAccessorImpl.invoke(DelegatingMethodAccessorImpl.java:43)
	at java.lang.reflect.Method.invoke(Method.java:498)
	at org.testng.internal.MethodInvocationHelper.invokeMethod(MethodInvocationHelper.java:80)
	at org.testng.internal.Invoker.invokeMethod(Invoker.java:714)
	at org.testng.internal.Invoker.invokeTestMethod(Invoker.java:901)
	at org.testng.internal.Invoker.invokeTestMethods(Invoker.java:1231)
	at org.testng.internal.TestMethodWorker.invokeTestMethods(TestMethodWorker.java:127)
	at org.testng.internal.TestMethodWorker.run(TestMethodWorker.java:111)
	at org.testng.TestRunner.privateRun(TestRunner.java:767)
	at org.testng.TestRunner.run(TestRunner.java:617)
	at org.testng.SuiteRunner.runTest(SuiteRunner.java:334)
	at org.testng.SuiteRunner.runSequentially(SuiteRunner.java:329)
	at org.testng.SuiteRunner.privateRun(SuiteRunner.java:291)
	at org.testng.SuiteRunner.run(SuiteRunner.java:240)
	at org.testng.SuiteRunnerWorker.runSuite(SuiteRunnerWorker.java:52)
	at org.testng.SuiteRunnerWorker.run(SuiteRunnerWorker.java:86)
	at org.testng.TestNG.runSuitesSequentially(TestNG.java:1198)
	at org.testng.TestNG.runSuitesLocally(TestNG.java:1123)
	at org.testng.TestNG.run(TestNG.java:1031)
	at org.testng.remote.AbstractRemoteTestNG.run(AbstractRemoteTestNG.java:132)
	at org.testng.remote.RemoteTestNG.initAndRun(RemoteTestNG.java:236)
	at org.testng.remote.RemoteTestNG.main(RemoteTestNG.java:81)
</pre></div></td>
<td>271</td>
<td>com.desktopWeb.scripts.sprint1.TC_140_SEO_Project_Sub_Page_Name_Pa@3023df74</td></tr>
<tr>
<td title='com.desktopWeb.scripts.sprint1.TC_141_Location_Project_Sub_Page_Location_Pa.TC141_Location_Project_Sub_Page_Location_Pa()'><b>TC141_Location_Project_Sub_Page_Location_Pa</b><br>Test class: com.desktopWeb.scripts.sprint1.TC_141_Location_Project_Sub_Page_Location_Pa<br>Parameters: autoprauthor@harvestdp.com, Automation2017, New Project for Test Execution, savechanges, Verify Authoring/Page/Project_Sub_Page/Location by Project Author</td>
<td><div><pre>java.lang.AssertionError: Step TC141_Location_Project_Sub_Page_Location_Pa Failed with description Failed expected [true] but found [false]
	at org.testng.Assert.fail(Assert.java:94)
	at org.testng.Assert.failNotEquals(Assert.java:494)
	at org.testng.Assert.assertTrue(Assert.java:42)
	at com.ctaf.support.HtmlReportSupport.onFailure(HtmlReportSupport.java:778)
	at com.ctaf.utilities.Reporter.failureReport(Reporter.java:91)
	at com.desktopWeb.scripts.sprint1.TC_141_Location_Project_Sub_Page_Location_Pa.TC141_Location_Project_Sub_Page_Location_Pa(TC_141_Location_Project_Sub_Page_Location_Pa.java:29)
	at sun.reflect.NativeMethodAccessorImpl.invoke0(Native Method)
	at sun.reflect.NativeMethodAccessorImpl.invoke(NativeMethodAccessorImpl.java:62)
	at sun.reflect.DelegatingMethodAccessorImpl.invoke(DelegatingMethodAccessorImpl.java:43)
	at java.lang.reflect.Method.invoke(Method.java:498)
	at org.testng.internal.MethodInvocationHelper.invokeMethod(MethodInvocationHelper.java:80)
	at org.testng.internal.Invoker.invokeMethod(Invoker.java:714)
	at org.testng.internal.Invoker.invokeTestMethod(Invoker.java:901)
	at org.testng.internal.Invoker.invokeTestMethods(Invoker.java:1231)
	at org.testng.internal.TestMethodWorker.invokeTestMethods(TestMethodWorker.java:127)
	at org.testng.internal.TestMethodWorker.run(TestMethodWorker.java:111)
	at org.testng.TestRunner.privateRun(TestRunner.java:767)
	at org.testng.TestRunner.run(TestRunner.java:617)
	at org.testng.SuiteRunner.runTest(SuiteRunner.java:334)
	at org.testng.SuiteRunner.runSequentially(SuiteRunner.java:329)
	at org.testng.SuiteRunner.privateRun(SuiteRunner.java:291)
	at org.testng.SuiteRunner.run(SuiteRunner.java:240)
	at org.testng.SuiteRunnerWorker.runSuite(SuiteRunnerWorker.java:52)
	at org.testng.SuiteRunnerWorker.run(SuiteRunnerWorker.java:86)
	at org.testng.TestNG.runSuitesSequentially(TestNG.java:1198)
	at org.testng.TestNG.runSuitesLocally(TestNG.java:1123)
	at org.testng.TestNG.run(TestNG.java:1031)
	at org.testng.remote.AbstractRemoteTestNG.run(AbstractRemoteTestNG.java:132)
	at org.testng.remote.RemoteTestNG.initAndRun(RemoteTestNG.java:236)
	at org.testng.remote.RemoteTestNG.main(RemoteTestNG.java:81)
</pre></div><a href='#' onClick='toggleBox("stack-trace494893410", this, "Click to show all stack frames", "Click to hide stack frames")'>Click to show all stack frames</a>
<div class='stack-trace' id='stack-trace494893410'><pre>java.lang.AssertionError: Step TC141_Location_Project_Sub_Page_Location_Pa Failed with description Failed expected [true] but found [false]
	at org.testng.Assert.fail(Assert.java:94)
	at org.testng.Assert.failNotEquals(Assert.java:494)
	at org.testng.Assert.assertTrue(Assert.java:42)
	at com.ctaf.support.HtmlReportSupport.onFailure(HtmlReportSupport.java:778)
	at com.ctaf.utilities.Reporter.failureReport(Reporter.java:91)
	at com.desktopWeb.scripts.sprint1.TC_141_Location_Project_Sub_Page_Location_Pa.TC141_Location_Project_Sub_Page_Location_Pa(TC_141_Location_Project_Sub_Page_Location_Pa.java:29)
	at sun.reflect.NativeMethodAccessorImpl.invoke0(Native Method)
	at sun.reflect.NativeMethodAccessorImpl.invoke(NativeMethodAccessorImpl.java:62)
	at sun.reflect.DelegatingMethodAccessorImpl.invoke(DelegatingMethodAccessorImpl.java:43)
	at java.lang.reflect.Method.invoke(Method.java:498)
	at org.testng.internal.MethodInvocationHelper.invokeMethod(MethodInvocationHelper.java:80)
	at org.testng.internal.Invoker.invokeMethod(Invoker.java:714)
	at org.testng.internal.Invoker.invokeTestMethod(Invoker.java:901)
	at org.testng.internal.Invoker.invokeTestMethods(Invoker.java:1231)
	at org.testng.internal.TestMethodWorker.invokeTestMethods(TestMethodWorker.java:127)
	at org.testng.internal.TestMethodWorker.run(TestMethodWorker.java:111)
	at org.testng.TestRunner.privateRun(TestRunner.java:767)
	at org.testng.TestRunner.run(TestRunner.java:617)
	at org.testng.SuiteRunner.runTest(SuiteRunner.java:334)
	at org.testng.SuiteRunner.runSequentially(SuiteRunner.java:329)
	at org.testng.SuiteRunner.privateRun(SuiteRunner.java:291)
	at org.testng.SuiteRunner.run(SuiteRunner.java:240)
	at org.testng.SuiteRunnerWorker.runSuite(SuiteRunnerWorker.java:52)
	at org.testng.SuiteRunnerWorker.run(SuiteRunnerWorker.java:86)
	at org.testng.TestNG.runSuitesSequentially(TestNG.java:1198)
	at org.testng.TestNG.runSuitesLocally(TestNG.java:1123)
	at org.testng.TestNG.run(TestNG.java:1031)
	at org.testng.remote.AbstractRemoteTestNG.run(AbstractRemoteTestNG.java:132)
	at org.testng.remote.RemoteTestNG.initAndRun(RemoteTestNG.java:236)
	at org.testng.remote.RemoteTestNG.main(RemoteTestNG.java:81)
</pre></div></td>
<td>297</td>
<td>com.desktopWeb.scripts.sprint1.TC_141_Location_Project_Sub_Page_Location_Pa@235834f2</td></tr>
<tr>
<td title='com.desktopWeb.scripts.sprint1.TC_143_Verify_Project_Sub_Page_Version_Approve_Pa.TC143_Verify_Project_Sub_Page_Version_Approve_Pa()'><b>TC143_Verify_Project_Sub_Page_Version_Approve_Pa</b><br>Test class: com.desktopWeb.scripts.sprint1.TC_143_Verify_Project_Sub_Page_Version_Approve_Pa<br>Parameters: autoprauthor@harvestdp.com, Automation2017, New Project for Test Execution, Verify Authoring/Page/Project_Sub_PageVersion Approve by Consultation Manager</td>
<td><div><pre>java.lang.AssertionError: Step TC143_Verify_Project_Sub_Page_Version_Approve_Pa Failed with description Failed expected [true] but found [false]
	at org.testng.Assert.fail(Assert.java:94)
	at org.testng.Assert.failNotEquals(Assert.java:494)
	at org.testng.Assert.assertTrue(Assert.java:42)
	at com.ctaf.support.HtmlReportSupport.onFailure(HtmlReportSupport.java:778)
	at com.ctaf.utilities.Reporter.failureReport(Reporter.java:91)
	at com.desktopWeb.scripts.sprint1.TC_143_Verify_Project_Sub_Page_Version_Approve_Pa.TC143_Verify_Project_Sub_Page_Version_Approve_Pa(TC_143_Verify_Project_Sub_Page_Version_Approve_Pa.java:31)
	at sun.reflect.NativeMethodAccessorImpl.invoke0(Native Method)
	at sun.reflect.NativeMethodAccessorImpl.invoke(NativeMethodAccessorImpl.java:62)
	at sun.reflect.DelegatingMethodAccessorImpl.invoke(DelegatingMethodAccessorImpl.java:43)
	at java.lang.reflect.Method.invoke(Method.java:498)
	at org.testng.internal.MethodInvocationHelper.invokeMethod(MethodInvocationHelper.java:80)
	at org.testng.internal.Invoker.invokeMethod(Invoker.java:714)
	at org.testng.internal.Invoker.invokeTestMethod(Invoker.java:901)
	at org.testng.internal.Invoker.invokeTestMethods(Invoker.java:1231)
	at org.testng.internal.TestMethodWorker.invokeTestMethods(TestMethodWorker.java:127)
	at org.testng.internal.TestMethodWorker.run(TestMethodWorker.java:111)
	at org.testng.TestRunner.privateRun(TestRunner.java:767)
	at org.testng.TestRunner.run(TestRunner.java:617)
	at org.testng.SuiteRunner.runTest(SuiteRunner.java:334)
	at org.testng.SuiteRunner.runSequentially(SuiteRunner.java:329)
	at org.testng.SuiteRunner.privateRun(SuiteRunner.java:291)
	at org.testng.SuiteRunner.run(SuiteRunner.java:240)
	at org.testng.SuiteRunnerWorker.runSuite(SuiteRunnerWorker.java:52)
	at org.testng.SuiteRunnerWorker.run(SuiteRunnerWorker.java:86)
	at org.testng.TestNG.runSuitesSequentially(TestNG.java:1198)
	at org.testng.TestNG.runSuitesLocally(TestNG.java:1123)
	at org.testng.TestNG.run(TestNG.java:1031)
	at org.testng.remote.AbstractRemoteTestNG.run(AbstractRemoteTestNG.java:132)
	at org.testng.remote.RemoteTestNG.initAndRun(RemoteTestNG.java:236)
	at org.testng.remote.RemoteTestNG.main(RemoteTestNG.java:81)
</pre></div><a href='#' onClick='toggleBox("stack-trace2137205195", this, "Click to show all stack frames", "Click to hide stack frames")'>Click to show all stack frames</a>
<div class='stack-trace' id='stack-trace2137205195'><pre>java.lang.AssertionError: Step TC143_Verify_Project_Sub_Page_Version_Approve_Pa Failed with description Failed expected [true] but found [false]
	at org.testng.Assert.fail(Assert.java:94)
	at org.testng.Assert.failNotEquals(Assert.java:494)
	at org.testng.Assert.assertTrue(Assert.java:42)
	at com.ctaf.support.HtmlReportSupport.onFailure(HtmlReportSupport.java:778)
	at com.ctaf.utilities.Reporter.failureReport(Reporter.java:91)
	at com.desktopWeb.scripts.sprint1.TC_143_Verify_Project_Sub_Page_Version_Approve_Pa.TC143_Verify_Project_Sub_Page_Version_Approve_Pa(TC_143_Verify_Project_Sub_Page_Version_Approve_Pa.java:31)
	at sun.reflect.NativeMethodAccessorImpl.invoke0(Native Method)
	at sun.reflect.NativeMethodAccessorImpl.invoke(NativeMethodAccessorImpl.java:62)
	at sun.reflect.DelegatingMethodAccessorImpl.invoke(DelegatingMethodAccessorImpl.java:43)
	at java.lang.reflect.Method.invoke(Method.java:498)
	at org.testng.internal.MethodInvocationHelper.invokeMethod(MethodInvocationHelper.java:80)
	at org.testng.internal.Invoker.invokeMethod(Invoker.java:714)
	at org.testng.internal.Invoker.invokeTestMethod(Invoker.java:901)
	at org.testng.internal.Invoker.invokeTestMethods(Invoker.java:1231)
	at org.testng.internal.TestMethodWorker.invokeTestMethods(TestMethodWorker.java:127)
	at org.testng.internal.TestMethodWorker.run(TestMethodWorker.java:111)
	at org.testng.TestRunner.privateRun(TestRunner.java:767)
	at org.testng.TestRunner.run(TestRunner.java:617)
	at org.testng.SuiteRunner.runTest(SuiteRunner.java:334)
	at org.testng.SuiteRunner.runSequentially(SuiteRunner.java:329)
	at org.testng.SuiteRunner.privateRun(SuiteRunner.java:291)
	at org.testng.SuiteRunner.run(SuiteRunner.java:240)
	at org.testng.SuiteRunnerWorker.runSuite(SuiteRunnerWorker.java:52)
	at org.testng.SuiteRunnerWorker.run(SuiteRunnerWorker.java:86)
	at org.testng.TestNG.runSuitesSequentially(TestNG.java:1198)
	at org.testng.TestNG.runSuitesLocally(TestNG.java:1123)
	at org.testng.TestNG.run(TestNG.java:1031)
	at org.testng.remote.AbstractRemoteTestNG.run(AbstractRemoteTestNG.java:132)
	at org.testng.remote.RemoteTestNG.initAndRun(RemoteTestNG.java:236)
	at org.testng.remote.RemoteTestNG.main(RemoteTestNG.java:81)
</pre></div></td>
<td>267</td>
<td>com.desktopWeb.scripts.sprint1.TC_143_Verify_Project_Sub_Page_Version_Approve_Pa@1bb5a082</td></tr>
<tr>
<td title='com.desktopWeb.scripts.sprint1.TC_144_Detail_Project_Sub_Page_Project_Pa.TC144_Detail_Project_Sub_Page_Project_Pa()'><b>TC144_Detail_Project_Sub_Page_Project_Pa</b><br>Test class: com.desktopWeb.scripts.sprint1.TC_144_Detail_Project_Sub_Page_Project_Pa<br>Parameters: autoprauthor@harvestdp.com, Automation2017, New Project for Test Execution, New Project for Test Execution, ignore, Verify Authoring/Page/Project_Sub_Page/Details by Project Author</td>
<td><div><pre>java.lang.AssertionError: Step TC144_Detail_Project_Sub_Page_Project_Pa Failed with description Failed expected [true] but found [false]
	at org.testng.Assert.fail(Assert.java:94)
	at org.testng.Assert.failNotEquals(Assert.java:494)
	at org.testng.Assert.assertTrue(Assert.java:42)
	at com.ctaf.support.HtmlReportSupport.onFailure(HtmlReportSupport.java:778)
	at com.ctaf.utilities.Reporter.failureReport(Reporter.java:91)
	at com.desktopWeb.scripts.sprint1.TC_144_Detail_Project_Sub_Page_Project_Pa.TC144_Detail_Project_Sub_Page_Project_Pa(TC_144_Detail_Project_Sub_Page_Project_Pa.java:29)
	at sun.reflect.NativeMethodAccessorImpl.invoke0(Native Method)
	at sun.reflect.NativeMethodAccessorImpl.invoke(NativeMethodAccessorImpl.java:62)
	at sun.reflect.DelegatingMethodAccessorImpl.invoke(DelegatingMethodAccessorImpl.java:43)
	at java.lang.reflect.Method.invoke(Method.java:498)
	at org.testng.internal.MethodInvocationHelper.invokeMethod(MethodInvocationHelper.java:80)
	at org.testng.internal.Invoker.invokeMethod(Invoker.java:714)
	at org.testng.internal.Invoker.invokeTestMethod(Invoker.java:901)
	at org.testng.internal.Invoker.invokeTestMethods(Invoker.java:1231)
	at org.testng.internal.TestMethodWorker.invokeTestMethods(TestMethodWorker.java:127)
	at org.testng.internal.TestMethodWorker.run(TestMethodWorker.java:111)
	at org.testng.TestRunner.privateRun(TestRunner.java:767)
	at org.testng.TestRunner.run(TestRunner.java:617)
	at org.testng.SuiteRunner.runTest(SuiteRunner.java:334)
	at org.testng.SuiteRunner.runSequentially(SuiteRunner.java:329)
	at org.testng.SuiteRunner.privateRun(SuiteRunner.java:291)
	at org.testng.SuiteRunner.run(SuiteRunner.java:240)
	at org.testng.SuiteRunnerWorker.runSuite(SuiteRunnerWorker.java:52)
	at org.testng.SuiteRunnerWorker.run(SuiteRunnerWorker.java:86)
	at org.testng.TestNG.runSuitesSequentially(TestNG.java:1198)
	at org.testng.TestNG.runSuitesLocally(TestNG.java:1123)
	at org.testng.TestNG.run(TestNG.java:1031)
	at org.testng.remote.AbstractRemoteTestNG.run(AbstractRemoteTestNG.java:132)
	at org.testng.remote.RemoteTestNG.initAndRun(RemoteTestNG.java:236)
	at org.testng.remote.RemoteTestNG.main(RemoteTestNG.java:81)
</pre></div><a href='#' onClick='toggleBox("stack-trace1423978346", this, "Click to show all stack frames", "Click to hide stack frames")'>Click to show all stack frames</a>
<div class='stack-trace' id='stack-trace1423978346'><pre>java.lang.AssertionError: Step TC144_Detail_Project_Sub_Page_Project_Pa Failed with description Failed expected [true] but found [false]
	at org.testng.Assert.fail(Assert.java:94)
	at org.testng.Assert.failNotEquals(Assert.java:494)
	at org.testng.Assert.assertTrue(Assert.java:42)
	at com.ctaf.support.HtmlReportSupport.onFailure(HtmlReportSupport.java:778)
	at com.ctaf.utilities.Reporter.failureReport(Reporter.java:91)
	at com.desktopWeb.scripts.sprint1.TC_144_Detail_Project_Sub_Page_Project_Pa.TC144_Detail_Project_Sub_Page_Project_Pa(TC_144_Detail_Project_Sub_Page_Project_Pa.java:29)
	at sun.reflect.NativeMethodAccessorImpl.invoke0(Native Method)
	at sun.reflect.NativeMethodAccessorImpl.invoke(NativeMethodAccessorImpl.java:62)
	at sun.reflect.DelegatingMethodAccessorImpl.invoke(DelegatingMethodAccessorImpl.java:43)
	at java.lang.reflect.Method.invoke(Method.java:498)
	at org.testng.internal.MethodInvocationHelper.invokeMethod(MethodInvocationHelper.java:80)
	at org.testng.internal.Invoker.invokeMethod(Invoker.java:714)
	at org.testng.internal.Invoker.invokeTestMethod(Invoker.java:901)
	at org.testng.internal.Invoker.invokeTestMethods(Invoker.java:1231)
	at org.testng.internal.TestMethodWorker.invokeTestMethods(TestMethodWorker.java:127)
	at org.testng.internal.TestMethodWorker.run(TestMethodWorker.java:111)
	at org.testng.TestRunner.privateRun(TestRunner.java:767)
	at org.testng.TestRunner.run(TestRunner.java:617)
	at org.testng.SuiteRunner.runTest(SuiteRunner.java:334)
	at org.testng.SuiteRunner.runSequentially(SuiteRunner.java:329)
	at org.testng.SuiteRunner.privateRun(SuiteRunner.java:291)
	at org.testng.SuiteRunner.run(SuiteRunner.java:240)
	at org.testng.SuiteRunnerWorker.runSuite(SuiteRunnerWorker.java:52)
	at org.testng.SuiteRunnerWorker.run(SuiteRunnerWorker.java:86)
	at org.testng.TestNG.runSuitesSequentially(TestNG.java:1198)
	at org.testng.TestNG.runSuitesLocally(TestNG.java:1123)
	at org.testng.TestNG.run(TestNG.java:1031)
	at org.testng.remote.AbstractRemoteTestNG.run(AbstractRemoteTestNG.java:132)
	at org.testng.remote.RemoteTestNG.initAndRun(RemoteTestNG.java:236)
	at org.testng.remote.RemoteTestNG.main(RemoteTestNG.java:81)
</pre></div></td>
<td>267</td>
<td>com.desktopWeb.scripts.sprint1.TC_144_Detail_Project_Sub_Page_Project_Pa@48f2bd5b</td></tr>
<tr>
<td title='com.desktopWeb.scripts.sprint1.TC_145_Detail_Page_News_Page_Project_En.TC145_Detail_Page_News_Page_Project_En()'><b>TC145_Detail_Page_News_Page_Project_En</b><br>Test class: com.desktopWeb.scripts.sprint1.TC_145_Detail_Page_News_Page_Project_En<br>Parameters: autoenmanager@harvestdp.com, Automation2017, New Project for Test Execution, New Project for Test Execution, savechanges, Verify Authoring/Page/News_Page/Details funtionality by Engagement Manager</td>
<td><div><pre>java.lang.AssertionError: Step TC145_Detail_Page_News_Page_Project_En Failed with description Failed expected [true] but found [false]
	at org.testng.Assert.fail(Assert.java:94)
	at org.testng.Assert.failNotEquals(Assert.java:494)
	at org.testng.Assert.assertTrue(Assert.java:42)
	at com.ctaf.support.HtmlReportSupport.onFailure(HtmlReportSupport.java:778)
	at com.ctaf.utilities.Reporter.failureReport(Reporter.java:91)
	at com.desktopWeb.scripts.sprint1.TC_145_Detail_Page_News_Page_Project_En.TC145_Detail_Page_News_Page_Project_En(TC_145_Detail_Page_News_Page_Project_En.java:30)
	at sun.reflect.NativeMethodAccessorImpl.invoke0(Native Method)
	at sun.reflect.NativeMethodAccessorImpl.invoke(NativeMethodAccessorImpl.java:62)
	at sun.reflect.DelegatingMethodAccessorImpl.invoke(DelegatingMethodAccessorImpl.java:43)
	at java.lang.reflect.Method.invoke(Method.java:498)
	at org.testng.internal.MethodInvocationHelper.invokeMethod(MethodInvocationHelper.java:80)
	at org.testng.internal.Invoker.invokeMethod(Invoker.java:714)
	at org.testng.internal.Invoker.invokeTestMethod(Invoker.java:901)
	at org.testng.internal.Invoker.invokeTestMethods(Invoker.java:1231)
	at org.testng.internal.TestMethodWorker.invokeTestMethods(TestMethodWorker.java:127)
	at org.testng.internal.TestMethodWorker.run(TestMethodWorker.java:111)
	at org.testng.TestRunner.privateRun(TestRunner.java:767)
	at org.testng.TestRunner.run(TestRunner.java:617)
	at org.testng.SuiteRunner.runTest(SuiteRunner.java:334)
	at org.testng.SuiteRunner.runSequentially(SuiteRunner.java:329)
	at org.testng.SuiteRunner.privateRun(SuiteRunner.java:291)
	at org.testng.SuiteRunner.run(SuiteRunner.java:240)
	at org.testng.SuiteRunnerWorker.runSuite(SuiteRunnerWorker.java:52)
	at org.testng.SuiteRunnerWorker.run(SuiteRunnerWorker.java:86)
	at org.testng.TestNG.runSuitesSequentially(TestNG.java:1198)
	at org.testng.TestNG.runSuitesLocally(TestNG.java:1123)
	at org.testng.TestNG.run(TestNG.java:1031)
	at org.testng.remote.AbstractRemoteTestNG.run(AbstractRemoteTestNG.java:132)
	at org.testng.remote.RemoteTestNG.initAndRun(RemoteTestNG.java:236)
	at org.testng.remote.RemoteTestNG.main(RemoteTestNG.java:81)
</pre></div><a href='#' onClick='toggleBox("stack-trace107041335", this, "Click to show all stack frames", "Click to hide stack frames")'>Click to show all stack frames</a>
<div class='stack-trace' id='stack-trace107041335'><pre>java.lang.AssertionError: Step TC145_Detail_Page_News_Page_Project_En Failed with description Failed expected [true] but found [false]
	at org.testng.Assert.fail(Assert.java:94)
	at org.testng.Assert.failNotEquals(Assert.java:494)
	at org.testng.Assert.assertTrue(Assert.java:42)
	at com.ctaf.support.HtmlReportSupport.onFailure(HtmlReportSupport.java:778)
	at com.ctaf.utilities.Reporter.failureReport(Reporter.java:91)
	at com.desktopWeb.scripts.sprint1.TC_145_Detail_Page_News_Page_Project_En.TC145_Detail_Page_News_Page_Project_En(TC_145_Detail_Page_News_Page_Project_En.java:30)
	at sun.reflect.NativeMethodAccessorImpl.invoke0(Native Method)
	at sun.reflect.NativeMethodAccessorImpl.invoke(NativeMethodAccessorImpl.java:62)
	at sun.reflect.DelegatingMethodAccessorImpl.invoke(DelegatingMethodAccessorImpl.java:43)
	at java.lang.reflect.Method.invoke(Method.java:498)
	at org.testng.internal.MethodInvocationHelper.invokeMethod(MethodInvocationHelper.java:80)
	at org.testng.internal.Invoker.invokeMethod(Invoker.java:714)
	at org.testng.internal.Invoker.invokeTestMethod(Invoker.java:901)
	at org.testng.internal.Invoker.invokeTestMethods(Invoker.java:1231)
	at org.testng.internal.TestMethodWorker.invokeTestMethods(TestMethodWorker.java:127)
	at org.testng.internal.TestMethodWorker.run(TestMethodWorker.java:111)
	at org.testng.TestRunner.privateRun(TestRunner.java:767)
	at org.testng.TestRunner.run(TestRunner.java:617)
	at org.testng.SuiteRunner.runTest(SuiteRunner.java:334)
	at org.testng.SuiteRunner.runSequentially(SuiteRunner.java:329)
	at org.testng.SuiteRunner.privateRun(SuiteRunner.java:291)
	at org.testng.SuiteRunner.run(SuiteRunner.java:240)
	at org.testng.SuiteRunnerWorker.runSuite(SuiteRunnerWorker.java:52)
	at org.testng.SuiteRunnerWorker.run(SuiteRunnerWorker.java:86)
	at org.testng.TestNG.runSuitesSequentially(TestNG.java:1198)
	at org.testng.TestNG.runSuitesLocally(TestNG.java:1123)
	at org.testng.TestNG.run(TestNG.java:1031)
	at org.testng.remote.AbstractRemoteTestNG.run(AbstractRemoteTestNG.java:132)
	at org.testng.remote.RemoteTestNG.initAndRun(RemoteTestNG.java:236)
	at org.testng.remote.RemoteTestNG.main(RemoteTestNG.java:81)
</pre></div></td>
<td>390</td>
<td>com.desktopWeb.scripts.sprint1.TC_145_Detail_Page_News_Page_Project_En@34a3d150</td></tr>
<tr>
<td title='com.desktopWeb.scripts.sprint1.TC_148_Verify_Page_News_Page_Version_Duplicate_En.TC148_Verify_Page_News_Page_Version_Duplicate_En()'><b>TC148_Verify_Page_News_Page_Version_Duplicate_En</b><br>Test class: com.desktopWeb.scripts.sprint1.TC_148_Verify_Page_News_Page_Version_Duplicate_En<br>Parameters: autoenmanager@harvestdp.com, Automation2017, New Project for Test Execution, Verify Authoring/Page/News_Page/Version Duplicate functionality by Engagement Manager</td>
<td><div><pre>java.lang.AssertionError: Step TC148_Verify_Page_News_Page_Version_Duplicate_En Failed with description Failed expected [true] but found [false]
	at org.testng.Assert.fail(Assert.java:94)
	at org.testng.Assert.failNotEquals(Assert.java:494)
	at org.testng.Assert.assertTrue(Assert.java:42)
	at com.ctaf.support.HtmlReportSupport.onFailure(HtmlReportSupport.java:778)
	at com.ctaf.utilities.Reporter.failureReport(Reporter.java:91)
	at com.desktopWeb.scripts.sprint1.TC_148_Verify_Page_News_Page_Version_Duplicate_En.TC148_Verify_Page_News_Page_Version_Duplicate_En(TC_148_Verify_Page_News_Page_Version_Duplicate_En.java:31)
	at sun.reflect.NativeMethodAccessorImpl.invoke0(Native Method)
	at sun.reflect.NativeMethodAccessorImpl.invoke(NativeMethodAccessorImpl.java:62)
	at sun.reflect.DelegatingMethodAccessorImpl.invoke(DelegatingMethodAccessorImpl.java:43)
	at java.lang.reflect.Method.invoke(Method.java:498)
	at org.testng.internal.MethodInvocationHelper.invokeMethod(MethodInvocationHelper.java:80)
	at org.testng.internal.Invoker.invokeMethod(Invoker.java:714)
	at org.testng.internal.Invoker.invokeTestMethod(Invoker.java:901)
	at org.testng.internal.Invoker.invokeTestMethods(Invoker.java:1231)
	at org.testng.internal.TestMethodWorker.invokeTestMethods(TestMethodWorker.java:127)
	at org.testng.internal.TestMethodWorker.run(TestMethodWorker.java:111)
	at org.testng.TestRunner.privateRun(TestRunner.java:767)
	at org.testng.TestRunner.run(TestRunner.java:617)
	at org.testng.SuiteRunner.runTest(SuiteRunner.java:334)
	at org.testng.SuiteRunner.runSequentially(SuiteRunner.java:329)
	at org.testng.SuiteRunner.privateRun(SuiteRunner.java:291)
	at org.testng.SuiteRunner.run(SuiteRunner.java:240)
	at org.testng.SuiteRunnerWorker.runSuite(SuiteRunnerWorker.java:52)
	at org.testng.SuiteRunnerWorker.run(SuiteRunnerWorker.java:86)
	at org.testng.TestNG.runSuitesSequentially(TestNG.java:1198)
	at org.testng.TestNG.runSuitesLocally(TestNG.java:1123)
	at org.testng.TestNG.run(TestNG.java:1031)
	at org.testng.remote.AbstractRemoteTestNG.run(AbstractRemoteTestNG.java:132)
	at org.testng.remote.RemoteTestNG.initAndRun(RemoteTestNG.java:236)
	at org.testng.remote.RemoteTestNG.main(RemoteTestNG.java:81)
</pre></div><a href='#' onClick='toggleBox("stack-trace1418102907", this, "Click to show all stack frames", "Click to hide stack frames")'>Click to show all stack frames</a>
<div class='stack-trace' id='stack-trace1418102907'><pre>java.lang.AssertionError: Step TC148_Verify_Page_News_Page_Version_Duplicate_En Failed with description Failed expected [true] but found [false]
	at org.testng.Assert.fail(Assert.java:94)
	at org.testng.Assert.failNotEquals(Assert.java:494)
	at org.testng.Assert.assertTrue(Assert.java:42)
	at com.ctaf.support.HtmlReportSupport.onFailure(HtmlReportSupport.java:778)
	at com.ctaf.utilities.Reporter.failureReport(Reporter.java:91)
	at com.desktopWeb.scripts.sprint1.TC_148_Verify_Page_News_Page_Version_Duplicate_En.TC148_Verify_Page_News_Page_Version_Duplicate_En(TC_148_Verify_Page_News_Page_Version_Duplicate_En.java:31)
	at sun.reflect.NativeMethodAccessorImpl.invoke0(Native Method)
	at sun.reflect.NativeMethodAccessorImpl.invoke(NativeMethodAccessorImpl.java:62)
	at sun.reflect.DelegatingMethodAccessorImpl.invoke(DelegatingMethodAccessorImpl.java:43)
	at java.lang.reflect.Method.invoke(Method.java:498)
	at org.testng.internal.MethodInvocationHelper.invokeMethod(MethodInvocationHelper.java:80)
	at org.testng.internal.Invoker.invokeMethod(Invoker.java:714)
	at org.testng.internal.Invoker.invokeTestMethod(Invoker.java:901)
	at org.testng.internal.Invoker.invokeTestMethods(Invoker.java:1231)
	at org.testng.internal.TestMethodWorker.invokeTestMethods(TestMethodWorker.java:127)
	at org.testng.internal.TestMethodWorker.run(TestMethodWorker.java:111)
	at org.testng.TestRunner.privateRun(TestRunner.java:767)
	at org.testng.TestRunner.run(TestRunner.java:617)
	at org.testng.SuiteRunner.runTest(SuiteRunner.java:334)
	at org.testng.SuiteRunner.runSequentially(SuiteRunner.java:329)
	at org.testng.SuiteRunner.privateRun(SuiteRunner.java:291)
	at org.testng.SuiteRunner.run(SuiteRunner.java:240)
	at org.testng.SuiteRunnerWorker.runSuite(SuiteRunnerWorker.java:52)
	at org.testng.SuiteRunnerWorker.run(SuiteRunnerWorker.java:86)
	at org.testng.TestNG.runSuitesSequentially(TestNG.java:1198)
	at org.testng.TestNG.runSuitesLocally(TestNG.java:1123)
	at org.testng.TestNG.run(TestNG.java:1031)
	at org.testng.remote.AbstractRemoteTestNG.run(AbstractRemoteTestNG.java:132)
	at org.testng.remote.RemoteTestNG.initAndRun(RemoteTestNG.java:236)
	at org.testng.remote.RemoteTestNG.main(RemoteTestNG.java:81)
</pre></div></td>
<td>375</td>
<td>com.desktopWeb.scripts.sprint1.TC_148_Verify_Page_News_Page_Version_Duplicate_En@38d8f54a</td></tr>
<tr>
<td title='com.desktopWeb.scripts.sprint1.TC_157_Verify_Page_News_Page_Version_Approve_Cm.TC152_Verify_Page_News_Page_Version_Approve_Cm()'><b>TC152_Verify_Page_News_Page_Version_Approve_Cm</b><br>Test class: com.desktopWeb.scripts.sprint1.TC_157_Verify_Page_News_Page_Version_Approve_Cm<br>Parameters: autoconmanager@harvestdp.com, Automation2017, New Project for Test Execution, Verify Authoring/Page/News_Page_Version Approve funtionality by Consultation Manager</td>
<td><div><pre>java.lang.AssertionError: Step TC152_Verify_Page_News_Page_Version_Approve_Cm Failed with description Failed expected [true] but found [false]
	at org.testng.Assert.fail(Assert.java:94)
	at org.testng.Assert.failNotEquals(Assert.java:494)
	at org.testng.Assert.assertTrue(Assert.java:42)
	at com.ctaf.support.HtmlReportSupport.onFailure(HtmlReportSupport.java:778)
	at com.ctaf.utilities.Reporter.failureReport(Reporter.java:91)
	at com.desktopWeb.scripts.sprint1.TC_157_Verify_Page_News_Page_Version_Approve_Cm.TC152_Verify_Page_News_Page_Version_Approve_Cm(TC_157_Verify_Page_News_Page_Version_Approve_Cm.java:32)
	at sun.reflect.NativeMethodAccessorImpl.invoke0(Native Method)
	at sun.reflect.NativeMethodAccessorImpl.invoke(NativeMethodAccessorImpl.java:62)
	at sun.reflect.DelegatingMethodAccessorImpl.invoke(DelegatingMethodAccessorImpl.java:43)
	at java.lang.reflect.Method.invoke(Method.java:498)
	at org.testng.internal.MethodInvocationHelper.invokeMethod(MethodInvocationHelper.java:80)
	at org.testng.internal.Invoker.invokeMethod(Invoker.java:714)
	at org.testng.internal.Invoker.invokeTestMethod(Invoker.java:901)
	at org.testng.internal.Invoker.invokeTestMethods(Invoker.java:1231)
	at org.testng.internal.TestMethodWorker.invokeTestMethods(TestMethodWorker.java:127)
	at org.testng.internal.TestMethodWorker.run(TestMethodWorker.java:111)
	at org.testng.TestRunner.privateRun(TestRunner.java:767)
	at org.testng.TestRunner.run(TestRunner.java:617)
	at org.testng.SuiteRunner.runTest(SuiteRunner.java:334)
	at org.testng.SuiteRunner.runSequentially(SuiteRunner.java:329)
	at org.testng.SuiteRunner.privateRun(SuiteRunner.java:291)
	at org.testng.SuiteRunner.run(SuiteRunner.java:240)
	at org.testng.SuiteRunnerWorker.runSuite(SuiteRunnerWorker.java:52)
	at org.testng.SuiteRunnerWorker.run(SuiteRunnerWorker.java:86)
	at org.testng.TestNG.runSuitesSequentially(TestNG.java:1198)
	at org.testng.TestNG.runSuitesLocally(TestNG.java:1123)
	at org.testng.TestNG.run(TestNG.java:1031)
	at org.testng.remote.AbstractRemoteTestNG.run(AbstractRemoteTestNG.java:132)
	at org.testng.remote.RemoteTestNG.initAndRun(RemoteTestNG.java:236)
	at org.testng.remote.RemoteTestNG.main(RemoteTestNG.java:81)
</pre></div><a href='#' onClick='toggleBox("stack-trace1188445627", this, "Click to show all stack frames", "Click to hide stack frames")'>Click to show all stack frames</a>
<div class='stack-trace' id='stack-trace1188445627'><pre>java.lang.AssertionError: Step TC152_Verify_Page_News_Page_Version_Approve_Cm Failed with description Failed expected [true] but found [false]
	at org.testng.Assert.fail(Assert.java:94)
	at org.testng.Assert.failNotEquals(Assert.java:494)
	at org.testng.Assert.assertTrue(Assert.java:42)
	at com.ctaf.support.HtmlReportSupport.onFailure(HtmlReportSupport.java:778)
	at com.ctaf.utilities.Reporter.failureReport(Reporter.java:91)
	at com.desktopWeb.scripts.sprint1.TC_157_Verify_Page_News_Page_Version_Approve_Cm.TC152_Verify_Page_News_Page_Version_Approve_Cm(TC_157_Verify_Page_News_Page_Version_Approve_Cm.java:32)
	at sun.reflect.NativeMethodAccessorImpl.invoke0(Native Method)
	at sun.reflect.NativeMethodAccessorImpl.invoke(NativeMethodAccessorImpl.java:62)
	at sun.reflect.DelegatingMethodAccessorImpl.invoke(DelegatingMethodAccessorImpl.java:43)
	at java.lang.reflect.Method.invoke(Method.java:498)
	at org.testng.internal.MethodInvocationHelper.invokeMethod(MethodInvocationHelper.java:80)
	at org.testng.internal.Invoker.invokeMethod(Invoker.java:714)
	at org.testng.internal.Invoker.invokeTestMethod(Invoker.java:901)
	at org.testng.internal.Invoker.invokeTestMethods(Invoker.java:1231)
	at org.testng.internal.TestMethodWorker.invokeTestMethods(TestMethodWorker.java:127)
	at org.testng.internal.TestMethodWorker.run(TestMethodWorker.java:111)
	at org.testng.TestRunner.privateRun(TestRunner.java:767)
	at org.testng.TestRunner.run(TestRunner.java:617)
	at org.testng.SuiteRunner.runTest(SuiteRunner.java:334)
	at org.testng.SuiteRunner.runSequentially(SuiteRunner.java:329)
	at org.testng.SuiteRunner.privateRun(SuiteRunner.java:291)
	at org.testng.SuiteRunner.run(SuiteRunner.java:240)
	at org.testng.SuiteRunnerWorker.runSuite(SuiteRunnerWorker.java:52)
	at org.testng.SuiteRunnerWorker.run(SuiteRunnerWorker.java:86)
	at org.testng.TestNG.runSuitesSequentially(TestNG.java:1198)
	at org.testng.TestNG.runSuitesLocally(TestNG.java:1123)
	at org.testng.TestNG.run(TestNG.java:1031)
	at org.testng.remote.AbstractRemoteTestNG.run(AbstractRemoteTestNG.java:132)
	at org.testng.remote.RemoteTestNG.initAndRun(RemoteTestNG.java:236)
	at org.testng.remote.RemoteTestNG.main(RemoteTestNG.java:81)
</pre></div></td>
<td>391</td>
<td>com.desktopWeb.scripts.sprint1.TC_157_Verify_Page_News_Page_Version_Approve_Cm@35d019a3</td></tr>
<tr>
<td title='com.desktopWeb.scripts.sprint1.TC_152_Verify_Page_News_Page_Version_Approve_En.TC152_Verify_Page_News_Page_Version_Approve_En()'><b>TC152_Verify_Page_News_Page_Version_Approve_En</b><br>Test class: com.desktopWeb.scripts.sprint1.TC_152_Verify_Page_News_Page_Version_Approve_En<br>Parameters: autoenmanager@harvestdp.com, Automation2017, New Project for Test Execution, Verify Authoring/Page/News_Page_Version Approve funtionality by Engagement Manager</td>
<td><div><pre>java.lang.AssertionError: Step Verify Verify text Failed with description Approved by is not present in the element expected [true] but found [false]
	at org.testng.Assert.fail(Assert.java:94)
	at org.testng.Assert.failNotEquals(Assert.java:494)
	at org.testng.Assert.assertTrue(Assert.java:42)
	at com.ctaf.support.HtmlReportSupport.onFailure(HtmlReportSupport.java:778)
	at com.ctaf.utilities.Reporter.failureReport(Reporter.java:91)
	at com.ctaf.accelerators.ActionEngine.assertTextMatching(ActionEngine.java:2353)
	at com.desktopWeb.workflows.HelperClass.approveVersion(HelperClass.java:1169)
	at com.desktopWeb.scripts.sprint1.TC_152_Verify_Page_News_Page_Version_Approve_En.TC152_Verify_Page_News_Page_Version_Approve_En(TC_152_Verify_Page_News_Page_Version_Approve_En.java:29)
	at sun.reflect.NativeMethodAccessorImpl.invoke0(Native Method)
	at sun.reflect.NativeMethodAccessorImpl.invoke(NativeMethodAccessorImpl.java:62)
	at sun.reflect.DelegatingMethodAccessorImpl.invoke(DelegatingMethodAccessorImpl.java:43)
	at java.lang.reflect.Method.invoke(Method.java:498)
	at org.testng.internal.MethodInvocationHelper.invokeMethod(MethodInvocationHelper.java:80)
	at org.testng.internal.Invoker.invokeMethod(Invoker.java:714)
	at org.testng.internal.Invoker.invokeTestMethod(Invoker.java:901)
	at org.testng.internal.Invoker.invokeTestMethods(Invoker.java:1231)
	at org.testng.internal.TestMethodWorker.invokeTestMethods(TestMethodWorker.java:127)
	at org.testng.internal.TestMethodWorker.run(TestMethodWorker.java:111)
	at org.testng.TestRunner.privateRun(TestRunner.java:767)
	at org.testng.TestRunner.run(TestRunner.java:617)
	at org.testng.SuiteRunner.runTest(SuiteRunner.java:334)
	at org.testng.SuiteRunner.runSequentially(SuiteRunner.java:329)
	at org.testng.SuiteRunner.privateRun(SuiteRunner.java:291)
	at org.testng.SuiteRunner.run(SuiteRunner.java:240)
	at org.testng.SuiteRunnerWorker.runSuite(SuiteRunnerWorker.java:52)
	at org.testng.SuiteRunnerWorker.run(SuiteRunnerWorker.java:86)
	at org.testng.TestNG.runSuitesSequentially(TestNG.java:1198)
	at org.testng.TestNG.runSuitesLocally(TestNG.java:1123)
	at org.testng.TestNG.run(TestNG.java:1031)
	at org.testng.remote.AbstractRemoteTestNG.run(AbstractRemoteTestNG.java:132)
	at org.testng.remote.RemoteTestNG.initAndRun(RemoteTestNG.java:236)
	at org.testng.remote.RemoteTestNG.main(RemoteTestNG.java:81)
</pre></div><a href='#' onClick='toggleBox("stack-trace1360125564", this, "Click to show all stack frames", "Click to hide stack frames")'>Click to show all stack frames</a>
<div class='stack-trace' id='stack-trace1360125564'><pre>java.lang.AssertionError: Step Verify Verify text Failed with description Approved by is not present in the element expected [true] but found [false]
	at org.testng.Assert.fail(Assert.java:94)
	at org.testng.Assert.failNotEquals(Assert.java:494)
	at org.testng.Assert.assertTrue(Assert.java:42)
	at com.ctaf.support.HtmlReportSupport.onFailure(HtmlReportSupport.java:778)
	at com.ctaf.utilities.Reporter.failureReport(Reporter.java:91)
	at com.ctaf.accelerators.ActionEngine.assertTextMatching(ActionEngine.java:2353)
	at com.desktopWeb.workflows.HelperClass.approveVersion(HelperClass.java:1169)
	at com.desktopWeb.scripts.sprint1.TC_152_Verify_Page_News_Page_Version_Approve_En.TC152_Verify_Page_News_Page_Version_Approve_En(TC_152_Verify_Page_News_Page_Version_Approve_En.java:29)
	at sun.reflect.NativeMethodAccessorImpl.invoke0(Native Method)
	at sun.reflect.NativeMethodAccessorImpl.invoke(NativeMethodAccessorImpl.java:62)
	at sun.reflect.DelegatingMethodAccessorImpl.invoke(DelegatingMethodAccessorImpl.java:43)
	at java.lang.reflect.Method.invoke(Method.java:498)
	at org.testng.internal.MethodInvocationHelper.invokeMethod(MethodInvocationHelper.java:80)
	at org.testng.internal.Invoker.invokeMethod(Invoker.java:714)
	at org.testng.internal.Invoker.invokeTestMethod(Invoker.java:901)
	at org.testng.internal.Invoker.invokeTestMethods(Invoker.java:1231)
	at org.testng.internal.TestMethodWorker.invokeTestMethods(TestMethodWorker.java:127)
	at org.testng.internal.TestMethodWorker.run(TestMethodWorker.java:111)
	at org.testng.TestRunner.privateRun(TestRunner.java:767)
	at org.testng.TestRunner.run(TestRunner.java:617)
	at org.testng.SuiteRunner.runTest(SuiteRunner.java:334)
	at org.testng.SuiteRunner.runSequentially(SuiteRunner.java:329)
	at org.testng.SuiteRunner.privateRun(SuiteRunner.java:291)
	at org.testng.SuiteRunner.run(SuiteRunner.java:240)
	at org.testng.SuiteRunnerWorker.runSuite(SuiteRunnerWorker.java:52)
	at org.testng.SuiteRunnerWorker.run(SuiteRunnerWorker.java:86)
	at org.testng.TestNG.runSuitesSequentially(TestNG.java:1198)
	at org.testng.TestNG.runSuitesLocally(TestNG.java:1123)
	at org.testng.TestNG.run(TestNG.java:1031)
	at org.testng.remote.AbstractRemoteTestNG.run(AbstractRemoteTestNG.java:132)
	at org.testng.remote.RemoteTestNG.initAndRun(RemoteTestNG.java:236)
	at org.testng.remote.RemoteTestNG.main(RemoteTestNG.java:81)
</pre></div></td>
<td>267</td>
<td>com.desktopWeb.scripts.sprint1.TC_152_Verify_Page_News_Page_Version_Approve_En@7b2bbc3</td></tr>
<tr>
<td title='com.desktopWeb.scripts.sprint1.TC_153_Verify_Page_News_Page_Version_NewPage_En.TC153_Verify_Page_News_Page_Version_NewPage_En()'><b>TC153_Verify_Page_News_Page_Version_NewPage_En</b><br>Test class: com.desktopWeb.scripts.sprint1.TC_153_Verify_Page_News_Page_Version_NewPage_En<br>Parameters: autoenmanager@harvestdp.com, Automation2017, New Project for Test Execution, Verify Authoring/Page/Project_Sub_Page/Version New Page by Engagement Manager</td>
<td><div><pre>java.lang.AssertionError: Step AssertValue  Failed with description Page Name not present in the page expected [true] but found [false]
	at org.testng.Assert.fail(Assert.java:94)
	at org.testng.Assert.failNotEquals(Assert.java:494)
	at org.testng.Assert.assertTrue(Assert.java:42)
	at com.ctaf.support.HtmlReportSupport.onFailure(HtmlReportSupport.java:778)
	at com.ctaf.utilities.Reporter.failureReport(Reporter.java:91)
	at com.ctaf.accelerators.ActionEngine.assertValue(ActionEngine.java:1288)
	at com.desktopWeb.workflows.HelperClass.newPageVersion(HelperClass.java:1198)
	at com.desktopWeb.scripts.sprint1.TC_153_Verify_Page_News_Page_Version_NewPage_En.TC153_Verify_Page_News_Page_Version_NewPage_En(TC_153_Verify_Page_News_Page_Version_NewPage_En.java:29)
	at sun.reflect.NativeMethodAccessorImpl.invoke0(Native Method)
	at sun.reflect.NativeMethodAccessorImpl.invoke(NativeMethodAccessorImpl.java:62)
	at sun.reflect.DelegatingMethodAccessorImpl.invoke(DelegatingMethodAccessorImpl.java:43)
	at java.lang.reflect.Method.invoke(Method.java:498)
	at org.testng.internal.MethodInvocationHelper.invokeMethod(MethodInvocationHelper.java:80)
	at org.testng.internal.Invoker.invokeMethod(Invoker.java:714)
	at org.testng.internal.Invoker.invokeTestMethod(Invoker.java:901)
	at org.testng.internal.Invoker.invokeTestMethods(Invoker.java:1231)
	at org.testng.internal.TestMethodWorker.invokeTestMethods(TestMethodWorker.java:127)
	at org.testng.internal.TestMethodWorker.run(TestMethodWorker.java:111)
	at org.testng.TestRunner.privateRun(TestRunner.java:767)
	at org.testng.TestRunner.run(TestRunner.java:617)
	at org.testng.SuiteRunner.runTest(SuiteRunner.java:334)
	at org.testng.SuiteRunner.runSequentially(SuiteRunner.java:329)
	at org.testng.SuiteRunner.privateRun(SuiteRunner.java:291)
	at org.testng.SuiteRunner.run(SuiteRunner.java:240)
	at org.testng.SuiteRunnerWorker.runSuite(SuiteRunnerWorker.java:52)
	at org.testng.SuiteRunnerWorker.run(SuiteRunnerWorker.java:86)
	at org.testng.TestNG.runSuitesSequentially(TestNG.java:1198)
	at org.testng.TestNG.runSuitesLocally(TestNG.java:1123)
	at org.testng.TestNG.run(TestNG.java:1031)
	at org.testng.remote.AbstractRemoteTestNG.run(AbstractRemoteTestNG.java:132)
	at org.testng.remote.RemoteTestNG.initAndRun(RemoteTestNG.java:236)
	at org.testng.remote.RemoteTestNG.main(RemoteTestNG.java:81)
</pre></div><a href='#' onClick='toggleBox("stack-trace1403325194", this, "Click to show all stack frames", "Click to hide stack frames")'>Click to show all stack frames</a>
<div class='stack-trace' id='stack-trace1403325194'><pre>java.lang.AssertionError: Step AssertValue  Failed with description Page Name not present in the page expected [true] but found [false]
	at org.testng.Assert.fail(Assert.java:94)
	at org.testng.Assert.failNotEquals(Assert.java:494)
	at org.testng.Assert.assertTrue(Assert.java:42)
	at com.ctaf.support.HtmlReportSupport.onFailure(HtmlReportSupport.java:778)
	at com.ctaf.utilities.Reporter.failureReport(Reporter.java:91)
	at com.ctaf.accelerators.ActionEngine.assertValue(ActionEngine.java:1288)
	at com.desktopWeb.workflows.HelperClass.newPageVersion(HelperClass.java:1198)
	at com.desktopWeb.scripts.sprint1.TC_153_Verify_Page_News_Page_Version_NewPage_En.TC153_Verify_Page_News_Page_Version_NewPage_En(TC_153_Verify_Page_News_Page_Version_NewPage_En.java:29)
	at sun.reflect.NativeMethodAccessorImpl.invoke0(Native Method)
	at sun.reflect.NativeMethodAccessorImpl.invoke(NativeMethodAccessorImpl.java:62)
	at sun.reflect.DelegatingMethodAccessorImpl.invoke(DelegatingMethodAccessorImpl.java:43)
	at java.lang.reflect.Method.invoke(Method.java:498)
	at org.testng.internal.MethodInvocationHelper.invokeMethod(MethodInvocationHelper.java:80)
	at org.testng.internal.Invoker.invokeMethod(Invoker.java:714)
	at org.testng.internal.Invoker.invokeTestMethod(Invoker.java:901)
	at org.testng.internal.Invoker.invokeTestMethods(Invoker.java:1231)
	at org.testng.internal.TestMethodWorker.invokeTestMethods(TestMethodWorker.java:127)
	at org.testng.internal.TestMethodWorker.run(TestMethodWorker.java:111)
	at org.testng.TestRunner.privateRun(TestRunner.java:767)
	at org.testng.TestRunner.run(TestRunner.java:617)
	at org.testng.SuiteRunner.runTest(SuiteRunner.java:334)
	at org.testng.SuiteRunner.runSequentially(SuiteRunner.java:329)
	at org.testng.SuiteRunner.privateRun(SuiteRunner.java:291)
	at org.testng.SuiteRunner.run(SuiteRunner.java:240)
	at org.testng.SuiteRunnerWorker.runSuite(SuiteRunnerWorker.java:52)
	at org.testng.SuiteRunnerWorker.run(SuiteRunnerWorker.java:86)
	at org.testng.TestNG.runSuitesSequentially(TestNG.java:1198)
	at org.testng.TestNG.runSuitesLocally(TestNG.java:1123)
	at org.testng.TestNG.run(TestNG.java:1031)
	at org.testng.remote.AbstractRemoteTestNG.run(AbstractRemoteTestNG.java:132)
	at org.testng.remote.RemoteTestNG.initAndRun(RemoteTestNG.java:236)
	at org.testng.remote.RemoteTestNG.main(RemoteTestNG.java:81)
</pre></div></td>
<td>239</td>
<td>com.desktopWeb.scripts.sprint1.TC_153_Verify_Page_News_Page_Version_NewPage_En@36fc695d</td></tr>
<tr>
<td title='com.desktopWeb.scripts.sprint1.TC_154_Verify_Page_News_Page_Version_Duplicate_Cm.TC154_Verify_Page_News_Page_Version_Duplicate_Cm()'><b>TC154_Verify_Page_News_Page_Version_Duplicate_Cm</b><br>Test class: com.desktopWeb.scripts.sprint1.TC_154_Verify_Page_News_Page_Version_Duplicate_Cm<br>Parameters: autoconmanager@harvestdp.com, Automation2017, New Project for Test Execution, Verify Authoring/Page/News_Page/Version Duplicate functionality by Consultation Manager</td>
<td><div><pre>java.lang.AssertionError: Step TC154_Verify_Page_News_Page_Version_Duplicate_Cm Failed with description Failed expected [true] but found [false]
	at org.testng.Assert.fail(Assert.java:94)
	at org.testng.Assert.failNotEquals(Assert.java:494)
	at org.testng.Assert.assertTrue(Assert.java:42)
	at com.ctaf.support.HtmlReportSupport.onFailure(HtmlReportSupport.java:778)
	at com.ctaf.utilities.Reporter.failureReport(Reporter.java:91)
	at com.desktopWeb.scripts.sprint1.TC_154_Verify_Page_News_Page_Version_Duplicate_Cm.TC154_Verify_Page_News_Page_Version_Duplicate_Cm(TC_154_Verify_Page_News_Page_Version_Duplicate_Cm.java:31)
	at sun.reflect.NativeMethodAccessorImpl.invoke0(Native Method)
	at sun.reflect.NativeMethodAccessorImpl.invoke(NativeMethodAccessorImpl.java:62)
	at sun.reflect.DelegatingMethodAccessorImpl.invoke(DelegatingMethodAccessorImpl.java:43)
	at java.lang.reflect.Method.invoke(Method.java:498)
	at org.testng.internal.MethodInvocationHelper.invokeMethod(MethodInvocationHelper.java:80)
	at org.testng.internal.Invoker.invokeMethod(Invoker.java:714)
	at org.testng.internal.Invoker.invokeTestMethod(Invoker.java:901)
	at org.testng.internal.Invoker.invokeTestMethods(Invoker.java:1231)
	at org.testng.internal.TestMethodWorker.invokeTestMethods(TestMethodWorker.java:127)
	at org.testng.internal.TestMethodWorker.run(TestMethodWorker.java:111)
	at org.testng.TestRunner.privateRun(TestRunner.java:767)
	at org.testng.TestRunner.run(TestRunner.java:617)
	at org.testng.SuiteRunner.runTest(SuiteRunner.java:334)
	at org.testng.SuiteRunner.runSequentially(SuiteRunner.java:329)
	at org.testng.SuiteRunner.privateRun(SuiteRunner.java:291)
	at org.testng.SuiteRunner.run(SuiteRunner.java:240)
	at org.testng.SuiteRunnerWorker.runSuite(SuiteRunnerWorker.java:52)
	at org.testng.SuiteRunnerWorker.run(SuiteRunnerWorker.java:86)
	at org.testng.TestNG.runSuitesSequentially(TestNG.java:1198)
	at org.testng.TestNG.runSuitesLocally(TestNG.java:1123)
	at org.testng.TestNG.run(TestNG.java:1031)
	at org.testng.remote.AbstractRemoteTestNG.run(AbstractRemoteTestNG.java:132)
	at org.testng.remote.RemoteTestNG.initAndRun(RemoteTestNG.java:236)
	at org.testng.remote.RemoteTestNG.main(RemoteTestNG.java:81)
</pre></div><a href='#' onClick='toggleBox("stack-trace492288241", this, "Click to show all stack frames", "Click to hide stack frames")'>Click to show all stack frames</a>
<div class='stack-trace' id='stack-trace492288241'><pre>java.lang.AssertionError: Step TC154_Verify_Page_News_Page_Version_Duplicate_Cm Failed with description Failed expected [true] but found [false]
	at org.testng.Assert.fail(Assert.java:94)
	at org.testng.Assert.failNotEquals(Assert.java:494)
	at org.testng.Assert.assertTrue(Assert.java:42)
	at com.ctaf.support.HtmlReportSupport.onFailure(HtmlReportSupport.java:778)
	at com.ctaf.utilities.Reporter.failureReport(Reporter.java:91)
	at com.desktopWeb.scripts.sprint1.TC_154_Verify_Page_News_Page_Version_Duplicate_Cm.TC154_Verify_Page_News_Page_Version_Duplicate_Cm(TC_154_Verify_Page_News_Page_Version_Duplicate_Cm.java:31)
	at sun.reflect.NativeMethodAccessorImpl.invoke0(Native Method)
	at sun.reflect.NativeMethodAccessorImpl.invoke(NativeMethodAccessorImpl.java:62)
	at sun.reflect.DelegatingMethodAccessorImpl.invoke(DelegatingMethodAccessorImpl.java:43)
	at java.lang.reflect.Method.invoke(Method.java:498)
	at org.testng.internal.MethodInvocationHelper.invokeMethod(MethodInvocationHelper.java:80)
	at org.testng.internal.Invoker.invokeMethod(Invoker.java:714)
	at org.testng.internal.Invoker.invokeTestMethod(Invoker.java:901)
	at org.testng.internal.Invoker.invokeTestMethods(Invoker.java:1231)
	at org.testng.internal.TestMethodWorker.invokeTestMethods(TestMethodWorker.java:127)
	at org.testng.internal.TestMethodWorker.run(TestMethodWorker.java:111)
	at org.testng.TestRunner.privateRun(TestRunner.java:767)
	at org.testng.TestRunner.run(TestRunner.java:617)
	at org.testng.SuiteRunner.runTest(SuiteRunner.java:334)
	at org.testng.SuiteRunner.runSequentially(SuiteRunner.java:329)
	at org.testng.SuiteRunner.privateRun(SuiteRunner.java:291)
	at org.testng.SuiteRunner.run(SuiteRunner.java:240)
	at org.testng.SuiteRunnerWorker.runSuite(SuiteRunnerWorker.java:52)
	at org.testng.SuiteRunnerWorker.run(SuiteRunnerWorker.java:86)
	at org.testng.TestNG.runSuitesSequentially(TestNG.java:1198)
	at org.testng.TestNG.runSuitesLocally(TestNG.java:1123)
	at org.testng.TestNG.run(TestNG.java:1031)
	at org.testng.remote.AbstractRemoteTestNG.run(AbstractRemoteTestNG.java:132)
	at org.testng.remote.RemoteTestNG.initAndRun(RemoteTestNG.java:236)
	at org.testng.remote.RemoteTestNG.main(RemoteTestNG.java:81)
</pre></div></td>
<td>366</td>
<td>com.desktopWeb.scripts.sprint1.TC_154_Verify_Page_News_Page_Version_Duplicate_Cm@1aafa419</td></tr>
<tr>
<td title='com.desktopWeb.scripts.sprint1.TC_160_Verify_Page_News_Page_Version_NewPage_Cm.TC160_Verify_Page_News_Page_Version_NewPage_Cm()'><b>TC160_Verify_Page_News_Page_Version_NewPage_Cm</b><br>Test class: com.desktopWeb.scripts.sprint1.TC_160_Verify_Page_News_Page_Version_NewPage_Cm<br>Parameters: autoconmanager@harvestdp.com, Automation2017, New Project for Test Execution, Verify Authoring/Page/Project_Sub_Page/Version New Page by Consultation Manager</td>
<td><div><pre>java.lang.AssertionError: Step TC160_Verify_Page_News_Page_Version_NewPage_Cm Failed with description Failed expected [true] but found [false]
	at org.testng.Assert.fail(Assert.java:94)
	at org.testng.Assert.failNotEquals(Assert.java:494)
	at org.testng.Assert.assertTrue(Assert.java:42)
	at com.ctaf.support.HtmlReportSupport.onFailure(HtmlReportSupport.java:778)
	at com.ctaf.utilities.Reporter.failureReport(Reporter.java:91)
	at com.desktopWeb.scripts.sprint1.TC_160_Verify_Page_News_Page_Version_NewPage_Cm.TC160_Verify_Page_News_Page_Version_NewPage_Cm(TC_160_Verify_Page_News_Page_Version_NewPage_Cm.java:32)
	at sun.reflect.NativeMethodAccessorImpl.invoke0(Native Method)
	at sun.reflect.NativeMethodAccessorImpl.invoke(NativeMethodAccessorImpl.java:62)
	at sun.reflect.DelegatingMethodAccessorImpl.invoke(DelegatingMethodAccessorImpl.java:43)
	at java.lang.reflect.Method.invoke(Method.java:498)
	at org.testng.internal.MethodInvocationHelper.invokeMethod(MethodInvocationHelper.java:80)
	at org.testng.internal.Invoker.invokeMethod(Invoker.java:714)
	at org.testng.internal.Invoker.invokeTestMethod(Invoker.java:901)
	at org.testng.internal.Invoker.invokeTestMethods(Invoker.java:1231)
	at org.testng.internal.TestMethodWorker.invokeTestMethods(TestMethodWorker.java:127)
	at org.testng.internal.TestMethodWorker.run(TestMethodWorker.java:111)
	at org.testng.TestRunner.privateRun(TestRunner.java:767)
	at org.testng.TestRunner.run(TestRunner.java:617)
	at org.testng.SuiteRunner.runTest(SuiteRunner.java:334)
	at org.testng.SuiteRunner.runSequentially(SuiteRunner.java:329)
	at org.testng.SuiteRunner.privateRun(SuiteRunner.java:291)
	at org.testng.SuiteRunner.run(SuiteRunner.java:240)
	at org.testng.SuiteRunnerWorker.runSuite(SuiteRunnerWorker.java:52)
	at org.testng.SuiteRunnerWorker.run(SuiteRunnerWorker.java:86)
	at org.testng.TestNG.runSuitesSequentially(TestNG.java:1198)
	at org.testng.TestNG.runSuitesLocally(TestNG.java:1123)
	at org.testng.TestNG.run(TestNG.java:1031)
	at org.testng.remote.AbstractRemoteTestNG.run(AbstractRemoteTestNG.java:132)
	at org.testng.remote.RemoteTestNG.initAndRun(RemoteTestNG.java:236)
	at org.testng.remote.RemoteTestNG.main(RemoteTestNG.java:81)
</pre></div><a href='#' onClick='toggleBox("stack-trace760197336", this, "Click to show all stack frames", "Click to hide stack frames")'>Click to show all stack frames</a>
<div class='stack-trace' id='stack-trace760197336'><pre>java.lang.AssertionError: Step TC160_Verify_Page_News_Page_Version_NewPage_Cm Failed with description Failed expected [true] but found [false]
	at org.testng.Assert.fail(Assert.java:94)
	at org.testng.Assert.failNotEquals(Assert.java:494)
	at org.testng.Assert.assertTrue(Assert.java:42)
	at com.ctaf.support.HtmlReportSupport.onFailure(HtmlReportSupport.java:778)
	at com.ctaf.utilities.Reporter.failureReport(Reporter.java:91)
	at com.desktopWeb.scripts.sprint1.TC_160_Verify_Page_News_Page_Version_NewPage_Cm.TC160_Verify_Page_News_Page_Version_NewPage_Cm(TC_160_Verify_Page_News_Page_Version_NewPage_Cm.java:32)
	at sun.reflect.NativeMethodAccessorImpl.invoke0(Native Method)
	at sun.reflect.NativeMethodAccessorImpl.invoke(NativeMethodAccessorImpl.java:62)
	at sun.reflect.DelegatingMethodAccessorImpl.invoke(DelegatingMethodAccessorImpl.java:43)
	at java.lang.reflect.Method.invoke(Method.java:498)
	at org.testng.internal.MethodInvocationHelper.invokeMethod(MethodInvocationHelper.java:80)
	at org.testng.internal.Invoker.invokeMethod(Invoker.java:714)
	at org.testng.internal.Invoker.invokeTestMethod(Invoker.java:901)
	at org.testng.internal.Invoker.invokeTestMethods(Invoker.java:1231)
	at org.testng.internal.TestMethodWorker.invokeTestMethods(TestMethodWorker.java:127)
	at org.testng.internal.TestMethodWorker.run(TestMethodWorker.java:111)
	at org.testng.TestRunner.privateRun(TestRunner.java:767)
	at org.testng.TestRunner.run(TestRunner.java:617)
	at org.testng.SuiteRunner.runTest(SuiteRunner.java:334)
	at org.testng.SuiteRunner.runSequentially(SuiteRunner.java:329)
	at org.testng.SuiteRunner.privateRun(SuiteRunner.java:291)
	at org.testng.SuiteRunner.run(SuiteRunner.java:240)
	at org.testng.SuiteRunnerWorker.runSuite(SuiteRunnerWorker.java:52)
	at org.testng.SuiteRunnerWorker.run(SuiteRunnerWorker.java:86)
	at org.testng.TestNG.runSuitesSequentially(TestNG.java:1198)
	at org.testng.TestNG.runSuitesLocally(TestNG.java:1123)
	at org.testng.TestNG.run(TestNG.java:1031)
	at org.testng.remote.AbstractRemoteTestNG.run(AbstractRemoteTestNG.java:132)
	at org.testng.remote.RemoteTestNG.initAndRun(RemoteTestNG.java:236)
	at org.testng.remote.RemoteTestNG.main(RemoteTestNG.java:81)
</pre></div></td>
<td>406</td>
<td>com.desktopWeb.scripts.sprint1.TC_160_Verify_Page_News_Page_Version_NewPage_Cm@459e9125</td></tr>
<tr>
<td title='com.desktopWeb.scripts.sprint1.TC_164_Verify_Page_News_Page_Version_Approve_Pa.TC164_Verify_Page_News_Page_Version_Approve_Pa()'><b>TC164_Verify_Page_News_Page_Version_Approve_Pa</b><br>Test class: com.desktopWeb.scripts.sprint1.TC_164_Verify_Page_News_Page_Version_Approve_Pa<br>Parameters: autoprauthor@harvestdp.com, Automation2017, New Project for Test Execution, Verify Authoring/Page/News_Page_Version Approve funtionality by Project Author</td>
<td><div><pre>java.lang.AssertionError: Step Verify Verify text Failed with description Approved by is not present in the element expected [true] but found [false]
	at org.testng.Assert.fail(Assert.java:94)
	at org.testng.Assert.failNotEquals(Assert.java:494)
	at org.testng.Assert.assertTrue(Assert.java:42)
	at com.ctaf.support.HtmlReportSupport.onFailure(HtmlReportSupport.java:778)
	at com.ctaf.utilities.Reporter.failureReport(Reporter.java:91)
	at com.ctaf.accelerators.ActionEngine.assertTextMatching(ActionEngine.java:2353)
	at com.desktopWeb.workflows.HelperClass.approveVersion(HelperClass.java:1169)
	at com.desktopWeb.scripts.sprint1.TC_164_Verify_Page_News_Page_Version_Approve_Pa.TC164_Verify_Page_News_Page_Version_Approve_Pa(TC_164_Verify_Page_News_Page_Version_Approve_Pa.java:29)
	at sun.reflect.NativeMethodAccessorImpl.invoke0(Native Method)
	at sun.reflect.NativeMethodAccessorImpl.invoke(NativeMethodAccessorImpl.java:62)
	at sun.reflect.DelegatingMethodAccessorImpl.invoke(DelegatingMethodAccessorImpl.java:43)
	at java.lang.reflect.Method.invoke(Method.java:498)
	at org.testng.internal.MethodInvocationHelper.invokeMethod(MethodInvocationHelper.java:80)
	at org.testng.internal.Invoker.invokeMethod(Invoker.java:714)
	at org.testng.internal.Invoker.invokeTestMethod(Invoker.java:901)
	at org.testng.internal.Invoker.invokeTestMethods(Invoker.java:1231)
	at org.testng.internal.TestMethodWorker.invokeTestMethods(TestMethodWorker.java:127)
	at org.testng.internal.TestMethodWorker.run(TestMethodWorker.java:111)
	at org.testng.TestRunner.privateRun(TestRunner.java:767)
	at org.testng.TestRunner.run(TestRunner.java:617)
	at org.testng.SuiteRunner.runTest(SuiteRunner.java:334)
	at org.testng.SuiteRunner.runSequentially(SuiteRunner.java:329)
	at org.testng.SuiteRunner.privateRun(SuiteRunner.java:291)
	at org.testng.SuiteRunner.run(SuiteRunner.java:240)
	at org.testng.SuiteRunnerWorker.runSuite(SuiteRunnerWorker.java:52)
	at org.testng.SuiteRunnerWorker.run(SuiteRunnerWorker.java:86)
	at org.testng.TestNG.runSuitesSequentially(TestNG.java:1198)
	at org.testng.TestNG.runSuitesLocally(TestNG.java:1123)
	at org.testng.TestNG.run(TestNG.java:1031)
	at org.testng.remote.AbstractRemoteTestNG.run(AbstractRemoteTestNG.java:132)
	at org.testng.remote.RemoteTestNG.initAndRun(RemoteTestNG.java:236)
	at org.testng.remote.RemoteTestNG.main(RemoteTestNG.java:81)
</pre></div><a href='#' onClick='toggleBox("stack-trace2111669429", this, "Click to show all stack frames", "Click to hide stack frames")'>Click to show all stack frames</a>
<div class='stack-trace' id='stack-trace2111669429'><pre>java.lang.AssertionError: Step Verify Verify text Failed with description Approved by is not present in the element expected [true] but found [false]
	at org.testng.Assert.fail(Assert.java:94)
	at org.testng.Assert.failNotEquals(Assert.java:494)
	at org.testng.Assert.assertTrue(Assert.java:42)
	at com.ctaf.support.HtmlReportSupport.onFailure(HtmlReportSupport.java:778)
	at com.ctaf.utilities.Reporter.failureReport(Reporter.java:91)
	at com.ctaf.accelerators.ActionEngine.assertTextMatching(ActionEngine.java:2353)
	at com.desktopWeb.workflows.HelperClass.approveVersion(HelperClass.java:1169)
	at com.desktopWeb.scripts.sprint1.TC_164_Verify_Page_News_Page_Version_Approve_Pa.TC164_Verify_Page_News_Page_Version_Approve_Pa(TC_164_Verify_Page_News_Page_Version_Approve_Pa.java:29)
	at sun.reflect.NativeMethodAccessorImpl.invoke0(Native Method)
	at sun.reflect.NativeMethodAccessorImpl.invoke(NativeMethodAccessorImpl.java:62)
	at sun.reflect.DelegatingMethodAccessorImpl.invoke(DelegatingMethodAccessorImpl.java:43)
	at java.lang.reflect.Method.invoke(Method.java:498)
	at org.testng.internal.MethodInvocationHelper.invokeMethod(MethodInvocationHelper.java:80)
	at org.testng.internal.Invoker.invokeMethod(Invoker.java:714)
	at org.testng.internal.Invoker.invokeTestMethod(Invoker.java:901)
	at org.testng.internal.Invoker.invokeTestMethods(Invoker.java:1231)
	at org.testng.internal.TestMethodWorker.invokeTestMethods(TestMethodWorker.java:127)
	at org.testng.internal.TestMethodWorker.run(TestMethodWorker.java:111)
	at org.testng.TestRunner.privateRun(TestRunner.java:767)
	at org.testng.TestRunner.run(TestRunner.java:617)
	at org.testng.SuiteRunner.runTest(SuiteRunner.java:334)
	at org.testng.SuiteRunner.runSequentially(SuiteRunner.java:329)
	at org.testng.SuiteRunner.privateRun(SuiteRunner.java:291)
	at org.testng.SuiteRunner.run(SuiteRunner.java:240)
	at org.testng.SuiteRunnerWorker.runSuite(SuiteRunnerWorker.java:52)
	at org.testng.SuiteRunnerWorker.run(SuiteRunnerWorker.java:86)
	at org.testng.TestNG.runSuitesSequentially(TestNG.java:1198)
	at org.testng.TestNG.runSuitesLocally(TestNG.java:1123)
	at org.testng.TestNG.run(TestNG.java:1031)
	at org.testng.remote.AbstractRemoteTestNG.run(AbstractRemoteTestNG.java:132)
	at org.testng.remote.RemoteTestNG.initAndRun(RemoteTestNG.java:236)
	at org.testng.remote.RemoteTestNG.main(RemoteTestNG.java:81)
</pre></div></td>
<td>264</td>
<td>com.desktopWeb.scripts.sprint1.TC_164_Verify_Page_News_Page_Version_Approve_Pa@5656be13</td></tr>
<tr>
<td title='com.desktopWeb.scripts.sprint1.TC_165_Location_Page_News_Page_Location_Pa.TC165_Location_Page_News_Page_Location_Pa()'><b>TC165_Location_Page_News_Page_Location_Pa</b><br>Test class: com.desktopWeb.scripts.sprint1.TC_165_Location_Page_News_Page_Location_Pa<br>Parameters: autoprauthor@harvestdp.com, Automation2017, New Project for Test Execution, savechanges, Value 3, Verify Authoring/Page/News_Page/Location funtionality for Project Author</td>
<td><div><pre>java.lang.AssertionError: Step TC165_Location_Page_News_Page_Location_Pa Failed with description Failed expected [true] but found [false]
	at org.testng.Assert.fail(Assert.java:94)
	at org.testng.Assert.failNotEquals(Assert.java:494)
	at org.testng.Assert.assertTrue(Assert.java:42)
	at com.ctaf.support.HtmlReportSupport.onFailure(HtmlReportSupport.java:778)
	at com.ctaf.utilities.Reporter.failureReport(Reporter.java:91)
	at com.desktopWeb.scripts.sprint1.TC_165_Location_Page_News_Page_Location_Pa.TC165_Location_Page_News_Page_Location_Pa(TC_165_Location_Page_News_Page_Location_Pa.java:30)
	at sun.reflect.NativeMethodAccessorImpl.invoke0(Native Method)
	at sun.reflect.NativeMethodAccessorImpl.invoke(NativeMethodAccessorImpl.java:62)
	at sun.reflect.DelegatingMethodAccessorImpl.invoke(DelegatingMethodAccessorImpl.java:43)
	at java.lang.reflect.Method.invoke(Method.java:498)
	at org.testng.internal.MethodInvocationHelper.invokeMethod(MethodInvocationHelper.java:80)
	at org.testng.internal.Invoker.invokeMethod(Invoker.java:714)
	at org.testng.internal.Invoker.invokeTestMethod(Invoker.java:901)
	at org.testng.internal.Invoker.invokeTestMethods(Invoker.java:1231)
	at org.testng.internal.TestMethodWorker.invokeTestMethods(TestMethodWorker.java:127)
	at org.testng.internal.TestMethodWorker.run(TestMethodWorker.java:111)
	at org.testng.TestRunner.privateRun(TestRunner.java:767)
	at org.testng.TestRunner.run(TestRunner.java:617)
	at org.testng.SuiteRunner.runTest(SuiteRunner.java:334)
	at org.testng.SuiteRunner.runSequentially(SuiteRunner.java:329)
	at org.testng.SuiteRunner.privateRun(SuiteRunner.java:291)
	at org.testng.SuiteRunner.run(SuiteRunner.java:240)
	at org.testng.SuiteRunnerWorker.runSuite(SuiteRunnerWorker.java:52)
	at org.testng.SuiteRunnerWorker.run(SuiteRunnerWorker.java:86)
	at org.testng.TestNG.runSuitesSequentially(TestNG.java:1198)
	at org.testng.TestNG.runSuitesLocally(TestNG.java:1123)
	at org.testng.TestNG.run(TestNG.java:1031)
	at org.testng.remote.AbstractRemoteTestNG.run(AbstractRemoteTestNG.java:132)
	at org.testng.remote.RemoteTestNG.initAndRun(RemoteTestNG.java:236)
	at org.testng.remote.RemoteTestNG.main(RemoteTestNG.java:81)
</pre></div><a href='#' onClick='toggleBox("stack-trace1139305484", this, "Click to show all stack frames", "Click to hide stack frames")'>Click to show all stack frames</a>
<div class='stack-trace' id='stack-trace1139305484'><pre>java.lang.AssertionError: Step TC165_Location_Page_News_Page_Location_Pa Failed with description Failed expected [true] but found [false]
	at org.testng.Assert.fail(Assert.java:94)
	at org.testng.Assert.failNotEquals(Assert.java:494)
	at org.testng.Assert.assertTrue(Assert.java:42)
	at com.ctaf.support.HtmlReportSupport.onFailure(HtmlReportSupport.java:778)
	at com.ctaf.utilities.Reporter.failureReport(Reporter.java:91)
	at com.desktopWeb.scripts.sprint1.TC_165_Location_Page_News_Page_Location_Pa.TC165_Location_Page_News_Page_Location_Pa(TC_165_Location_Page_News_Page_Location_Pa.java:30)
	at sun.reflect.NativeMethodAccessorImpl.invoke0(Native Method)
	at sun.reflect.NativeMethodAccessorImpl.invoke(NativeMethodAccessorImpl.java:62)
	at sun.reflect.DelegatingMethodAccessorImpl.invoke(DelegatingMethodAccessorImpl.java:43)
	at java.lang.reflect.Method.invoke(Method.java:498)
	at org.testng.internal.MethodInvocationHelper.invokeMethod(MethodInvocationHelper.java:80)
	at org.testng.internal.Invoker.invokeMethod(Invoker.java:714)
	at org.testng.internal.Invoker.invokeTestMethod(Invoker.java:901)
	at org.testng.internal.Invoker.invokeTestMethods(Invoker.java:1231)
	at org.testng.internal.TestMethodWorker.invokeTestMethods(TestMethodWorker.java:127)
	at org.testng.internal.TestMethodWorker.run(TestMethodWorker.java:111)
	at org.testng.TestRunner.privateRun(TestRunner.java:767)
	at org.testng.TestRunner.run(TestRunner.java:617)
	at org.testng.SuiteRunner.runTest(SuiteRunner.java:334)
	at org.testng.SuiteRunner.runSequentially(SuiteRunner.java:329)
	at org.testng.SuiteRunner.privateRun(SuiteRunner.java:291)
	at org.testng.SuiteRunner.run(SuiteRunner.java:240)
	at org.testng.SuiteRunnerWorker.runSuite(SuiteRunnerWorker.java:52)
	at org.testng.SuiteRunnerWorker.run(SuiteRunnerWorker.java:86)
	at org.testng.TestNG.runSuitesSequentially(TestNG.java:1198)
	at org.testng.TestNG.runSuitesLocally(TestNG.java:1123)
	at org.testng.TestNG.run(TestNG.java:1031)
	at org.testng.remote.AbstractRemoteTestNG.run(AbstractRemoteTestNG.java:132)
	at org.testng.remote.RemoteTestNG.initAndRun(RemoteTestNG.java:236)
	at org.testng.remote.RemoteTestNG.main(RemoteTestNG.java:81)
</pre></div></td>
<td>392</td>
<td>com.desktopWeb.scripts.sprint1.TC_165_Location_Page_News_Page_Location_Pa@408d971b</td></tr>
<tr>
<td title='com.desktopWeb.scripts.sprint1.TC_166_Design_Page_News_Page_Template_Pa.TC166_Design_Page_News_Page_Template_Pa()'><b>TC166_Design_Page_News_Page_Template_Pa</b><br>Test class: com.desktopWeb.scripts.sprint1.TC_166_Design_Page_News_Page_Template_Pa<br>Parameters: autoprauthor@harvestdp.com, Automation2017, New Project for Test Execution, news full, savechanges, Verify Authoring/Page/News_Page/Design funtionality by Project Author</td>
<td><div><pre>java.lang.AssertionError: Step TC166_Design_Page_News_Page_Template_Pa Failed with description Failed expected [true] but found [false]
	at org.testng.Assert.fail(Assert.java:94)
	at org.testng.Assert.failNotEquals(Assert.java:494)
	at org.testng.Assert.assertTrue(Assert.java:42)
	at com.ctaf.support.HtmlReportSupport.onFailure(HtmlReportSupport.java:778)
	at com.ctaf.utilities.Reporter.failureReport(Reporter.java:91)
	at com.desktopWeb.scripts.sprint1.TC_166_Design_Page_News_Page_Template_Pa.TC166_Design_Page_News_Page_Template_Pa(TC_166_Design_Page_News_Page_Template_Pa.java:30)
	at sun.reflect.NativeMethodAccessorImpl.invoke0(Native Method)
	at sun.reflect.NativeMethodAccessorImpl.invoke(NativeMethodAccessorImpl.java:62)
	at sun.reflect.DelegatingMethodAccessorImpl.invoke(DelegatingMethodAccessorImpl.java:43)
	at java.lang.reflect.Method.invoke(Method.java:498)
	at org.testng.internal.MethodInvocationHelper.invokeMethod(MethodInvocationHelper.java:80)
	at org.testng.internal.Invoker.invokeMethod(Invoker.java:714)
	at org.testng.internal.Invoker.invokeTestMethod(Invoker.java:901)
	at org.testng.internal.Invoker.invokeTestMethods(Invoker.java:1231)
	at org.testng.internal.TestMethodWorker.invokeTestMethods(TestMethodWorker.java:127)
	at org.testng.internal.TestMethodWorker.run(TestMethodWorker.java:111)
	at org.testng.TestRunner.privateRun(TestRunner.java:767)
	at org.testng.TestRunner.run(TestRunner.java:617)
	at org.testng.SuiteRunner.runTest(SuiteRunner.java:334)
	at org.testng.SuiteRunner.runSequentially(SuiteRunner.java:329)
	at org.testng.SuiteRunner.privateRun(SuiteRunner.java:291)
	at org.testng.SuiteRunner.run(SuiteRunner.java:240)
	at org.testng.SuiteRunnerWorker.runSuite(SuiteRunnerWorker.java:52)
	at org.testng.SuiteRunnerWorker.run(SuiteRunnerWorker.java:86)
	at org.testng.TestNG.runSuitesSequentially(TestNG.java:1198)
	at org.testng.TestNG.runSuitesLocally(TestNG.java:1123)
	at org.testng.TestNG.run(TestNG.java:1031)
	at org.testng.remote.AbstractRemoteTestNG.run(AbstractRemoteTestNG.java:132)
	at org.testng.remote.RemoteTestNG.initAndRun(RemoteTestNG.java:236)
	at org.testng.remote.RemoteTestNG.main(RemoteTestNG.java:81)
</pre></div><a href='#' onClick='toggleBox("stack-trace1881419576", this, "Click to show all stack frames", "Click to hide stack frames")'>Click to show all stack frames</a>
<div class='stack-trace' id='stack-trace1881419576'><pre>java.lang.AssertionError: Step TC166_Design_Page_News_Page_Template_Pa Failed with description Failed expected [true] but found [false]
	at org.testng.Assert.fail(Assert.java:94)
	at org.testng.Assert.failNotEquals(Assert.java:494)
	at org.testng.Assert.assertTrue(Assert.java:42)
	at com.ctaf.support.HtmlReportSupport.onFailure(HtmlReportSupport.java:778)
	at com.ctaf.utilities.Reporter.failureReport(Reporter.java:91)
	at com.desktopWeb.scripts.sprint1.TC_166_Design_Page_News_Page_Template_Pa.TC166_Design_Page_News_Page_Template_Pa(TC_166_Design_Page_News_Page_Template_Pa.java:30)
	at sun.reflect.NativeMethodAccessorImpl.invoke0(Native Method)
	at sun.reflect.NativeMethodAccessorImpl.invoke(NativeMethodAccessorImpl.java:62)
	at sun.reflect.DelegatingMethodAccessorImpl.invoke(DelegatingMethodAccessorImpl.java:43)
	at java.lang.reflect.Method.invoke(Method.java:498)
	at org.testng.internal.MethodInvocationHelper.invokeMethod(MethodInvocationHelper.java:80)
	at org.testng.internal.Invoker.invokeMethod(Invoker.java:714)
	at org.testng.internal.Invoker.invokeTestMethod(Invoker.java:901)
	at org.testng.internal.Invoker.invokeTestMethods(Invoker.java:1231)
	at org.testng.internal.TestMethodWorker.invokeTestMethods(TestMethodWorker.java:127)
	at org.testng.internal.TestMethodWorker.run(TestMethodWorker.java:111)
	at org.testng.TestRunner.privateRun(TestRunner.java:767)
	at org.testng.TestRunner.run(TestRunner.java:617)
	at org.testng.SuiteRunner.runTest(SuiteRunner.java:334)
	at org.testng.SuiteRunner.runSequentially(SuiteRunner.java:329)
	at org.testng.SuiteRunner.privateRun(SuiteRunner.java:291)
	at org.testng.SuiteRunner.run(SuiteRunner.java:240)
	at org.testng.SuiteRunnerWorker.runSuite(SuiteRunnerWorker.java:52)
	at org.testng.SuiteRunnerWorker.run(SuiteRunnerWorker.java:86)
	at org.testng.TestNG.runSuitesSequentially(TestNG.java:1198)
	at org.testng.TestNG.runSuitesLocally(TestNG.java:1123)
	at org.testng.TestNG.run(TestNG.java:1031)
	at org.testng.remote.AbstractRemoteTestNG.run(AbstractRemoteTestNG.java:132)
	at org.testng.remote.RemoteTestNG.initAndRun(RemoteTestNG.java:236)
	at org.testng.remote.RemoteTestNG.main(RemoteTestNG.java:81)
</pre></div></td>
<td>395</td>
<td>com.desktopWeb.scripts.sprint1.TC_166_Design_Page_News_Page_Template_Pa@3c19aaa5</td></tr>
<tr>
<td title='com.desktopWeb.scripts.sprint1.TC_167_Verify_Page_News_Page_Version_NewPage_Pa.TC167_Verify_Page_News_Page_Version_NewPage_Pa()'><b>TC167_Verify_Page_News_Page_Version_NewPage_Pa</b><br>Test class: com.desktopWeb.scripts.sprint1.TC_167_Verify_Page_News_Page_Version_NewPage_Pa<br>Parameters: autoprauthor@harvestdp.com, Automation2017, New Project for Test Execution, Verify Authoring/Page/Project_Sub_Page/Version New Page by Project Author</td>
<td><div><pre>java.lang.AssertionError: Step TC167_Verify_Page_News_Page_Version_NewPage_Pa Failed with description Failed expected [true] but found [false]
	at org.testng.Assert.fail(Assert.java:94)
	at org.testng.Assert.failNotEquals(Assert.java:494)
	at org.testng.Assert.assertTrue(Assert.java:42)
	at com.ctaf.support.HtmlReportSupport.onFailure(HtmlReportSupport.java:778)
	at com.ctaf.utilities.Reporter.failureReport(Reporter.java:91)
	at com.desktopWeb.scripts.sprint1.TC_167_Verify_Page_News_Page_Version_NewPage_Pa.TC167_Verify_Page_News_Page_Version_NewPage_Pa(TC_167_Verify_Page_News_Page_Version_NewPage_Pa.java:32)
	at sun.reflect.NativeMethodAccessorImpl.invoke0(Native Method)
	at sun.reflect.NativeMethodAccessorImpl.invoke(NativeMethodAccessorImpl.java:62)
	at sun.reflect.DelegatingMethodAccessorImpl.invoke(DelegatingMethodAccessorImpl.java:43)
	at java.lang.reflect.Method.invoke(Method.java:498)
	at org.testng.internal.MethodInvocationHelper.invokeMethod(MethodInvocationHelper.java:80)
	at org.testng.internal.Invoker.invokeMethod(Invoker.java:714)
	at org.testng.internal.Invoker.invokeTestMethod(Invoker.java:901)
	at org.testng.internal.Invoker.invokeTestMethods(Invoker.java:1231)
	at org.testng.internal.TestMethodWorker.invokeTestMethods(TestMethodWorker.java:127)
	at org.testng.internal.TestMethodWorker.run(TestMethodWorker.java:111)
	at org.testng.TestRunner.privateRun(TestRunner.java:767)
	at org.testng.TestRunner.run(TestRunner.java:617)
	at org.testng.SuiteRunner.runTest(SuiteRunner.java:334)
	at org.testng.SuiteRunner.runSequentially(SuiteRunner.java:329)
	at org.testng.SuiteRunner.privateRun(SuiteRunner.java:291)
	at org.testng.SuiteRunner.run(SuiteRunner.java:240)
	at org.testng.SuiteRunnerWorker.runSuite(SuiteRunnerWorker.java:52)
	at org.testng.SuiteRunnerWorker.run(SuiteRunnerWorker.java:86)
	at org.testng.TestNG.runSuitesSequentially(TestNG.java:1198)
	at org.testng.TestNG.runSuitesLocally(TestNG.java:1123)
	at org.testng.TestNG.run(TestNG.java:1031)
	at org.testng.remote.AbstractRemoteTestNG.run(AbstractRemoteTestNG.java:132)
	at org.testng.remote.RemoteTestNG.initAndRun(RemoteTestNG.java:236)
	at org.testng.remote.RemoteTestNG.main(RemoteTestNG.java:81)
</pre></div><a href='#' onClick='toggleBox("stack-trace426070939", this, "Click to show all stack frames", "Click to hide stack frames")'>Click to show all stack frames</a>
<div class='stack-trace' id='stack-trace426070939'><pre>java.lang.AssertionError: Step TC167_Verify_Page_News_Page_Version_NewPage_Pa Failed with description Failed expected [true] but found [false]
	at org.testng.Assert.fail(Assert.java:94)
	at org.testng.Assert.failNotEquals(Assert.java:494)
	at org.testng.Assert.assertTrue(Assert.java:42)
	at com.ctaf.support.HtmlReportSupport.onFailure(HtmlReportSupport.java:778)
	at com.ctaf.utilities.Reporter.failureReport(Reporter.java:91)
	at com.desktopWeb.scripts.sprint1.TC_167_Verify_Page_News_Page_Version_NewPage_Pa.TC167_Verify_Page_News_Page_Version_NewPage_Pa(TC_167_Verify_Page_News_Page_Version_NewPage_Pa.java:32)
	at sun.reflect.NativeMethodAccessorImpl.invoke0(Native Method)
	at sun.reflect.NativeMethodAccessorImpl.invoke(NativeMethodAccessorImpl.java:62)
	at sun.reflect.DelegatingMethodAccessorImpl.invoke(DelegatingMethodAccessorImpl.java:43)
	at java.lang.reflect.Method.invoke(Method.java:498)
	at org.testng.internal.MethodInvocationHelper.invokeMethod(MethodInvocationHelper.java:80)
	at org.testng.internal.Invoker.invokeMethod(Invoker.java:714)
	at org.testng.internal.Invoker.invokeTestMethod(Invoker.java:901)
	at org.testng.internal.Invoker.invokeTestMethods(Invoker.java:1231)
	at org.testng.internal.TestMethodWorker.invokeTestMethods(TestMethodWorker.java:127)
	at org.testng.internal.TestMethodWorker.run(TestMethodWorker.java:111)
	at org.testng.TestRunner.privateRun(TestRunner.java:767)
	at org.testng.TestRunner.run(TestRunner.java:617)
	at org.testng.SuiteRunner.runTest(SuiteRunner.java:334)
	at org.testng.SuiteRunner.runSequentially(SuiteRunner.java:329)
	at org.testng.SuiteRunner.privateRun(SuiteRunner.java:291)
	at org.testng.SuiteRunner.run(SuiteRunner.java:240)
	at org.testng.SuiteRunnerWorker.runSuite(SuiteRunnerWorker.java:52)
	at org.testng.SuiteRunnerWorker.run(SuiteRunnerWorker.java:86)
	at org.testng.TestNG.runSuitesSequentially(TestNG.java:1198)
	at org.testng.TestNG.runSuitesLocally(TestNG.java:1123)
	at org.testng.TestNG.run(TestNG.java:1031)
	at org.testng.remote.AbstractRemoteTestNG.run(AbstractRemoteTestNG.java:132)
	at org.testng.remote.RemoteTestNG.initAndRun(RemoteTestNG.java:236)
	at org.testng.remote.RemoteTestNG.main(RemoteTestNG.java:81)
</pre></div></td>
<td>367</td>
<td>com.desktopWeb.scripts.sprint1.TC_167_Verify_Page_News_Page_Version_NewPage_Pa@5c6648b0</td></tr>
<tr>
<td title='com.desktopWeb.scripts.sprint1.TC_169_Detail_Page_News_Page_Project_Pa.TC169_Detail_Page_News_Page_Project_Pa()'><b>TC169_Detail_Page_News_Page_Project_Pa</b><br>Test class: com.desktopWeb.scripts.sprint1.TC_169_Detail_Page_News_Page_Project_Pa<br>Parameters: autoprauthor@harvestdp.com, Automation2017, New Project for Test Execution, New Project for Test Execution, savechanges, Verify Authoring/Page/News_Page/Details funtionality by Project Author</td>
<td><div><pre>java.lang.AssertionError: Step TC169_Detail_Page_News_Page_Project_Pa Failed with description Failed expected [true] but found [false]
	at org.testng.Assert.fail(Assert.java:94)
	at org.testng.Assert.failNotEquals(Assert.java:494)
	at org.testng.Assert.assertTrue(Assert.java:42)
	at com.ctaf.support.HtmlReportSupport.onFailure(HtmlReportSupport.java:778)
	at com.ctaf.utilities.Reporter.failureReport(Reporter.java:91)
	at com.desktopWeb.scripts.sprint1.TC_169_Detail_Page_News_Page_Project_Pa.TC169_Detail_Page_News_Page_Project_Pa(TC_169_Detail_Page_News_Page_Project_Pa.java:31)
	at sun.reflect.NativeMethodAccessorImpl.invoke0(Native Method)
	at sun.reflect.NativeMethodAccessorImpl.invoke(NativeMethodAccessorImpl.java:62)
	at sun.reflect.DelegatingMethodAccessorImpl.invoke(DelegatingMethodAccessorImpl.java:43)
	at java.lang.reflect.Method.invoke(Method.java:498)
	at org.testng.internal.MethodInvocationHelper.invokeMethod(MethodInvocationHelper.java:80)
	at org.testng.internal.Invoker.invokeMethod(Invoker.java:714)
	at org.testng.internal.Invoker.invokeTestMethod(Invoker.java:901)
	at org.testng.internal.Invoker.invokeTestMethods(Invoker.java:1231)
	at org.testng.internal.TestMethodWorker.invokeTestMethods(TestMethodWorker.java:127)
	at org.testng.internal.TestMethodWorker.run(TestMethodWorker.java:111)
	at org.testng.TestRunner.privateRun(TestRunner.java:767)
	at org.testng.TestRunner.run(TestRunner.java:617)
	at org.testng.SuiteRunner.runTest(SuiteRunner.java:334)
	at org.testng.SuiteRunner.runSequentially(SuiteRunner.java:329)
	at org.testng.SuiteRunner.privateRun(SuiteRunner.java:291)
	at org.testng.SuiteRunner.run(SuiteRunner.java:240)
	at org.testng.SuiteRunnerWorker.runSuite(SuiteRunnerWorker.java:52)
	at org.testng.SuiteRunnerWorker.run(SuiteRunnerWorker.java:86)
	at org.testng.TestNG.runSuitesSequentially(TestNG.java:1198)
	at org.testng.TestNG.runSuitesLocally(TestNG.java:1123)
	at org.testng.TestNG.run(TestNG.java:1031)
	at org.testng.remote.AbstractRemoteTestNG.run(AbstractRemoteTestNG.java:132)
	at org.testng.remote.RemoteTestNG.initAndRun(RemoteTestNG.java:236)
	at org.testng.remote.RemoteTestNG.main(RemoteTestNG.java:81)
</pre></div><a href='#' onClick='toggleBox("stack-trace414551159", this, "Click to show all stack frames", "Click to hide stack frames")'>Click to show all stack frames</a>
<div class='stack-trace' id='stack-trace414551159'><pre>java.lang.AssertionError: Step TC169_Detail_Page_News_Page_Project_Pa Failed with description Failed expected [true] but found [false]
	at org.testng.Assert.fail(Assert.java:94)
	at org.testng.Assert.failNotEquals(Assert.java:494)
	at org.testng.Assert.assertTrue(Assert.java:42)
	at com.ctaf.support.HtmlReportSupport.onFailure(HtmlReportSupport.java:778)
	at com.ctaf.utilities.Reporter.failureReport(Reporter.java:91)
	at com.desktopWeb.scripts.sprint1.TC_169_Detail_Page_News_Page_Project_Pa.TC169_Detail_Page_News_Page_Project_Pa(TC_169_Detail_Page_News_Page_Project_Pa.java:31)
	at sun.reflect.NativeMethodAccessorImpl.invoke0(Native Method)
	at sun.reflect.NativeMethodAccessorImpl.invoke(NativeMethodAccessorImpl.java:62)
	at sun.reflect.DelegatingMethodAccessorImpl.invoke(DelegatingMethodAccessorImpl.java:43)
	at java.lang.reflect.Method.invoke(Method.java:498)
	at org.testng.internal.MethodInvocationHelper.invokeMethod(MethodInvocationHelper.java:80)
	at org.testng.internal.Invoker.invokeMethod(Invoker.java:714)
	at org.testng.internal.Invoker.invokeTestMethod(Invoker.java:901)
	at org.testng.internal.Invoker.invokeTestMethods(Invoker.java:1231)
	at org.testng.internal.TestMethodWorker.invokeTestMethods(TestMethodWorker.java:127)
	at org.testng.internal.TestMethodWorker.run(TestMethodWorker.java:111)
	at org.testng.TestRunner.privateRun(TestRunner.java:767)
	at org.testng.TestRunner.run(TestRunner.java:617)
	at org.testng.SuiteRunner.runTest(SuiteRunner.java:334)
	at org.testng.SuiteRunner.runSequentially(SuiteRunner.java:329)
	at org.testng.SuiteRunner.privateRun(SuiteRunner.java:291)
	at org.testng.SuiteRunner.run(SuiteRunner.java:240)
	at org.testng.SuiteRunnerWorker.runSuite(SuiteRunnerWorker.java:52)
	at org.testng.SuiteRunnerWorker.run(SuiteRunnerWorker.java:86)
	at org.testng.TestNG.runSuitesSequentially(TestNG.java:1198)
	at org.testng.TestNG.runSuitesLocally(TestNG.java:1123)
	at org.testng.TestNG.run(TestNG.java:1031)
	at org.testng.remote.AbstractRemoteTestNG.run(AbstractRemoteTestNG.java:132)
	at org.testng.remote.RemoteTestNG.initAndRun(RemoteTestNG.java:236)
	at org.testng.remote.RemoteTestNG.main(RemoteTestNG.java:81)
</pre></div></td>
<td>407</td>
<td>com.desktopWeb.scripts.sprint1.TC_169_Detail_Page_News_Page_Project_Pa@75d4a5c2</td></tr>
<tr>
<td title='com.desktopWeb.scripts.sprint2.TC_172_Detail_Project_Dashboard_Project_Pa.TC172_Detail_Project_Dashboard_Project_Pa()'><b>TC172_Detail_Project_Dashboard_Project_Pa</b><br>Test class: com.desktopWeb.scripts.sprint2.TC_172_Detail_Project_Dashboard_Project_Pa<br>Parameters: autoprauthor@harvestdp.com, Automation2017, New Project for Test Execution, New Project for Test Execution, ignore, Verify Dashboard/Project/EDit Project by Cosultation Manager</td>
<td><div><pre>java.lang.AssertionError: Step TC172_Detail_Project_Dashboard_Project_Pa Failed with description Failed expected [true] but found [false]
	at org.testng.Assert.fail(Assert.java:94)
	at org.testng.Assert.failNotEquals(Assert.java:494)
	at org.testng.Assert.assertTrue(Assert.java:42)
	at com.ctaf.support.HtmlReportSupport.onFailure(HtmlReportSupport.java:778)
	at com.ctaf.utilities.Reporter.failureReport(Reporter.java:91)
	at com.desktopWeb.scripts.sprint2.TC_172_Detail_Project_Dashboard_Project_Pa.TC172_Detail_Project_Dashboard_Project_Pa(TC_172_Detail_Project_Dashboard_Project_Pa.java:32)
	at sun.reflect.NativeMethodAccessorImpl.invoke0(Native Method)
	at sun.reflect.NativeMethodAccessorImpl.invoke(NativeMethodAccessorImpl.java:62)
	at sun.reflect.DelegatingMethodAccessorImpl.invoke(DelegatingMethodAccessorImpl.java:43)
	at java.lang.reflect.Method.invoke(Method.java:498)
	at org.testng.internal.MethodInvocationHelper.invokeMethod(MethodInvocationHelper.java:80)
	at org.testng.internal.Invoker.invokeMethod(Invoker.java:714)
	at org.testng.internal.Invoker.invokeTestMethod(Invoker.java:901)
	at org.testng.internal.Invoker.invokeTestMethods(Invoker.java:1231)
	at org.testng.internal.TestMethodWorker.invokeTestMethods(TestMethodWorker.java:127)
	at org.testng.internal.TestMethodWorker.run(TestMethodWorker.java:111)
	at org.testng.TestRunner.privateRun(TestRunner.java:767)
	at org.testng.TestRunner.run(TestRunner.java:617)
	at org.testng.SuiteRunner.runTest(SuiteRunner.java:334)
	at org.testng.SuiteRunner.runSequentially(SuiteRunner.java:329)
	at org.testng.SuiteRunner.privateRun(SuiteRunner.java:291)
	at org.testng.SuiteRunner.run(SuiteRunner.java:240)
	at org.testng.SuiteRunnerWorker.runSuite(SuiteRunnerWorker.java:52)
	at org.testng.SuiteRunnerWorker.run(SuiteRunnerWorker.java:86)
	at org.testng.TestNG.runSuitesSequentially(TestNG.java:1198)
	at org.testng.TestNG.runSuitesLocally(TestNG.java:1123)
	at org.testng.TestNG.run(TestNG.java:1031)
	at org.testng.remote.AbstractRemoteTestNG.run(AbstractRemoteTestNG.java:132)
	at org.testng.remote.RemoteTestNG.initAndRun(RemoteTestNG.java:236)
	at org.testng.remote.RemoteTestNG.main(RemoteTestNG.java:81)
</pre></div><a href='#' onClick='toggleBox("stack-trace185583672", this, "Click to show all stack frames", "Click to hide stack frames")'>Click to show all stack frames</a>
<div class='stack-trace' id='stack-trace185583672'><pre>java.lang.AssertionError: Step TC172_Detail_Project_Dashboard_Project_Pa Failed with description Failed expected [true] but found [false]
	at org.testng.Assert.fail(Assert.java:94)
	at org.testng.Assert.failNotEquals(Assert.java:494)
	at org.testng.Assert.assertTrue(Assert.java:42)
	at com.ctaf.support.HtmlReportSupport.onFailure(HtmlReportSupport.java:778)
	at com.ctaf.utilities.Reporter.failureReport(Reporter.java:91)
	at com.desktopWeb.scripts.sprint2.TC_172_Detail_Project_Dashboard_Project_Pa.TC172_Detail_Project_Dashboard_Project_Pa(TC_172_Detail_Project_Dashboard_Project_Pa.java:32)
	at sun.reflect.NativeMethodAccessorImpl.invoke0(Native Method)
	at sun.reflect.NativeMethodAccessorImpl.invoke(NativeMethodAccessorImpl.java:62)
	at sun.reflect.DelegatingMethodAccessorImpl.invoke(DelegatingMethodAccessorImpl.java:43)
	at java.lang.reflect.Method.invoke(Method.java:498)
	at org.testng.internal.MethodInvocationHelper.invokeMethod(MethodInvocationHelper.java:80)
	at org.testng.internal.Invoker.invokeMethod(Invoker.java:714)
	at org.testng.internal.Invoker.invokeTestMethod(Invoker.java:901)
	at org.testng.internal.Invoker.invokeTestMethods(Invoker.java:1231)
	at org.testng.internal.TestMethodWorker.invokeTestMethods(TestMethodWorker.java:127)
	at org.testng.internal.TestMethodWorker.run(TestMethodWorker.java:111)
	at org.testng.TestRunner.privateRun(TestRunner.java:767)
	at org.testng.TestRunner.run(TestRunner.java:617)
	at org.testng.SuiteRunner.runTest(SuiteRunner.java:334)
	at org.testng.SuiteRunner.runSequentially(SuiteRunner.java:329)
	at org.testng.SuiteRunner.privateRun(SuiteRunner.java:291)
	at org.testng.SuiteRunner.run(SuiteRunner.java:240)
	at org.testng.SuiteRunnerWorker.runSuite(SuiteRunnerWorker.java:52)
	at org.testng.SuiteRunnerWorker.run(SuiteRunnerWorker.java:86)
	at org.testng.TestNG.runSuitesSequentially(TestNG.java:1198)
	at org.testng.TestNG.runSuitesLocally(TestNG.java:1123)
	at org.testng.TestNG.run(TestNG.java:1031)
	at org.testng.remote.AbstractRemoteTestNG.run(AbstractRemoteTestNG.java:132)
	at org.testng.remote.RemoteTestNG.initAndRun(RemoteTestNG.java:236)
	at org.testng.remote.RemoteTestNG.main(RemoteTestNG.java:81)
</pre></div></td>
<td>246</td>
<td>com.desktopWeb.scripts.sprint2.TC_172_Detail_Project_Dashboard_Project_Pa@409bf450</td></tr>
<tr>
<td title='com.desktopWeb.scripts.sprint2.TC_173_Detail_Project_Dashboard_Project_SiteAdmin.TC173_Detail_Project_Dashboard_Project_SiteAdmin()'><b>TC173_Detail_Project_Dashboard_Project_SiteAdmin</b><br>Test class: com.desktopWeb.scripts.sprint2.TC_173_Detail_Project_Dashboard_Project_SiteAdmin<br>Parameters: autosm2017@gmail.com, Automation2017, New Project for Test Execution, New Project for Test Execution, ignore, Verify Dashboard/Project/EDit Project by Site Admin</td>
<td><div><pre>java.lang.AssertionError: Step TC173_Detail_Project_Dashboard_Project_SiteAdmin Failed with description Failed expected [true] but found [false]
	at org.testng.Assert.fail(Assert.java:94)
	at org.testng.Assert.failNotEquals(Assert.java:494)
	at org.testng.Assert.assertTrue(Assert.java:42)
	at com.ctaf.support.HtmlReportSupport.onFailure(HtmlReportSupport.java:778)
	at com.ctaf.utilities.Reporter.failureReport(Reporter.java:91)
	at com.desktopWeb.scripts.sprint2.TC_173_Detail_Project_Dashboard_Project_SiteAdmin.TC173_Detail_Project_Dashboard_Project_SiteAdmin(TC_173_Detail_Project_Dashboard_Project_SiteAdmin.java:32)
	at sun.reflect.NativeMethodAccessorImpl.invoke0(Native Method)
	at sun.reflect.NativeMethodAccessorImpl.invoke(NativeMethodAccessorImpl.java:62)
	at sun.reflect.DelegatingMethodAccessorImpl.invoke(DelegatingMethodAccessorImpl.java:43)
	at java.lang.reflect.Method.invoke(Method.java:498)
	at org.testng.internal.MethodInvocationHelper.invokeMethod(MethodInvocationHelper.java:80)
	at org.testng.internal.Invoker.invokeMethod(Invoker.java:714)
	at org.testng.internal.Invoker.invokeTestMethod(Invoker.java:901)
	at org.testng.internal.Invoker.invokeTestMethods(Invoker.java:1231)
	at org.testng.internal.TestMethodWorker.invokeTestMethods(TestMethodWorker.java:127)
	at org.testng.internal.TestMethodWorker.run(TestMethodWorker.java:111)
	at org.testng.TestRunner.privateRun(TestRunner.java:767)
	at org.testng.TestRunner.run(TestRunner.java:617)
	at org.testng.SuiteRunner.runTest(SuiteRunner.java:334)
	at org.testng.SuiteRunner.runSequentially(SuiteRunner.java:329)
	at org.testng.SuiteRunner.privateRun(SuiteRunner.java:291)
	at org.testng.SuiteRunner.run(SuiteRunner.java:240)
	at org.testng.SuiteRunnerWorker.runSuite(SuiteRunnerWorker.java:52)
	at org.testng.SuiteRunnerWorker.run(SuiteRunnerWorker.java:86)
	at org.testng.TestNG.runSuitesSequentially(TestNG.java:1198)
	at org.testng.TestNG.runSuitesLocally(TestNG.java:1123)
	at org.testng.TestNG.run(TestNG.java:1031)
	at org.testng.remote.AbstractRemoteTestNG.run(AbstractRemoteTestNG.java:132)
	at org.testng.remote.RemoteTestNG.initAndRun(RemoteTestNG.java:236)
	at org.testng.remote.RemoteTestNG.main(RemoteTestNG.java:81)
</pre></div><a href='#' onClick='toggleBox("stack-trace1900307803", this, "Click to show all stack frames", "Click to hide stack frames")'>Click to show all stack frames</a>
<div class='stack-trace' id='stack-trace1900307803'><pre>java.lang.AssertionError: Step TC173_Detail_Project_Dashboard_Project_SiteAdmin Failed with description Failed expected [true] but found [false]
	at org.testng.Assert.fail(Assert.java:94)
	at org.testng.Assert.failNotEquals(Assert.java:494)
	at org.testng.Assert.assertTrue(Assert.java:42)
	at com.ctaf.support.HtmlReportSupport.onFailure(HtmlReportSupport.java:778)
	at com.ctaf.utilities.Reporter.failureReport(Reporter.java:91)
	at com.desktopWeb.scripts.sprint2.TC_173_Detail_Project_Dashboard_Project_SiteAdmin.TC173_Detail_Project_Dashboard_Project_SiteAdmin(TC_173_Detail_Project_Dashboard_Project_SiteAdmin.java:32)
	at sun.reflect.NativeMethodAccessorImpl.invoke0(Native Method)
	at sun.reflect.NativeMethodAccessorImpl.invoke(NativeMethodAccessorImpl.java:62)
	at sun.reflect.DelegatingMethodAccessorImpl.invoke(DelegatingMethodAccessorImpl.java:43)
	at java.lang.reflect.Method.invoke(Method.java:498)
	at org.testng.internal.MethodInvocationHelper.invokeMethod(MethodInvocationHelper.java:80)
	at org.testng.internal.Invoker.invokeMethod(Invoker.java:714)
	at org.testng.internal.Invoker.invokeTestMethod(Invoker.java:901)
	at org.testng.internal.Invoker.invokeTestMethods(Invoker.java:1231)
	at org.testng.internal.TestMethodWorker.invokeTestMethods(TestMethodWorker.java:127)
	at org.testng.internal.TestMethodWorker.run(TestMethodWorker.java:111)
	at org.testng.TestRunner.privateRun(TestRunner.java:767)
	at org.testng.TestRunner.run(TestRunner.java:617)
	at org.testng.SuiteRunner.runTest(SuiteRunner.java:334)
	at org.testng.SuiteRunner.runSequentially(SuiteRunner.java:329)
	at org.testng.SuiteRunner.privateRun(SuiteRunner.java:291)
	at org.testng.SuiteRunner.run(SuiteRunner.java:240)
	at org.testng.SuiteRunnerWorker.runSuite(SuiteRunnerWorker.java:52)
	at org.testng.SuiteRunnerWorker.run(SuiteRunnerWorker.java:86)
	at org.testng.TestNG.runSuitesSequentially(TestNG.java:1198)
	at org.testng.TestNG.runSuitesLocally(TestNG.java:1123)
	at org.testng.TestNG.run(TestNG.java:1031)
	at org.testng.remote.AbstractRemoteTestNG.run(AbstractRemoteTestNG.java:132)
	at org.testng.remote.RemoteTestNG.initAndRun(RemoteTestNG.java:236)
	at org.testng.remote.RemoteTestNG.main(RemoteTestNG.java:81)
</pre></div></td>
<td>408</td>
<td>com.desktopWeb.scripts.sprint2.TC_173_Detail_Project_Dashboard_Project_SiteAdmin@799f10e1</td></tr>
<tr>
<td title='com.desktopWeb.scripts.sprint2.TC_174_Verify_Field_Enable_ToEdit_Dashoard_Project_En.TC174_Verify_Field_Enable_ToEdit_Dashoard_Project_En()'><b>TC174_Verify_Field_Enable_ToEdit_Dashoard_Project_En</b><br>Test class: com.desktopWeb.scripts.sprint2.TC_174_Verify_Field_Enable_ToEdit_Dashoard_Project_En<br>Parameters: autoenmanager@harvestdp.com, Automation2017, New Project for Test Execution, Verify Dashboard/Project/Fields to be editable by Engagement Manager</td>
<td><div><pre>java.lang.AssertionError: Step IsEnabled  Failed with description Project Type is not Enabled expected [true] but found [false]
	at org.testng.Assert.fail(Assert.java:94)
	at org.testng.Assert.failNotEquals(Assert.java:494)
	at org.testng.Assert.assertTrue(Assert.java:42)
	at com.ctaf.support.HtmlReportSupport.onFailure(HtmlReportSupport.java:778)
	at com.ctaf.utilities.Reporter.failureReport(Reporter.java:91)
	at com.ctaf.accelerators.ActionEngine.isEnabled(ActionEngine.java:1161)
	at com.desktopWeb.workflows.HelperClass.VerifyFieldsEnableToEditOnProjectPage(HelperClass.java:2331)
	at com.desktopWeb.scripts.sprint2.TC_174_Verify_Field_Enable_ToEdit_Dashoard_Project_En.TC174_Verify_Field_Enable_ToEdit_Dashoard_Project_En(TC_174_Verify_Field_Enable_ToEdit_Dashoard_Project_En.java:26)
	at sun.reflect.NativeMethodAccessorImpl.invoke0(Native Method)
	at sun.reflect.NativeMethodAccessorImpl.invoke(NativeMethodAccessorImpl.java:62)
	at sun.reflect.DelegatingMethodAccessorImpl.invoke(DelegatingMethodAccessorImpl.java:43)
	at java.lang.reflect.Method.invoke(Method.java:498)
	at org.testng.internal.MethodInvocationHelper.invokeMethod(MethodInvocationHelper.java:80)
	at org.testng.internal.Invoker.invokeMethod(Invoker.java:714)
	at org.testng.internal.Invoker.invokeTestMethod(Invoker.java:901)
	at org.testng.internal.Invoker.invokeTestMethods(Invoker.java:1231)
	at org.testng.internal.TestMethodWorker.invokeTestMethods(TestMethodWorker.java:127)
	at org.testng.internal.TestMethodWorker.run(TestMethodWorker.java:111)
	at org.testng.TestRunner.privateRun(TestRunner.java:767)
	at org.testng.TestRunner.run(TestRunner.java:617)
	at org.testng.SuiteRunner.runTest(SuiteRunner.java:334)
	at org.testng.SuiteRunner.runSequentially(SuiteRunner.java:329)
	at org.testng.SuiteRunner.privateRun(SuiteRunner.java:291)
	at org.testng.SuiteRunner.run(SuiteRunner.java:240)
	at org.testng.SuiteRunnerWorker.runSuite(SuiteRunnerWorker.java:52)
	at org.testng.SuiteRunnerWorker.run(SuiteRunnerWorker.java:86)
	at org.testng.TestNG.runSuitesSequentially(TestNG.java:1198)
	at org.testng.TestNG.runSuitesLocally(TestNG.java:1123)
	at org.testng.TestNG.run(TestNG.java:1031)
	at org.testng.remote.AbstractRemoteTestNG.run(AbstractRemoteTestNG.java:132)
	at org.testng.remote.RemoteTestNG.initAndRun(RemoteTestNG.java:236)
	at org.testng.remote.RemoteTestNG.main(RemoteTestNG.java:81)
</pre></div><a href='#' onClick='toggleBox("stack-trace1123862502", this, "Click to show all stack frames", "Click to hide stack frames")'>Click to show all stack frames</a>
<div class='stack-trace' id='stack-trace1123862502'><pre>java.lang.AssertionError: Step IsEnabled  Failed with description Project Type is not Enabled expected [true] but found [false]
	at org.testng.Assert.fail(Assert.java:94)
	at org.testng.Assert.failNotEquals(Assert.java:494)
	at org.testng.Assert.assertTrue(Assert.java:42)
	at com.ctaf.support.HtmlReportSupport.onFailure(HtmlReportSupport.java:778)
	at com.ctaf.utilities.Reporter.failureReport(Reporter.java:91)
	at com.ctaf.accelerators.ActionEngine.isEnabled(ActionEngine.java:1161)
	at com.desktopWeb.workflows.HelperClass.VerifyFieldsEnableToEditOnProjectPage(HelperClass.java:2331)
	at com.desktopWeb.scripts.sprint2.TC_174_Verify_Field_Enable_ToEdit_Dashoard_Project_En.TC174_Verify_Field_Enable_ToEdit_Dashoard_Project_En(TC_174_Verify_Field_Enable_ToEdit_Dashoard_Project_En.java:26)
	at sun.reflect.NativeMethodAccessorImpl.invoke0(Native Method)
	at sun.reflect.NativeMethodAccessorImpl.invoke(NativeMethodAccessorImpl.java:62)
	at sun.reflect.DelegatingMethodAccessorImpl.invoke(DelegatingMethodAccessorImpl.java:43)
	at java.lang.reflect.Method.invoke(Method.java:498)
	at org.testng.internal.MethodInvocationHelper.invokeMethod(MethodInvocationHelper.java:80)
	at org.testng.internal.Invoker.invokeMethod(Invoker.java:714)
	at org.testng.internal.Invoker.invokeTestMethod(Invoker.java:901)
	at org.testng.internal.Invoker.invokeTestMethods(Invoker.java:1231)
	at org.testng.internal.TestMethodWorker.invokeTestMethods(TestMethodWorker.java:127)
	at org.testng.internal.TestMethodWorker.run(TestMethodWorker.java:111)
	at org.testng.TestRunner.privateRun(TestRunner.java:767)
	at org.testng.TestRunner.run(TestRunner.java:617)
	at org.testng.SuiteRunner.runTest(SuiteRunner.java:334)
	at org.testng.SuiteRunner.runSequentially(SuiteRunner.java:329)
	at org.testng.SuiteRunner.privateRun(SuiteRunner.java:291)
	at org.testng.SuiteRunner.run(SuiteRunner.java:240)
	at org.testng.SuiteRunnerWorker.runSuite(SuiteRunnerWorker.java:52)
	at org.testng.SuiteRunnerWorker.run(SuiteRunnerWorker.java:86)
	at org.testng.TestNG.runSuitesSequentially(TestNG.java:1198)
	at org.testng.TestNG.runSuitesLocally(TestNG.java:1123)
	at org.testng.TestNG.run(TestNG.java:1031)
	at org.testng.remote.AbstractRemoteTestNG.run(AbstractRemoteTestNG.java:132)
	at org.testng.remote.RemoteTestNG.initAndRun(RemoteTestNG.java:236)
	at org.testng.remote.RemoteTestNG.main(RemoteTestNG.java:81)
</pre></div></td>
<td>246</td>
<td>com.desktopWeb.scripts.sprint2.TC_174_Verify_Field_Enable_ToEdit_Dashoard_Project_En@42a48628</td></tr>
<tr>
<td title='com.desktopWeb.scripts.sprint2.TC_178_WCCP_418_1.TC178_WCCP_418_1()'><b>TC178_WCCP_418_1</b><br>Test class: com.desktopWeb.scripts.sprint2.TC_178_WCCP_418_1<br>Parameters: autosm2017@gmail.com, Automation2017, autoenmanager@harvestdp.com, autoconmanager@harvestdp.com, Automation Project, New Automation Project, Department of Economic Development, Jobs, Transport & Resources, Public, Active, autoconmanager,autoprauthor, Consultation Manager,Project Author, Yes, Verify TC178_WCCP_418</td>
<td><div><pre>java.lang.AssertionError: Step Click Failed with description Unable to click on Menu/Sign Out expected [true] but found [false]
	at org.testng.Assert.fail(Assert.java:94)
	at org.testng.Assert.failNotEquals(Assert.java:494)
	at org.testng.Assert.assertTrue(Assert.java:42)
	at com.ctaf.support.HtmlReportSupport.onFailure(HtmlReportSupport.java:778)
	at com.ctaf.utilities.Reporter.failureReport(Reporter.java:91)
	at com.ctaf.accelerators.ActionEngine.click(ActionEngine.java:100)
	at com.desktopWeb.workflows.HelperClass.signOut(HelperClass.java:297)
	at com.desktopWeb.scripts.sprint2.TC_178_WCCP_418_1.TC178_WCCP_418_1(TC_178_WCCP_418_1.java:68)
	at sun.reflect.NativeMethodAccessorImpl.invoke0(Native Method)
	at sun.reflect.NativeMethodAccessorImpl.invoke(NativeMethodAccessorImpl.java:62)
	at sun.reflect.DelegatingMethodAccessorImpl.invoke(DelegatingMethodAccessorImpl.java:43)
	at java.lang.reflect.Method.invoke(Method.java:498)
	at org.testng.internal.MethodInvocationHelper.invokeMethod(MethodInvocationHelper.java:80)
	at org.testng.internal.Invoker.invokeMethod(Invoker.java:714)
	at org.testng.internal.Invoker.invokeTestMethod(Invoker.java:901)
	at org.testng.internal.Invoker.invokeTestMethods(Invoker.java:1231)
	at org.testng.internal.TestMethodWorker.invokeTestMethods(TestMethodWorker.java:127)
	at org.testng.internal.TestMethodWorker.run(TestMethodWorker.java:111)
	at org.testng.TestRunner.privateRun(TestRunner.java:767)
	at org.testng.TestRunner.run(TestRunner.java:617)
	at org.testng.SuiteRunner.runTest(SuiteRunner.java:334)
	at org.testng.SuiteRunner.runSequentially(SuiteRunner.java:329)
	at org.testng.SuiteRunner.privateRun(SuiteRunner.java:291)
	at org.testng.SuiteRunner.run(SuiteRunner.java:240)
	at org.testng.SuiteRunnerWorker.runSuite(SuiteRunnerWorker.java:52)
	at org.testng.SuiteRunnerWorker.run(SuiteRunnerWorker.java:86)
	at org.testng.TestNG.runSuitesSequentially(TestNG.java:1198)
	at org.testng.TestNG.runSuitesLocally(TestNG.java:1123)
	at org.testng.TestNG.run(TestNG.java:1031)
	at org.testng.remote.AbstractRemoteTestNG.run(AbstractRemoteTestNG.java:132)
	at org.testng.remote.RemoteTestNG.initAndRun(RemoteTestNG.java:236)
	at org.testng.remote.RemoteTestNG.main(RemoteTestNG.java:81)
</pre></div><a href='#' onClick='toggleBox("stack-trace891193852", this, "Click to show all stack frames", "Click to hide stack frames")'>Click to show all stack frames</a>
<div class='stack-trace' id='stack-trace891193852'><pre>java.lang.AssertionError: Step Click Failed with description Unable to click on Menu/Sign Out expected [true] but found [false]
	at org.testng.Assert.fail(Assert.java:94)
	at org.testng.Assert.failNotEquals(Assert.java:494)
	at org.testng.Assert.assertTrue(Assert.java:42)
	at com.ctaf.support.HtmlReportSupport.onFailure(HtmlReportSupport.java:778)
	at com.ctaf.utilities.Reporter.failureReport(Reporter.java:91)
	at com.ctaf.accelerators.ActionEngine.click(ActionEngine.java:100)
	at com.desktopWeb.workflows.HelperClass.signOut(HelperClass.java:297)
	at com.desktopWeb.scripts.sprint2.TC_178_WCCP_418_1.TC178_WCCP_418_1(TC_178_WCCP_418_1.java:68)
	at sun.reflect.NativeMethodAccessorImpl.invoke0(Native Method)
	at sun.reflect.NativeMethodAccessorImpl.invoke(NativeMethodAccessorImpl.java:62)
	at sun.reflect.DelegatingMethodAccessorImpl.invoke(DelegatingMethodAccessorImpl.java:43)
	at java.lang.reflect.Method.invoke(Method.java:498)
	at org.testng.internal.MethodInvocationHelper.invokeMethod(MethodInvocationHelper.java:80)
	at org.testng.internal.Invoker.invokeMethod(Invoker.java:714)
	at org.testng.internal.Invoker.invokeTestMethod(Invoker.java:901)
	at org.testng.internal.Invoker.invokeTestMethods(Invoker.java:1231)
	at org.testng.internal.TestMethodWorker.invokeTestMethods(TestMethodWorker.java:127)
	at org.testng.internal.TestMethodWorker.run(TestMethodWorker.java:111)
	at org.testng.TestRunner.privateRun(TestRunner.java:767)
	at org.testng.TestRunner.run(TestRunner.java:617)
	at org.testng.SuiteRunner.runTest(SuiteRunner.java:334)
	at org.testng.SuiteRunner.runSequentially(SuiteRunner.java:329)
	at org.testng.SuiteRunner.privateRun(SuiteRunner.java:291)
	at org.testng.SuiteRunner.run(SuiteRunner.java:240)
	at org.testng.SuiteRunnerWorker.runSuite(SuiteRunnerWorker.java:52)
	at org.testng.SuiteRunnerWorker.run(SuiteRunnerWorker.java:86)
	at org.testng.TestNG.runSuitesSequentially(TestNG.java:1198)
	at org.testng.TestNG.runSuitesLocally(TestNG.java:1123)
	at org.testng.TestNG.run(TestNG.java:1031)
	at org.testng.remote.AbstractRemoteTestNG.run(AbstractRemoteTestNG.java:132)
	at org.testng.remote.RemoteTestNG.initAndRun(RemoteTestNG.java:236)
	at org.testng.remote.RemoteTestNG.main(RemoteTestNG.java:81)
</pre></div></td>
<td>702</td>
<td>com.desktopWeb.scripts.sprint2.TC_178_WCCP_418_1@3c46e67a</td></tr>
<tr>
<td title='com.desktopWeb.scripts.sprint2.TC_179_WCCP_418_2.TC179_WCCP_418_2()'><b>TC179_WCCP_418_2</b><br>Test class: com.desktopWeb.scripts.sprint2.TC_179_WCCP_418_2<br>Parameters: autosm2017@gmail.com, Automation2017, autoenmanager@harvestdp.com, autoprauthor@harvestdp.com, Automation Project, New Automation Project, Department of Economic Development, Jobs, Transport & Resources, Public, Active, autoconmanager,autoprauthor, Consultation Manager,Project Author, Yes, Verify TC_179_WCCP_418_2</td>
<td><div><pre>java.lang.AssertionError: Step Select  Failed with description Automation Project - LwUX is Not Select from the DropDown Page Location expected [true] but found [false]
	at org.testng.Assert.fail(Assert.java:94)
	at org.testng.Assert.failNotEquals(Assert.java:494)
	at org.testng.Assert.assertTrue(Assert.java:42)
	at com.ctaf.support.HtmlReportSupport.onFailure(HtmlReportSupport.java:778)
	at com.ctaf.utilities.Reporter.failureReport(Reporter.java:91)
	at com.ctaf.accelerators.ActionEngine.selectByVisibleText(ActionEngine.java:907)
	at com.desktopWeb.workflows.HelperClass.createSubPage(HelperClass.java:1981)
	at com.desktopWeb.scripts.sprint2.TC_179_WCCP_418_2.TC179_WCCP_418_2(TC_179_WCCP_418_2.java:37)
	at sun.reflect.NativeMethodAccessorImpl.invoke0(Native Method)
	at sun.reflect.NativeMethodAccessorImpl.invoke(NativeMethodAccessorImpl.java:62)
	at sun.reflect.DelegatingMethodAccessorImpl.invoke(DelegatingMethodAccessorImpl.java:43)
	at java.lang.reflect.Method.invoke(Method.java:498)
	at org.testng.internal.MethodInvocationHelper.invokeMethod(MethodInvocationHelper.java:80)
	at org.testng.internal.Invoker.invokeMethod(Invoker.java:714)
	at org.testng.internal.Invoker.invokeTestMethod(Invoker.java:901)
	at org.testng.internal.Invoker.invokeTestMethods(Invoker.java:1231)
	at org.testng.internal.TestMethodWorker.invokeTestMethods(TestMethodWorker.java:127)
	at org.testng.internal.TestMethodWorker.run(TestMethodWorker.java:111)
	at org.testng.TestRunner.privateRun(TestRunner.java:767)
	at org.testng.TestRunner.run(TestRunner.java:617)
	at org.testng.SuiteRunner.runTest(SuiteRunner.java:334)
	at org.testng.SuiteRunner.runSequentially(SuiteRunner.java:329)
	at org.testng.SuiteRunner.privateRun(SuiteRunner.java:291)
	at org.testng.SuiteRunner.run(SuiteRunner.java:240)
	at org.testng.SuiteRunnerWorker.runSuite(SuiteRunnerWorker.java:52)
	at org.testng.SuiteRunnerWorker.run(SuiteRunnerWorker.java:86)
	at org.testng.TestNG.runSuitesSequentially(TestNG.java:1198)
	at org.testng.TestNG.runSuitesLocally(TestNG.java:1123)
	at org.testng.TestNG.run(TestNG.java:1031)
	at org.testng.remote.AbstractRemoteTestNG.run(AbstractRemoteTestNG.java:132)
	at org.testng.remote.RemoteTestNG.initAndRun(RemoteTestNG.java:236)
	at org.testng.remote.RemoteTestNG.main(RemoteTestNG.java:81)
</pre></div><a href='#' onClick='toggleBox("stack-trace2074077713", this, "Click to show all stack frames", "Click to hide stack frames")'>Click to show all stack frames</a>
<div class='stack-trace' id='stack-trace2074077713'><pre>java.lang.AssertionError: Step Select  Failed with description Automation Project - LwUX is Not Select from the DropDown Page Location expected [true] but found [false]
	at org.testng.Assert.fail(Assert.java:94)
	at org.testng.Assert.failNotEquals(Assert.java:494)
	at org.testng.Assert.assertTrue(Assert.java:42)
	at com.ctaf.support.HtmlReportSupport.onFailure(HtmlReportSupport.java:778)
	at com.ctaf.utilities.Reporter.failureReport(Reporter.java:91)
	at com.ctaf.accelerators.ActionEngine.selectByVisibleText(ActionEngine.java:907)
	at com.desktopWeb.workflows.HelperClass.createSubPage(HelperClass.java:1981)
	at com.desktopWeb.scripts.sprint2.TC_179_WCCP_418_2.TC179_WCCP_418_2(TC_179_WCCP_418_2.java:37)
	at sun.reflect.NativeMethodAccessorImpl.invoke0(Native Method)
	at sun.reflect.NativeMethodAccessorImpl.invoke(NativeMethodAccessorImpl.java:62)
	at sun.reflect.DelegatingMethodAccessorImpl.invoke(DelegatingMethodAccessorImpl.java:43)
	at java.lang.reflect.Method.invoke(Method.java:498)
	at org.testng.internal.MethodInvocationHelper.invokeMethod(MethodInvocationHelper.java:80)
	at org.testng.internal.Invoker.invokeMethod(Invoker.java:714)
	at org.testng.internal.Invoker.invokeTestMethod(Invoker.java:901)
	at org.testng.internal.Invoker.invokeTestMethods(Invoker.java:1231)
	at org.testng.internal.TestMethodWorker.invokeTestMethods(TestMethodWorker.java:127)
	at org.testng.internal.TestMethodWorker.run(TestMethodWorker.java:111)
	at org.testng.TestRunner.privateRun(TestRunner.java:767)
	at org.testng.TestRunner.run(TestRunner.java:617)
	at org.testng.SuiteRunner.runTest(SuiteRunner.java:334)
	at org.testng.SuiteRunner.runSequentially(SuiteRunner.java:329)
	at org.testng.SuiteRunner.privateRun(SuiteRunner.java:291)
	at org.testng.SuiteRunner.run(SuiteRunner.java:240)
	at org.testng.SuiteRunnerWorker.runSuite(SuiteRunnerWorker.java:52)
	at org.testng.SuiteRunnerWorker.run(SuiteRunnerWorker.java:86)
	at org.testng.TestNG.runSuitesSequentially(TestNG.java:1198)
	at org.testng.TestNG.runSuitesLocally(TestNG.java:1123)
	at org.testng.TestNG.run(TestNG.java:1031)
	at org.testng.remote.AbstractRemoteTestNG.run(AbstractRemoteTestNG.java:132)
	at org.testng.remote.RemoteTestNG.initAndRun(RemoteTestNG.java:236)
	at org.testng.remote.RemoteTestNG.main(RemoteTestNG.java:81)
</pre></div></td>
<td>436</td>
<td>com.desktopWeb.scripts.sprint2.TC_179_WCCP_418_2@4135c3b</td></tr>
<tr>
<td title='com.desktopWeb.scripts.sprint2.TC_180_WCCP_417_1.TC180_WCCP_417_414()'><b>TC180_WCCP_417_414</b><br>Test class: com.desktopWeb.scripts.sprint2.TC_180_WCCP_417_1<br>Parameters: autosm2017@gmail.com, Automation2017, autoenmanager@harvestdp.com, autoprauthor@harvestdp.com, Automation Project, New Automation Project, Department of Economic Development, Jobs, Transport & Resources, Public, Active, autoconmanager,autoprauthor, Consultation Manager,Project Author, Yes, Verify TC180_WCCP_417_414</td>
<td><div><pre>java.lang.AssertionError: Step TC180_WCCP_417_414 Failed with description Failed expected [true] but found [false]
	at org.testng.Assert.fail(Assert.java:94)
	at org.testng.Assert.failNotEquals(Assert.java:494)
	at org.testng.Assert.assertTrue(Assert.java:42)
	at com.ctaf.support.HtmlReportSupport.onFailure(HtmlReportSupport.java:778)
	at com.ctaf.utilities.Reporter.failureReport(Reporter.java:91)
	at com.desktopWeb.scripts.sprint2.TC_180_WCCP_417_1.TC180_WCCP_417_414(TC_180_WCCP_417_1.java:62)
	at sun.reflect.NativeMethodAccessorImpl.invoke0(Native Method)
	at sun.reflect.NativeMethodAccessorImpl.invoke(NativeMethodAccessorImpl.java:62)
	at sun.reflect.DelegatingMethodAccessorImpl.invoke(DelegatingMethodAccessorImpl.java:43)
	at java.lang.reflect.Method.invoke(Method.java:498)
	at org.testng.internal.MethodInvocationHelper.invokeMethod(MethodInvocationHelper.java:80)
	at org.testng.internal.Invoker.invokeMethod(Invoker.java:714)
	at org.testng.internal.Invoker.invokeTestMethod(Invoker.java:901)
	at org.testng.internal.Invoker.invokeTestMethods(Invoker.java:1231)
	at org.testng.internal.TestMethodWorker.invokeTestMethods(TestMethodWorker.java:127)
	at org.testng.internal.TestMethodWorker.run(TestMethodWorker.java:111)
	at org.testng.TestRunner.privateRun(TestRunner.java:767)
	at org.testng.TestRunner.run(TestRunner.java:617)
	at org.testng.SuiteRunner.runTest(SuiteRunner.java:334)
	at org.testng.SuiteRunner.runSequentially(SuiteRunner.java:329)
	at org.testng.SuiteRunner.privateRun(SuiteRunner.java:291)
	at org.testng.SuiteRunner.run(SuiteRunner.java:240)
	at org.testng.SuiteRunnerWorker.runSuite(SuiteRunnerWorker.java:52)
	at org.testng.SuiteRunnerWorker.run(SuiteRunnerWorker.java:86)
	at org.testng.TestNG.runSuitesSequentially(TestNG.java:1198)
	at org.testng.TestNG.runSuitesLocally(TestNG.java:1123)
	at org.testng.TestNG.run(TestNG.java:1031)
	at org.testng.remote.AbstractRemoteTestNG.run(AbstractRemoteTestNG.java:132)
	at org.testng.remote.RemoteTestNG.initAndRun(RemoteTestNG.java:236)
	at org.testng.remote.RemoteTestNG.main(RemoteTestNG.java:81)
</pre></div><a href='#' onClick='toggleBox("stack-trace6788125", this, "Click to show all stack frames", "Click to hide stack frames")'>Click to show all stack frames</a>
<div class='stack-trace' id='stack-trace6788125'><pre>java.lang.AssertionError: Step TC180_WCCP_417_414 Failed with description Failed expected [true] but found [false]
	at org.testng.Assert.fail(Assert.java:94)
	at org.testng.Assert.failNotEquals(Assert.java:494)
	at org.testng.Assert.assertTrue(Assert.java:42)
	at com.ctaf.support.HtmlReportSupport.onFailure(HtmlReportSupport.java:778)
	at com.ctaf.utilities.Reporter.failureReport(Reporter.java:91)
	at com.desktopWeb.scripts.sprint2.TC_180_WCCP_417_1.TC180_WCCP_417_414(TC_180_WCCP_417_1.java:62)
	at sun.reflect.NativeMethodAccessorImpl.invoke0(Native Method)
	at sun.reflect.NativeMethodAccessorImpl.invoke(NativeMethodAccessorImpl.java:62)
	at sun.reflect.DelegatingMethodAccessorImpl.invoke(DelegatingMethodAccessorImpl.java:43)
	at java.lang.reflect.Method.invoke(Method.java:498)
	at org.testng.internal.MethodInvocationHelper.invokeMethod(MethodInvocationHelper.java:80)
	at org.testng.internal.Invoker.invokeMethod(Invoker.java:714)
	at org.testng.internal.Invoker.invokeTestMethod(Invoker.java:901)
	at org.testng.internal.Invoker.invokeTestMethods(Invoker.java:1231)
	at org.testng.internal.TestMethodWorker.invokeTestMethods(TestMethodWorker.java:127)
	at org.testng.internal.TestMethodWorker.run(TestMethodWorker.java:111)
	at org.testng.TestRunner.privateRun(TestRunner.java:767)
	at org.testng.TestRunner.run(TestRunner.java:617)
	at org.testng.SuiteRunner.runTest(SuiteRunner.java:334)
	at org.testng.SuiteRunner.runSequentially(SuiteRunner.java:329)
	at org.testng.SuiteRunner.privateRun(SuiteRunner.java:291)
	at org.testng.SuiteRunner.run(SuiteRunner.java:240)
	at org.testng.SuiteRunnerWorker.runSuite(SuiteRunnerWorker.java:52)
	at org.testng.SuiteRunnerWorker.run(SuiteRunnerWorker.java:86)
	at org.testng.TestNG.runSuitesSequentially(TestNG.java:1198)
	at org.testng.TestNG.runSuitesLocally(TestNG.java:1123)
	at org.testng.TestNG.run(TestNG.java:1031)
	at org.testng.remote.AbstractRemoteTestNG.run(AbstractRemoteTestNG.java:132)
	at org.testng.remote.RemoteTestNG.initAndRun(RemoteTestNG.java:236)
	at org.testng.remote.RemoteTestNG.main(RemoteTestNG.java:81)
</pre></div></td>
<td>569</td>
<td>com.desktopWeb.scripts.sprint2.TC_180_WCCP_417_1@130d63be</td></tr>
<tr>
<td title='com.desktopWeb.scripts.setting.TC_57_Detail_Setting_Project_Desc.TC52_Detail_Update_Project_Desc()'><b>TC52_Detail_Update_Project_Desc</b><br>Test class: com.desktopWeb.scripts.setting.TC_57_Detail_Setting_Project_Desc<br>Parameters: autosm2017@gmail.com, Automation2017, New Project for Test Execution, New Project for Test Execution-ENEX, submittoworkflow, Verify Authoring/Setting/Details Funtionality</td>
<td><div><pre>java.lang.AssertionError: Step TC52_Detail_Update_Project_Desc Failed with description Failed expected [true] but found [false]
	at org.testng.Assert.fail(Assert.java:94)
	at org.testng.Assert.failNotEquals(Assert.java:494)
	at org.testng.Assert.assertTrue(Assert.java:42)
	at com.ctaf.support.HtmlReportSupport.onFailure(HtmlReportSupport.java:778)
	at com.ctaf.utilities.Reporter.failureReport(Reporter.java:91)
	at com.desktopWeb.scripts.setting.TC_57_Detail_Setting_Project_Desc.TC52_Detail_Update_Project_Desc(TC_57_Detail_Setting_Project_Desc.java:33)
	at sun.reflect.NativeMethodAccessorImpl.invoke0(Native Method)
	at sun.reflect.NativeMethodAccessorImpl.invoke(NativeMethodAccessorImpl.java:62)
	at sun.reflect.DelegatingMethodAccessorImpl.invoke(DelegatingMethodAccessorImpl.java:43)
	at java.lang.reflect.Method.invoke(Method.java:498)
	at org.testng.internal.MethodInvocationHelper.invokeMethod(MethodInvocationHelper.java:80)
	at org.testng.internal.Invoker.invokeMethod(Invoker.java:714)
	at org.testng.internal.Invoker.invokeTestMethod(Invoker.java:901)
	at org.testng.internal.Invoker.invokeTestMethods(Invoker.java:1231)
	at org.testng.internal.TestMethodWorker.invokeTestMethods(TestMethodWorker.java:127)
	at org.testng.internal.TestMethodWorker.run(TestMethodWorker.java:111)
	at org.testng.TestRunner.privateRun(TestRunner.java:767)
	at org.testng.TestRunner.run(TestRunner.java:617)
	at org.testng.SuiteRunner.runTest(SuiteRunner.java:334)
	at org.testng.SuiteRunner.runSequentially(SuiteRunner.java:329)
	at org.testng.SuiteRunner.privateRun(SuiteRunner.java:291)
	at org.testng.SuiteRunner.run(SuiteRunner.java:240)
	at org.testng.SuiteRunnerWorker.runSuite(SuiteRunnerWorker.java:52)
	at org.testng.SuiteRunnerWorker.run(SuiteRunnerWorker.java:86)
	at org.testng.TestNG.runSuitesSequentially(TestNG.java:1198)
	at org.testng.TestNG.runSuitesLocally(TestNG.java:1123)
	at org.testng.TestNG.run(TestNG.java:1031)
	at org.testng.remote.AbstractRemoteTestNG.run(AbstractRemoteTestNG.java:132)
	at org.testng.remote.RemoteTestNG.initAndRun(RemoteTestNG.java:236)
	at org.testng.remote.RemoteTestNG.main(RemoteTestNG.java:81)
</pre></div><a href='#' onClick='toggleBox("stack-trace301084728", this, "Click to show all stack frames", "Click to hide stack frames")'>Click to show all stack frames</a>
<div class='stack-trace' id='stack-trace301084728'><pre>java.lang.AssertionError: Step TC52_Detail_Update_Project_Desc Failed with description Failed expected [true] but found [false]
	at org.testng.Assert.fail(Assert.java:94)
	at org.testng.Assert.failNotEquals(Assert.java:494)
	at org.testng.Assert.assertTrue(Assert.java:42)
	at com.ctaf.support.HtmlReportSupport.onFailure(HtmlReportSupport.java:778)
	at com.ctaf.utilities.Reporter.failureReport(Reporter.java:91)
	at com.desktopWeb.scripts.setting.TC_57_Detail_Setting_Project_Desc.TC52_Detail_Update_Project_Desc(TC_57_Detail_Setting_Project_Desc.java:33)
	at sun.reflect.NativeMethodAccessorImpl.invoke0(Native Method)
	at sun.reflect.NativeMethodAccessorImpl.invoke(NativeMethodAccessorImpl.java:62)
	at sun.reflect.DelegatingMethodAccessorImpl.invoke(DelegatingMethodAccessorImpl.java:43)
	at java.lang.reflect.Method.invoke(Method.java:498)
	at org.testng.internal.MethodInvocationHelper.invokeMethod(MethodInvocationHelper.java:80)
	at org.testng.internal.Invoker.invokeMethod(Invoker.java:714)
	at org.testng.internal.Invoker.invokeTestMethod(Invoker.java:901)
	at org.testng.internal.Invoker.invokeTestMethods(Invoker.java:1231)
	at org.testng.internal.TestMethodWorker.invokeTestMethods(TestMethodWorker.java:127)
	at org.testng.internal.TestMethodWorker.run(TestMethodWorker.java:111)
	at org.testng.TestRunner.privateRun(TestRunner.java:767)
	at org.testng.TestRunner.run(TestRunner.java:617)
	at org.testng.SuiteRunner.runTest(SuiteRunner.java:334)
	at org.testng.SuiteRunner.runSequentially(SuiteRunner.java:329)
	at org.testng.SuiteRunner.privateRun(SuiteRunner.java:291)
	at org.testng.SuiteRunner.run(SuiteRunner.java:240)
	at org.testng.SuiteRunnerWorker.runSuite(SuiteRunnerWorker.java:52)
	at org.testng.SuiteRunnerWorker.run(SuiteRunnerWorker.java:86)
	at org.testng.TestNG.runSuitesSequentially(TestNG.java:1198)
	at org.testng.TestNG.runSuitesLocally(TestNG.java:1123)
	at org.testng.TestNG.run(TestNG.java:1031)
	at org.testng.remote.AbstractRemoteTestNG.run(AbstractRemoteTestNG.java:132)
	at org.testng.remote.RemoteTestNG.initAndRun(RemoteTestNG.java:236)
	at org.testng.remote.RemoteTestNG.main(RemoteTestNG.java:81)
</pre></div></td>
<td>257</td>
<td>com.desktopWeb.scripts.setting.TC_57_Detail_Setting_Project_Desc@4802796d</td></tr>
<tr>
<td title='com.desktopWeb.scripts.setting.TC_65_Verify_Setting_Version_Approve.TC65_Verify_Setting_Version_Approve()'><b>TC65_Verify_Setting_Version_Approve</b><br>Test class: com.desktopWeb.scripts.setting.TC_65_Verify_Setting_Version_Approve<br>Parameters: autosm2017@gmail.com, Automation2017, New Project for Test Execution, Verify Authoring/Setting/Version Approve Funtionality</td>
<td><div><pre>java.lang.AssertionError: Step TC65_Verify_Setting_Version_Approve Failed with description Failed expected [true] but found [false]
	at org.testng.Assert.fail(Assert.java:94)
	at org.testng.Assert.failNotEquals(Assert.java:494)
	at org.testng.Assert.assertTrue(Assert.java:42)
	at com.ctaf.support.HtmlReportSupport.onFailure(HtmlReportSupport.java:778)
	at com.ctaf.utilities.Reporter.failureReport(Reporter.java:91)
	at com.desktopWeb.scripts.setting.TC_65_Verify_Setting_Version_Approve.TC65_Verify_Setting_Version_Approve(TC_65_Verify_Setting_Version_Approve.java:29)
	at sun.reflect.NativeMethodAccessorImpl.invoke0(Native Method)
	at sun.reflect.NativeMethodAccessorImpl.invoke(NativeMethodAccessorImpl.java:62)
	at sun.reflect.DelegatingMethodAccessorImpl.invoke(DelegatingMethodAccessorImpl.java:43)
	at java.lang.reflect.Method.invoke(Method.java:498)
	at org.testng.internal.MethodInvocationHelper.invokeMethod(MethodInvocationHelper.java:80)
	at org.testng.internal.Invoker.invokeMethod(Invoker.java:714)
	at org.testng.internal.Invoker.invokeTestMethod(Invoker.java:901)
	at org.testng.internal.Invoker.invokeTestMethods(Invoker.java:1231)
	at org.testng.internal.TestMethodWorker.invokeTestMethods(TestMethodWorker.java:127)
	at org.testng.internal.TestMethodWorker.run(TestMethodWorker.java:111)
	at org.testng.TestRunner.privateRun(TestRunner.java:767)
	at org.testng.TestRunner.run(TestRunner.java:617)
	at org.testng.SuiteRunner.runTest(SuiteRunner.java:334)
	at org.testng.SuiteRunner.runSequentially(SuiteRunner.java:329)
	at org.testng.SuiteRunner.privateRun(SuiteRunner.java:291)
	at org.testng.SuiteRunner.run(SuiteRunner.java:240)
	at org.testng.SuiteRunnerWorker.runSuite(SuiteRunnerWorker.java:52)
	at org.testng.SuiteRunnerWorker.run(SuiteRunnerWorker.java:86)
	at org.testng.TestNG.runSuitesSequentially(TestNG.java:1198)
	at org.testng.TestNG.runSuitesLocally(TestNG.java:1123)
	at org.testng.TestNG.run(TestNG.java:1031)
	at org.testng.remote.AbstractRemoteTestNG.run(AbstractRemoteTestNG.java:132)
	at org.testng.remote.RemoteTestNG.initAndRun(RemoteTestNG.java:236)
	at org.testng.remote.RemoteTestNG.main(RemoteTestNG.java:81)
</pre></div><a href='#' onClick='toggleBox("stack-trace185639533", this, "Click to show all stack frames", "Click to hide stack frames")'>Click to show all stack frames</a>
<div class='stack-trace' id='stack-trace185639533'><pre>java.lang.AssertionError: Step TC65_Verify_Setting_Version_Approve Failed with description Failed expected [true] but found [false]
	at org.testng.Assert.fail(Assert.java:94)
	at org.testng.Assert.failNotEquals(Assert.java:494)
	at org.testng.Assert.assertTrue(Assert.java:42)
	at com.ctaf.support.HtmlReportSupport.onFailure(HtmlReportSupport.java:778)
	at com.ctaf.utilities.Reporter.failureReport(Reporter.java:91)
	at com.desktopWeb.scripts.setting.TC_65_Verify_Setting_Version_Approve.TC65_Verify_Setting_Version_Approve(TC_65_Verify_Setting_Version_Approve.java:29)
	at sun.reflect.NativeMethodAccessorImpl.invoke0(Native Method)
	at sun.reflect.NativeMethodAccessorImpl.invoke(NativeMethodAccessorImpl.java:62)
	at sun.reflect.DelegatingMethodAccessorImpl.invoke(DelegatingMethodAccessorImpl.java:43)
	at java.lang.reflect.Method.invoke(Method.java:498)
	at org.testng.internal.MethodInvocationHelper.invokeMethod(MethodInvocationHelper.java:80)
	at org.testng.internal.Invoker.invokeMethod(Invoker.java:714)
	at org.testng.internal.Invoker.invokeTestMethod(Invoker.java:901)
	at org.testng.internal.Invoker.invokeTestMethods(Invoker.java:1231)
	at org.testng.internal.TestMethodWorker.invokeTestMethods(TestMethodWorker.java:127)
	at org.testng.internal.TestMethodWorker.run(TestMethodWorker.java:111)
	at org.testng.TestRunner.privateRun(TestRunner.java:767)
	at org.testng.TestRunner.run(TestRunner.java:617)
	at org.testng.SuiteRunner.runTest(SuiteRunner.java:334)
	at org.testng.SuiteRunner.runSequentially(SuiteRunner.java:329)
	at org.testng.SuiteRunner.privateRun(SuiteRunner.java:291)
	at org.testng.SuiteRunner.run(SuiteRunner.java:240)
	at org.testng.SuiteRunnerWorker.runSuite(SuiteRunnerWorker.java:52)
	at org.testng.SuiteRunnerWorker.run(SuiteRunnerWorker.java:86)
	at org.testng.TestNG.runSuitesSequentially(TestNG.java:1198)
	at org.testng.TestNG.runSuitesLocally(TestNG.java:1123)
	at org.testng.TestNG.run(TestNG.java:1031)
	at org.testng.remote.AbstractRemoteTestNG.run(AbstractRemoteTestNG.java:132)
	at org.testng.remote.RemoteTestNG.initAndRun(RemoteTestNG.java:236)
	at org.testng.remote.RemoteTestNG.main(RemoteTestNG.java:81)
</pre></div></td>
<td>248</td>
<td>com.desktopWeb.scripts.setting.TC_65_Verify_Setting_Version_Approve@765d7657</td></tr>
<tr>
<td title='com.desktopWeb.scripts.page.TC_87_SEO_Page_News_Page_Name.TC87_SEO_Page_News_Page_Name()'><b>TC87_SEO_Page_News_Page_Name</b><br>Test class: com.desktopWeb.scripts.page.TC_87_SEO_Page_News_Page_Name<br>Parameters: autosm2017@gmail.com, Automation2017, New Project for Test Execution, New Desc, submittoworkflow, Verify Authoring/Page/News_Page/SEO Funtionality</td>
<td><div><pre>java.lang.AssertionError: Step TC87_SEO_Page_News_Page_Name Failed with description Failed expected [true] but found [false]
	at org.testng.Assert.fail(Assert.java:94)
	at org.testng.Assert.failNotEquals(Assert.java:494)
	at org.testng.Assert.assertTrue(Assert.java:42)
	at com.ctaf.support.HtmlReportSupport.onFailure(HtmlReportSupport.java:778)
	at com.ctaf.utilities.Reporter.failureReport(Reporter.java:91)
	at com.desktopWeb.scripts.page.TC_87_SEO_Page_News_Page_Name.TC87_SEO_Page_News_Page_Name(TC_87_SEO_Page_News_Page_Name.java:30)
	at sun.reflect.NativeMethodAccessorImpl.invoke0(Native Method)
	at sun.reflect.NativeMethodAccessorImpl.invoke(NativeMethodAccessorImpl.java:62)
	at sun.reflect.DelegatingMethodAccessorImpl.invoke(DelegatingMethodAccessorImpl.java:43)
	at java.lang.reflect.Method.invoke(Method.java:498)
	at org.testng.internal.MethodInvocationHelper.invokeMethod(MethodInvocationHelper.java:80)
	at org.testng.internal.Invoker.invokeMethod(Invoker.java:714)
	at org.testng.internal.Invoker.invokeTestMethod(Invoker.java:901)
	at org.testng.internal.Invoker.invokeTestMethods(Invoker.java:1231)
	at org.testng.internal.TestMethodWorker.invokeTestMethods(TestMethodWorker.java:127)
	at org.testng.internal.TestMethodWorker.run(TestMethodWorker.java:111)
	at org.testng.TestRunner.privateRun(TestRunner.java:767)
	at org.testng.TestRunner.run(TestRunner.java:617)
	at org.testng.SuiteRunner.runTest(SuiteRunner.java:334)
	at org.testng.SuiteRunner.runSequentially(SuiteRunner.java:329)
	at org.testng.SuiteRunner.privateRun(SuiteRunner.java:291)
	at org.testng.SuiteRunner.run(SuiteRunner.java:240)
	at org.testng.SuiteRunnerWorker.runSuite(SuiteRunnerWorker.java:52)
	at org.testng.SuiteRunnerWorker.run(SuiteRunnerWorker.java:86)
	at org.testng.TestNG.runSuitesSequentially(TestNG.java:1198)
	at org.testng.TestNG.runSuitesLocally(TestNG.java:1123)
	at org.testng.TestNG.run(TestNG.java:1031)
	at org.testng.remote.AbstractRemoteTestNG.run(AbstractRemoteTestNG.java:132)
	at org.testng.remote.RemoteTestNG.initAndRun(RemoteTestNG.java:236)
	at org.testng.remote.RemoteTestNG.main(RemoteTestNG.java:81)
</pre></div><a href='#' onClick='toggleBox("stack-trace1592415783", this, "Click to show all stack frames", "Click to hide stack frames")'>Click to show all stack frames</a>
<div class='stack-trace' id='stack-trace1592415783'><pre>java.lang.AssertionError: Step TC87_SEO_Page_News_Page_Name Failed with description Failed expected [true] but found [false]
	at org.testng.Assert.fail(Assert.java:94)
	at org.testng.Assert.failNotEquals(Assert.java:494)
	at org.testng.Assert.assertTrue(Assert.java:42)
	at com.ctaf.support.HtmlReportSupport.onFailure(HtmlReportSupport.java:778)
	at com.ctaf.utilities.Reporter.failureReport(Reporter.java:91)
	at com.desktopWeb.scripts.page.TC_87_SEO_Page_News_Page_Name.TC87_SEO_Page_News_Page_Name(TC_87_SEO_Page_News_Page_Name.java:30)
	at sun.reflect.NativeMethodAccessorImpl.invoke0(Native Method)
	at sun.reflect.NativeMethodAccessorImpl.invoke(NativeMethodAccessorImpl.java:62)
	at sun.reflect.DelegatingMethodAccessorImpl.invoke(DelegatingMethodAccessorImpl.java:43)
	at java.lang.reflect.Method.invoke(Method.java:498)
	at org.testng.internal.MethodInvocationHelper.invokeMethod(MethodInvocationHelper.java:80)
	at org.testng.internal.Invoker.invokeMethod(Invoker.java:714)
	at org.testng.internal.Invoker.invokeTestMethod(Invoker.java:901)
	at org.testng.internal.Invoker.invokeTestMethods(Invoker.java:1231)
	at org.testng.internal.TestMethodWorker.invokeTestMethods(TestMethodWorker.java:127)
	at org.testng.internal.TestMethodWorker.run(TestMethodWorker.java:111)
	at org.testng.TestRunner.privateRun(TestRunner.java:767)
	at org.testng.TestRunner.run(TestRunner.java:617)
	at org.testng.SuiteRunner.runTest(SuiteRunner.java:334)
	at org.testng.SuiteRunner.runSequentially(SuiteRunner.java:329)
	at org.testng.SuiteRunner.privateRun(SuiteRunner.java:291)
	at org.testng.SuiteRunner.run(SuiteRunner.java:240)
	at org.testng.SuiteRunnerWorker.runSuite(SuiteRunnerWorker.java:52)
	at org.testng.SuiteRunnerWorker.run(SuiteRunnerWorker.java:86)
	at org.testng.TestNG.runSuitesSequentially(TestNG.java:1198)
	at org.testng.TestNG.runSuitesLocally(TestNG.java:1123)
	at org.testng.TestNG.run(TestNG.java:1031)
	at org.testng.remote.AbstractRemoteTestNG.run(AbstractRemoteTestNG.java:132)
	at org.testng.remote.RemoteTestNG.initAndRun(RemoteTestNG.java:236)
	at org.testng.remote.RemoteTestNG.main(RemoteTestNG.java:81)
</pre></div></td>
<td>431</td>
<td>com.desktopWeb.scripts.page.TC_87_SEO_Page_News_Page_Name@34123d65</td></tr>
<tr>
<td title='com.desktopWeb.scripts.page.TC_90_Design_Page_News_Page_Template.TC90_Design_Page_News_Page_Template()'><b>TC90_Design_Page_News_Page_Template</b><br>Test class: com.desktopWeb.scripts.page.TC_90_Design_Page_News_Page_Template<br>Parameters: autosm2017@gmail.com, Automation2017, New Project for Test Execution, news full, submittoworkflow, Verify Authoring/Page/News_Page/Design Funtionality</td>
<td><div><pre>java.lang.AssertionError: Step TC90_Design_Page_News_Page_Template Failed with description Failed expected [true] but found [false]
	at org.testng.Assert.fail(Assert.java:94)
	at org.testng.Assert.failNotEquals(Assert.java:494)
	at org.testng.Assert.assertTrue(Assert.java:42)
	at com.ctaf.support.HtmlReportSupport.onFailure(HtmlReportSupport.java:778)
	at com.ctaf.utilities.Reporter.failureReport(Reporter.java:91)
	at com.desktopWeb.scripts.page.TC_90_Design_Page_News_Page_Template.TC90_Design_Page_News_Page_Template(TC_90_Design_Page_News_Page_Template.java:32)
	at sun.reflect.NativeMethodAccessorImpl.invoke0(Native Method)
	at sun.reflect.NativeMethodAccessorImpl.invoke(NativeMethodAccessorImpl.java:62)
	at sun.reflect.DelegatingMethodAccessorImpl.invoke(DelegatingMethodAccessorImpl.java:43)
	at java.lang.reflect.Method.invoke(Method.java:498)
	at org.testng.internal.MethodInvocationHelper.invokeMethod(MethodInvocationHelper.java:80)
	at org.testng.internal.Invoker.invokeMethod(Invoker.java:714)
	at org.testng.internal.Invoker.invokeTestMethod(Invoker.java:901)
	at org.testng.internal.Invoker.invokeTestMethods(Invoker.java:1231)
	at org.testng.internal.TestMethodWorker.invokeTestMethods(TestMethodWorker.java:127)
	at org.testng.internal.TestMethodWorker.run(TestMethodWorker.java:111)
	at org.testng.TestRunner.privateRun(TestRunner.java:767)
	at org.testng.TestRunner.run(TestRunner.java:617)
	at org.testng.SuiteRunner.runTest(SuiteRunner.java:334)
	at org.testng.SuiteRunner.runSequentially(SuiteRunner.java:329)
	at org.testng.SuiteRunner.privateRun(SuiteRunner.java:291)
	at org.testng.SuiteRunner.run(SuiteRunner.java:240)
	at org.testng.SuiteRunnerWorker.runSuite(SuiteRunnerWorker.java:52)
	at org.testng.SuiteRunnerWorker.run(SuiteRunnerWorker.java:86)
	at org.testng.TestNG.runSuitesSequentially(TestNG.java:1198)
	at org.testng.TestNG.runSuitesLocally(TestNG.java:1123)
	at org.testng.TestNG.run(TestNG.java:1031)
	at org.testng.remote.AbstractRemoteTestNG.run(AbstractRemoteTestNG.java:132)
	at org.testng.remote.RemoteTestNG.initAndRun(RemoteTestNG.java:236)
	at org.testng.remote.RemoteTestNG.main(RemoteTestNG.java:81)
</pre></div><a href='#' onClick='toggleBox("stack-trace2044816857", this, "Click to show all stack frames", "Click to hide stack frames")'>Click to show all stack frames</a>
<div class='stack-trace' id='stack-trace2044816857'><pre>java.lang.AssertionError: Step TC90_Design_Page_News_Page_Template Failed with description Failed expected [true] but found [false]
	at org.testng.Assert.fail(Assert.java:94)
	at org.testng.Assert.failNotEquals(Assert.java:494)
	at org.testng.Assert.assertTrue(Assert.java:42)
	at com.ctaf.support.HtmlReportSupport.onFailure(HtmlReportSupport.java:778)
	at com.ctaf.utilities.Reporter.failureReport(Reporter.java:91)
	at com.desktopWeb.scripts.page.TC_90_Design_Page_News_Page_Template.TC90_Design_Page_News_Page_Template(TC_90_Design_Page_News_Page_Template.java:32)
	at sun.reflect.NativeMethodAccessorImpl.invoke0(Native Method)
	at sun.reflect.NativeMethodAccessorImpl.invoke(NativeMethodAccessorImpl.java:62)
	at sun.reflect.DelegatingMethodAccessorImpl.invoke(DelegatingMethodAccessorImpl.java:43)
	at java.lang.reflect.Method.invoke(Method.java:498)
	at org.testng.internal.MethodInvocationHelper.invokeMethod(MethodInvocationHelper.java:80)
	at org.testng.internal.Invoker.invokeMethod(Invoker.java:714)
	at org.testng.internal.Invoker.invokeTestMethod(Invoker.java:901)
	at org.testng.internal.Invoker.invokeTestMethods(Invoker.java:1231)
	at org.testng.internal.TestMethodWorker.invokeTestMethods(TestMethodWorker.java:127)
	at org.testng.internal.TestMethodWorker.run(TestMethodWorker.java:111)
	at org.testng.TestRunner.privateRun(TestRunner.java:767)
	at org.testng.TestRunner.run(TestRunner.java:617)
	at org.testng.SuiteRunner.runTest(SuiteRunner.java:334)
	at org.testng.SuiteRunner.runSequentially(SuiteRunner.java:329)
	at org.testng.SuiteRunner.privateRun(SuiteRunner.java:291)
	at org.testng.SuiteRunner.run(SuiteRunner.java:240)
	at org.testng.SuiteRunnerWorker.runSuite(SuiteRunnerWorker.java:52)
	at org.testng.SuiteRunnerWorker.run(SuiteRunnerWorker.java:86)
	at org.testng.TestNG.runSuitesSequentially(TestNG.java:1198)
	at org.testng.TestNG.runSuitesLocally(TestNG.java:1123)
	at org.testng.TestNG.run(TestNG.java:1031)
	at org.testng.remote.AbstractRemoteTestNG.run(AbstractRemoteTestNG.java:132)
	at org.testng.remote.RemoteTestNG.initAndRun(RemoteTestNG.java:236)
	at org.testng.remote.RemoteTestNG.main(RemoteTestNG.java:81)
</pre></div></td>
<td>370</td>
<td>com.desktopWeb.scripts.page.TC_90_Design_Page_News_Page_Template@47eaca72</td></tr>
<tr>
<td title='com.desktopWeb.scripts.page.TC_93_Detail_Page_News_Page_Project.TC93_Detail_Page_News_Page_Project()'><b>TC93_Detail_Page_News_Page_Project</b><br>Test class: com.desktopWeb.scripts.page.TC_93_Detail_Page_News_Page_Project<br>Parameters: autosm2017@gmail.com, Automation2017, New Project for Test Execution, New Project for Test Execution, submittoworkflow, Verify Authoring/Page/News_Page/Details Funtionality</td>
<td><div><pre>java.lang.AssertionError: Step TC93_Detail_Page_News_Page_Project Failed with description Failed expected [true] but found [false]
	at org.testng.Assert.fail(Assert.java:94)
	at org.testng.Assert.failNotEquals(Assert.java:494)
	at org.testng.Assert.assertTrue(Assert.java:42)
	at com.ctaf.support.HtmlReportSupport.onFailure(HtmlReportSupport.java:778)
	at com.ctaf.utilities.Reporter.failureReport(Reporter.java:91)
	at com.desktopWeb.scripts.page.TC_93_Detail_Page_News_Page_Project.TC93_Detail_Page_News_Page_Project(TC_93_Detail_Page_News_Page_Project.java:30)
	at sun.reflect.NativeMethodAccessorImpl.invoke0(Native Method)
	at sun.reflect.NativeMethodAccessorImpl.invoke(NativeMethodAccessorImpl.java:62)
	at sun.reflect.DelegatingMethodAccessorImpl.invoke(DelegatingMethodAccessorImpl.java:43)
	at java.lang.reflect.Method.invoke(Method.java:498)
	at org.testng.internal.MethodInvocationHelper.invokeMethod(MethodInvocationHelper.java:80)
	at org.testng.internal.Invoker.invokeMethod(Invoker.java:714)
	at org.testng.internal.Invoker.invokeTestMethod(Invoker.java:901)
	at org.testng.internal.Invoker.invokeTestMethods(Invoker.java:1231)
	at org.testng.internal.TestMethodWorker.invokeTestMethods(TestMethodWorker.java:127)
	at org.testng.internal.TestMethodWorker.run(TestMethodWorker.java:111)
	at org.testng.TestRunner.privateRun(TestRunner.java:767)
	at org.testng.TestRunner.run(TestRunner.java:617)
	at org.testng.SuiteRunner.runTest(SuiteRunner.java:334)
	at org.testng.SuiteRunner.runSequentially(SuiteRunner.java:329)
	at org.testng.SuiteRunner.privateRun(SuiteRunner.java:291)
	at org.testng.SuiteRunner.run(SuiteRunner.java:240)
	at org.testng.SuiteRunnerWorker.runSuite(SuiteRunnerWorker.java:52)
	at org.testng.SuiteRunnerWorker.run(SuiteRunnerWorker.java:86)
	at org.testng.TestNG.runSuitesSequentially(TestNG.java:1198)
	at org.testng.TestNG.runSuitesLocally(TestNG.java:1123)
	at org.testng.TestNG.run(TestNG.java:1031)
	at org.testng.remote.AbstractRemoteTestNG.run(AbstractRemoteTestNG.java:132)
	at org.testng.remote.RemoteTestNG.initAndRun(RemoteTestNG.java:236)
	at org.testng.remote.RemoteTestNG.main(RemoteTestNG.java:81)
</pre></div><a href='#' onClick='toggleBox("stack-trace1252819402", this, "Click to show all stack frames", "Click to hide stack frames")'>Click to show all stack frames</a>
<div class='stack-trace' id='stack-trace1252819402'><pre>java.lang.AssertionError: Step TC93_Detail_Page_News_Page_Project Failed with description Failed expected [true] but found [false]
	at org.testng.Assert.fail(Assert.java:94)
	at org.testng.Assert.failNotEquals(Assert.java:494)
	at org.testng.Assert.assertTrue(Assert.java:42)
	at com.ctaf.support.HtmlReportSupport.onFailure(HtmlReportSupport.java:778)
	at com.ctaf.utilities.Reporter.failureReport(Reporter.java:91)
	at com.desktopWeb.scripts.page.TC_93_Detail_Page_News_Page_Project.TC93_Detail_Page_News_Page_Project(TC_93_Detail_Page_News_Page_Project.java:30)
	at sun.reflect.NativeMethodAccessorImpl.invoke0(Native Method)
	at sun.reflect.NativeMethodAccessorImpl.invoke(NativeMethodAccessorImpl.java:62)
	at sun.reflect.DelegatingMethodAccessorImpl.invoke(DelegatingMethodAccessorImpl.java:43)
	at java.lang.reflect.Method.invoke(Method.java:498)
	at org.testng.internal.MethodInvocationHelper.invokeMethod(MethodInvocationHelper.java:80)
	at org.testng.internal.Invoker.invokeMethod(Invoker.java:714)
	at org.testng.internal.Invoker.invokeTestMethod(Invoker.java:901)
	at org.testng.internal.Invoker.invokeTestMethods(Invoker.java:1231)
	at org.testng.internal.TestMethodWorker.invokeTestMethods(TestMethodWorker.java:127)
	at org.testng.internal.TestMethodWorker.run(TestMethodWorker.java:111)
	at org.testng.TestRunner.privateRun(TestRunner.java:767)
	at org.testng.TestRunner.run(TestRunner.java:617)
	at org.testng.SuiteRunner.runTest(SuiteRunner.java:334)
	at org.testng.SuiteRunner.runSequentially(SuiteRunner.java:329)
	at org.testng.SuiteRunner.privateRun(SuiteRunner.java:291)
	at org.testng.SuiteRunner.run(SuiteRunner.java:240)
	at org.testng.SuiteRunnerWorker.runSuite(SuiteRunnerWorker.java:52)
	at org.testng.SuiteRunnerWorker.run(SuiteRunnerWorker.java:86)
	at org.testng.TestNG.runSuitesSequentially(TestNG.java:1198)
	at org.testng.TestNG.runSuitesLocally(TestNG.java:1123)
	at org.testng.TestNG.run(TestNG.java:1031)
	at org.testng.remote.AbstractRemoteTestNG.run(AbstractRemoteTestNG.java:132)
	at org.testng.remote.RemoteTestNG.initAndRun(RemoteTestNG.java:236)
	at org.testng.remote.RemoteTestNG.main(RemoteTestNG.java:81)
</pre></div></td>
<td>350</td>
<td>com.desktopWeb.scripts.page.TC_93_Detail_Page_News_Page_Project@2b71e916</td></tr>
<tr>
<td title='com.desktopWeb.scripts.page.TC_94_Verify_Page_Sitemap_Links.TC94_Verify_Page_Sitemap_Links()'><b>TC94_Verify_Page_Sitemap_Links</b><br>Test class: com.desktopWeb.scripts.page.TC_94_Verify_Page_Sitemap_Links<br>Parameters: autosm2017@gmail.com, Automation2017, Verify Page/Sitemap Links</td>
<td><div><pre>java.lang.AssertionError: Step AsserTitle  Failed with description Page title is not matched with Engage Victoria :: Privacy Policy expected [true] but found [false]
	at org.testng.Assert.fail(Assert.java:94)
	at org.testng.Assert.failNotEquals(Assert.java:494)
	at org.testng.Assert.assertTrue(Assert.java:42)
	at com.ctaf.support.HtmlReportSupport.onFailure(HtmlReportSupport.java:778)
	at com.ctaf.utilities.Reporter.failureReport(Reporter.java:91)
	at com.ctaf.accelerators.ActionEngine.assertTitle(ActionEngine.java:1487)
	at com.desktopWeb.workflows.HelperClass.verifyPageSitemapsLinks(HelperClass.java:835)
	at com.desktopWeb.scripts.page.TC_94_Verify_Page_Sitemap_Links.TC94_Verify_Page_Sitemap_Links(TC_94_Verify_Page_Sitemap_Links.java:23)
	at sun.reflect.NativeMethodAccessorImpl.invoke0(Native Method)
	at sun.reflect.NativeMethodAccessorImpl.invoke(NativeMethodAccessorImpl.java:62)
	at sun.reflect.DelegatingMethodAccessorImpl.invoke(DelegatingMethodAccessorImpl.java:43)
	at java.lang.reflect.Method.invoke(Method.java:498)
	at org.testng.internal.MethodInvocationHelper.invokeMethod(MethodInvocationHelper.java:80)
	at org.testng.internal.Invoker.invokeMethod(Invoker.java:714)
	at org.testng.internal.Invoker.invokeTestMethod(Invoker.java:901)
	at org.testng.internal.Invoker.invokeTestMethods(Invoker.java:1231)
	at org.testng.internal.TestMethodWorker.invokeTestMethods(TestMethodWorker.java:127)
	at org.testng.internal.TestMethodWorker.run(TestMethodWorker.java:111)
	at org.testng.TestRunner.privateRun(TestRunner.java:767)
	at org.testng.TestRunner.run(TestRunner.java:617)
	at org.testng.SuiteRunner.runTest(SuiteRunner.java:334)
	at org.testng.SuiteRunner.runSequentially(SuiteRunner.java:329)
	at org.testng.SuiteRunner.privateRun(SuiteRunner.java:291)
	at org.testng.SuiteRunner.run(SuiteRunner.java:240)
	at org.testng.SuiteRunnerWorker.runSuite(SuiteRunnerWorker.java:52)
	at org.testng.SuiteRunnerWorker.run(SuiteRunnerWorker.java:86)
	at org.testng.TestNG.runSuitesSequentially(TestNG.java:1198)
	at org.testng.TestNG.runSuitesLocally(TestNG.java:1123)
	at org.testng.TestNG.run(TestNG.java:1031)
	at org.testng.remote.AbstractRemoteTestNG.run(AbstractRemoteTestNG.java:132)
	at org.testng.remote.RemoteTestNG.initAndRun(RemoteTestNG.java:236)
	at org.testng.remote.RemoteTestNG.main(RemoteTestNG.java:81)
</pre></div><a href='#' onClick='toggleBox("stack-trace1718103695", this, "Click to show all stack frames", "Click to hide stack frames")'>Click to show all stack frames</a>
<div class='stack-trace' id='stack-trace1718103695'><pre>java.lang.AssertionError: Step AsserTitle  Failed with description Page title is not matched with Engage Victoria :: Privacy Policy expected [true] but found [false]
	at org.testng.Assert.fail(Assert.java:94)
	at org.testng.Assert.failNotEquals(Assert.java:494)
	at org.testng.Assert.assertTrue(Assert.java:42)
	at com.ctaf.support.HtmlReportSupport.onFailure(HtmlReportSupport.java:778)
	at com.ctaf.utilities.Reporter.failureReport(Reporter.java:91)
	at com.ctaf.accelerators.ActionEngine.assertTitle(ActionEngine.java:1487)
	at com.desktopWeb.workflows.HelperClass.verifyPageSitemapsLinks(HelperClass.java:835)
	at com.desktopWeb.scripts.page.TC_94_Verify_Page_Sitemap_Links.TC94_Verify_Page_Sitemap_Links(TC_94_Verify_Page_Sitemap_Links.java:23)
	at sun.reflect.NativeMethodAccessorImpl.invoke0(Native Method)
	at sun.reflect.NativeMethodAccessorImpl.invoke(NativeMethodAccessorImpl.java:62)
	at sun.reflect.DelegatingMethodAccessorImpl.invoke(DelegatingMethodAccessorImpl.java:43)
	at java.lang.reflect.Method.invoke(Method.java:498)
	at org.testng.internal.MethodInvocationHelper.invokeMethod(MethodInvocationHelper.java:80)
	at org.testng.internal.Invoker.invokeMethod(Invoker.java:714)
	at org.testng.internal.Invoker.invokeTestMethod(Invoker.java:901)
	at org.testng.internal.Invoker.invokeTestMethods(Invoker.java:1231)
	at org.testng.internal.TestMethodWorker.invokeTestMethods(TestMethodWorker.java:127)
	at org.testng.internal.TestMethodWorker.run(TestMethodWorker.java:111)
	at org.testng.TestRunner.privateRun(TestRunner.java:767)
	at org.testng.TestRunner.run(TestRunner.java:617)
	at org.testng.SuiteRunner.runTest(SuiteRunner.java:334)
	at org.testng.SuiteRunner.runSequentially(SuiteRunner.java:329)
	at org.testng.SuiteRunner.privateRun(SuiteRunner.java:291)
	at org.testng.SuiteRunner.run(SuiteRunner.java:240)
	at org.testng.SuiteRunnerWorker.runSuite(SuiteRunnerWorker.java:52)
	at org.testng.SuiteRunnerWorker.run(SuiteRunnerWorker.java:86)
	at org.testng.TestNG.runSuitesSequentially(TestNG.java:1198)
	at org.testng.TestNG.runSuitesLocally(TestNG.java:1123)
	at org.testng.TestNG.run(TestNG.java:1031)
	at org.testng.remote.AbstractRemoteTestNG.run(AbstractRemoteTestNG.java:132)
	at org.testng.remote.RemoteTestNG.initAndRun(RemoteTestNG.java:236)
	at org.testng.remote.RemoteTestNG.main(RemoteTestNG.java:81)
</pre></div></td>
<td>220</td>
<td>com.desktopWeb.scripts.page.TC_94_Verify_Page_Sitemap_Links@49e53c76</td></tr>
</table><p>
<table width='100%' border='1' class='invocation-passed'>
<tr><td colspan='4' align='center'><b>PASSED TESTS</b></td></tr>
<tr><td><b>Test method</b></td>
<td width="30%"><b>Exception</b></td>
<td width="10%"><b>Time (seconds)</b></td>
<td><b>Instance</b></td>
</tr>
<tr>
<td title='com.desktopWeb.scripts.sprint1.TC_123_Verify_Project_Sub_Page_Mobile_Preview_En.TC123_Verify_Project_Sub_Page_Mobile_Preview_En()'><b>TC123_Verify_Project_Sub_Page_Mobile_Preview_En</b><br>Test class: com.desktopWeb.scripts.sprint1.TC_123_Verify_Project_Sub_Page_Mobile_Preview_En<br>Parameters: autoenmanager@harvestdp.com, Automation2017, New Project for Test Execution, Verify Authoring/Page/Project_Sub_Page/Mobile Preview by Engagement Manager</td>
<td></td>
<td>98</td>
<td>com.desktopWeb.scripts.sprint1.TC_123_Verify_Project_Sub_Page_Mobile_Preview_En@3e694b3f</td></tr>
<tr>
<td title='com.desktopWeb.scripts.sprint1.TC_124_Verify_Project_Sub_Page_Delete_En.TC124_Verify_Project_Sub_Page_Delete_En()'><b>TC124_Verify_Project_Sub_Page_Delete_En</b><br>Test class: com.desktopWeb.scripts.sprint1.TC_124_Verify_Project_Sub_Page_Delete_En<br>Parameters: autoenmanager@harvestdp.com, Automation2017, New Project for Test Execution, Verify Authoring/Page/Project_Sub_Page/Delete by Engagement Manager</td>
<td></td>
<td>74</td>
<td>com.desktopWeb.scripts.sprint1.TC_124_Verify_Project_Sub_Page_Delete_En@1bd4fdd</td></tr>
<tr>
<td title='com.desktopWeb.scripts.sprint1.TC_136_WCCP_450_Verify_View_Project_Pa.TC125_WCCP_450_Verify_View_Project_En()'><b>TC125_WCCP_450_Verify_View_Project_En</b><br>Test class: com.desktopWeb.scripts.sprint1.TC_136_WCCP_450_Verify_View_Project_Pa<br>Parameters: autoprauthor@harvestdp.com, Automation2017, , , WCCP-450 Verify View Projects in Dashboard/Project/Project List for Engagement Manager</td>
<td></td>
<td>41</td>
<td>com.desktopWeb.scripts.sprint1.TC_136_WCCP_450_Verify_View_Project_Pa@7cc0cdad</td></tr>
<tr>
<td title='com.desktopWeb.scripts.sprint1.TC_125_WCCP_450_Verify_View_Project_En.TC125_WCCP_450_Verify_View_Project_En()'><b>TC125_WCCP_450_Verify_View_Project_En</b><br>Test class: com.desktopWeb.scripts.sprint1.TC_125_WCCP_450_Verify_View_Project_En<br>Parameters: autoenmanager@harvestdp.com, Automation2017, asdA, New Project for Test Execution, WCCP-450 Verify View Projects in Dashboard/Project/Project List for Engagement Manager</td>
<td></td>
<td>139</td>
<td>com.desktopWeb.scripts.sprint1.TC_125_WCCP_450_Verify_View_Project_En@6c6cb480</td></tr>
<tr>
<td title='com.desktopWeb.scripts.sprint1.TC_127_Detail_Project_Sub_Page_Project_Cm.TC127_Detail_Project_Sub_Page_Project_Cm()'><b>TC127_Detail_Project_Sub_Page_Project_Cm</b><br>Test class: com.desktopWeb.scripts.sprint1.TC_127_Detail_Project_Sub_Page_Project_Cm<br>Parameters: autoconmanager@harvestdp.com, Automation2017, New Project for Test Execution, New Project for Test Execution, ignore, Verify Authoring/Page/Project_Sub_Page/Details by Consultation Manager Funtionality</td>
<td></td>
<td>97</td>
<td>com.desktopWeb.scripts.sprint1.TC_127_Detail_Project_Sub_Page_Project_Cm@4f83df68</td></tr>
<tr>
<td title='com.desktopWeb.scripts.sprint1.TC_129_Verify_Project_Sub_Page_Delete_Cm.TC129_Verify_Project_Sub_Page_Delete_Cm()'><b>TC129_Verify_Project_Sub_Page_Delete_Cm</b><br>Test class: com.desktopWeb.scripts.sprint1.TC_129_Verify_Project_Sub_Page_Delete_Cm<br>Parameters: autoenmanager@harvestdp.com, Automation2017, New Project for Test Execution, Verify Authoring/Page/Project_Sub_Page/Delete by Consultation Manager</td>
<td></td>
<td>192</td>
<td>com.desktopWeb.scripts.sprint1.TC_129_Verify_Project_Sub_Page_Delete_Cm@f6efaab</td></tr>
<tr>
<td title='com.desktopWeb.scripts.sprint1.TC_130_Design_Project_Sub_Page_Template_Cm.TC130_Design_Project_Sub_Page_Template_Cm()'><b>TC130_Design_Project_Sub_Page_Template_Cm</b><br>Test class: com.desktopWeb.scripts.sprint1.TC_130_Design_Project_Sub_Page_Template_Cm<br>Parameters: autoconmanager@harvestdp.com, Automation2017, New Project for Test Execution, rightslider, savechanges, Verify Authoring/Page/Project_Sub_Page/Design by Consultation Manager</td>
<td></td>
<td>112</td>
<td>com.desktopWeb.scripts.sprint1.TC_130_Design_Project_Sub_Page_Template_Cm@14cd1699</td></tr>
<tr>
<td title='com.desktopWeb.scripts.sprint1.TC_131_SEO_Project_Sub_Page_Name_Cm.TC131_SEO_Project_Sub_Page_Name_Cm()'><b>TC131_SEO_Project_Sub_Page_Name_Cm</b><br>Test class: com.desktopWeb.scripts.sprint1.TC_131_SEO_Project_Sub_Page_Name_Cm<br>Parameters: autoconmanager@harvestdp.com, Automation2017, New Project for Test Execution, New Desc, savechanges, Verify Authoring/Page/Project_Sub_Page/SEO Funtionality by Consultation Manager</td>
<td></td>
<td>102</td>
<td>com.desktopWeb.scripts.sprint1.TC_131_SEO_Project_Sub_Page_Name_Cm@31304f14</td></tr>
<tr>
<td title='com.desktopWeb.scripts.sprint1.TC_132_Location_Project_Sub_Page_Location_Cm.TC132_Location_Project_Sub_Page_Location_Cm()'><b>TC132_Location_Project_Sub_Page_Location_Cm</b><br>Test class: com.desktopWeb.scripts.sprint1.TC_132_Location_Project_Sub_Page_Location_Cm<br>Parameters: autoconmanager@harvestdp.com, Automation2017, New Project for Test Execution, savechanges, Verify Authoring/Page/Project_Sub_Page/Location by Consultation Manager</td>
<td></td>
<td>128</td>
<td>com.desktopWeb.scripts.sprint1.TC_132_Location_Project_Sub_Page_Location_Cm@397fbdb</td></tr>
<tr>
<td title='com.desktopWeb.scripts.sprint1.TC_133_Verify_Project_Sub_Page_Mobile_Preview_Cm.TC133_Verify_Project_Sub_Page_Mobile_Preview_Cm()'><b>TC133_Verify_Project_Sub_Page_Mobile_Preview_Cm</b><br>Test class: com.desktopWeb.scripts.sprint1.TC_133_Verify_Project_Sub_Page_Mobile_Preview_Cm<br>Parameters: autoconmanager@harvestdp.com, Automation2017, New Project for Test Execution, Verify Authoring/Page/Project_Sub_Page/Mobile Preview by Consultation Manager</td>
<td></td>
<td>91</td>
<td>com.desktopWeb.scripts.sprint1.TC_133_Verify_Project_Sub_Page_Mobile_Preview_Cm@30c15d8b</td></tr>
<tr>
<td title='com.desktopWeb.scripts.sprint1.TC_138_Verify_Project_Sub_Page_Delete_Pa.TC138_Verify_Project_Sub_Page_Delete_Pa()'><b>TC138_Verify_Project_Sub_Page_Delete_Pa</b><br>Test class: com.desktopWeb.scripts.sprint1.TC_138_Verify_Project_Sub_Page_Delete_Pa<br>Parameters: autoprauthor@harvestdp.com, Automation2017, New Project for Test Execution, Verify Authoring/Page/Project_Sub_Page/Delete by Project Author</td>
<td></td>
<td>67</td>
<td>com.desktopWeb.scripts.sprint1.TC_138_Verify_Project_Sub_Page_Delete_Pa@a1153bc</td></tr>
<tr>
<td title='com.desktopWeb.scripts.sprint1.TC_142_Verify_Project_Sub_Page_Mobile_Preview_Pa.TC142_Verify_Project_Sub_Page_Mobile_Preview_Pa()'><b>TC142_Verify_Project_Sub_Page_Mobile_Preview_Pa</b><br>Test class: com.desktopWeb.scripts.sprint1.TC_142_Verify_Project_Sub_Page_Mobile_Preview_Pa<br>Parameters: autoprauthor@harvestdp.com, Automation2017, New Project for Test Execution, Verify Authoring/Page/Project_Sub_Page/Mobile Preview by Project Author</td>
<td></td>
<td>85</td>
<td>com.desktopWeb.scripts.sprint1.TC_142_Verify_Project_Sub_Page_Mobile_Preview_Pa@7b98f307</td></tr>
<tr>
<td title='com.desktopWeb.scripts.sprint1.TC_146_Verify_Page_News_Page_Delete_En.TC146_Verify_Page_News_Page_Delete_En()'><b>TC146_Verify_Page_News_Page_Delete_En</b><br>Test class: com.desktopWeb.scripts.sprint1.TC_146_Verify_Page_News_Page_Delete_En<br>Parameters: autoenmanager@harvestdp.com, Automation2017, New Project for Test Execution, Verify Authoring/Page/News_Page/Delete funtionality for Engagement Manager</td>
<td></td>
<td>120</td>
<td>com.desktopWeb.scripts.sprint1.TC_146_Verify_Page_News_Page_Delete_En@4d5d943d</td></tr>
<tr>
<td title='com.desktopWeb.scripts.sprint1.TC_147_SEO_Page_News_Page_Name_En.TC147_SEO_Page_News_Page_Name_En()'><b>TC147_SEO_Page_News_Page_Name_En</b><br>Test class: com.desktopWeb.scripts.sprint1.TC_147_SEO_Page_News_Page_Name_En<br>Parameters: autoenmanager@harvestdp.com, Automation2017, New Project for Test Execution, New Desc, savechanges, Verify Authoring/Page/News_Page/SEO Funtionality</td>
<td></td>
<td>205</td>
<td>com.desktopWeb.scripts.sprint1.TC_147_SEO_Page_News_Page_Name_En@411f53a0</td></tr>
<tr>
<td title='com.desktopWeb.scripts.sprint1.TC_149_Verify_Page_News_Page_Mobile_Preview_En.TC149_Verify_Page_News_Page_Mobile_Preview_En()'><b>TC149_Verify_Page_News_Page_Mobile_Preview_En</b><br>Test class: com.desktopWeb.scripts.sprint1.TC_149_Verify_Page_News_Page_Mobile_Preview_En<br>Parameters: autoenmanager@harvestdp.com, Automation2017, New Project for Test Execution, Verify Authoring/Page/News_Page/Mobile Preview by Engagement Manager</td>
<td></td>
<td>140</td>
<td>com.desktopWeb.scripts.sprint1.TC_149_Verify_Page_News_Page_Mobile_Preview_En@41d477ed</td></tr>
<tr>
<td title='com.desktopWeb.scripts.sprint1.TC_150_Design_Page_News_Page_Template_En.TC150_Design_Page_News_Page_Template_En()'><b>TC150_Design_Page_News_Page_Template_En</b><br>Test class: com.desktopWeb.scripts.sprint1.TC_150_Design_Page_News_Page_Template_En<br>Parameters: autoenmanager@harvestdp.com, Automation2017, New Project for Test Execution, full, savechanges, Verify Authoring/Page/News_Page/Design funtionality by Engagement Manager</td>
<td></td>
<td>221</td>
<td>com.desktopWeb.scripts.sprint1.TC_150_Design_Page_News_Page_Template_En@2d3379b4</td></tr>
<tr>
<td title='com.desktopWeb.scripts.sprint1.TC_151_Location_Page_News_Page_Location_En.TC151_Location_Page_News_Page_Location_En()'><b>TC151_Location_Page_News_Page_Location_En</b><br>Test class: com.desktopWeb.scripts.sprint1.TC_151_Location_Page_News_Page_Location_En<br>Parameters: autoenmanager@harvestdp.com, Automation2017, New Project for Test Execution, savechanges, Value 1, Verify Authoring/Page/News_Page/Location funtionality for Engagement Manager</td>
<td></td>
<td>306</td>
<td>com.desktopWeb.scripts.sprint1.TC_151_Location_Page_News_Page_Location_En@6aeb35e6</td></tr>
<tr>
<td title='com.desktopWeb.scripts.sprint1.TC_155_Verify_Page_News_Page_Mobile_Preview_Cm.TC155_Verify_Page_News_Page_Mobile_Preview_Cm()'><b>TC155_Verify_Page_News_Page_Mobile_Preview_Cm</b><br>Test class: com.desktopWeb.scripts.sprint1.TC_155_Verify_Page_News_Page_Mobile_Preview_Cm<br>Parameters: autoconmanager@harvestdp.com, Automation2017, New Project for Test Execution, Verify Authoring/Page/News_Page/Mobile Preview by Consultation Manager</td>
<td></td>
<td>134</td>
<td>com.desktopWeb.scripts.sprint1.TC_155_Verify_Page_News_Page_Mobile_Preview_Cm@175c2241</td></tr>
<tr>
<td title='com.desktopWeb.scripts.sprint1.TC_156_Design_Page_News_Page_Template_Cm.TC156_Design_Page_News_Page_Template_Cm()'><b>TC156_Design_Page_News_Page_Template_Cm</b><br>Test class: com.desktopWeb.scripts.sprint1.TC_156_Design_Page_News_Page_Template_Cm<br>Parameters: autoconmanager@harvestdp.com, Automation2017, New Project for Test Execution, rightslider, savechanges, Verify Authoring/Page/News_Page/Design funtionality by Consultation Manager</td>
<td></td>
<td>204</td>
<td>com.desktopWeb.scripts.sprint1.TC_156_Design_Page_News_Page_Template_Cm@71d44a3</td></tr>
<tr>
<td title='com.desktopWeb.scripts.sprint1.TC_158_Location_Page_News_Page_Location_Cm.TC158_Location_Page_News_Page_Location_Cm()'><b>TC158_Location_Page_News_Page_Location_Cm</b><br>Test class: com.desktopWeb.scripts.sprint1.TC_158_Location_Page_News_Page_Location_Cm<br>Parameters: autoconmanager@harvestdp.com, Automation2017, New Project for Test Execution, savechanges, Value 2, Verify Authoring/Page/News_Page/Location funtionality for Consultation Manager</td>
<td></td>
<td>216</td>
<td>com.desktopWeb.scripts.sprint1.TC_158_Location_Page_News_Page_Location_Cm@351d00c0</td></tr>
<tr>
<td title='com.desktopWeb.scripts.sprint1.TC_159_Detail_Page_News_Page_Project_Cm.TC159_Detail_Page_News_Page_Project_Cm()'><b>TC159_Detail_Page_News_Page_Project_Cm</b><br>Test class: com.desktopWeb.scripts.sprint1.TC_159_Detail_Page_News_Page_Project_Cm<br>Parameters: autoconmanager@harvestdp.com, Automation2017, New Project for Test Execution, New Project for Test Execution, savechanges, Verify Authoring/Page/News_Page/Details funtionality by Consultation Manager</td>
<td></td>
<td>192</td>
<td>com.desktopWeb.scripts.sprint1.TC_159_Detail_Page_News_Page_Project_Cm@5e0e82ae</td></tr>
<tr>
<td title='com.desktopWeb.scripts.sprint1.TC_161_Verify_Project_Sub_Page_Delete_Cm.TC161_Verify_Project_Sub_Page_Delete_Cm()'><b>TC161_Verify_Project_Sub_Page_Delete_Cm</b><br>Test class: com.desktopWeb.scripts.sprint1.TC_161_Verify_Project_Sub_Page_Delete_Cm<br>Parameters: autoconmanager@harvestdp.com, Automation2017, New Project for Test Execution, Verify Authoring/Page/Project_Sub_Page/Delete by Consultation Manager</td>
<td></td>
<td>66</td>
<td>com.desktopWeb.scripts.sprint1.TC_161_Verify_Project_Sub_Page_Delete_Cm@49139829</td></tr>
<tr>
<td title='com.desktopWeb.scripts.sprint1.TC_162_Verify_Page_News_Page_Version_Duplicate_Pa.TC162_Verify_Page_News_Page_Version_Duplicate_Pa()'><b>TC162_Verify_Page_News_Page_Version_Duplicate_Pa</b><br>Test class: com.desktopWeb.scripts.sprint1.TC_162_Verify_Page_News_Page_Version_Duplicate_Pa<br>Parameters: autoprauthor@harvestdp.com, Automation2017, New Project for Test Execution, Verify Authoring/Page/News_Page/Version Duplicate functionality by Project Author</td>
<td></td>
<td>200</td>
<td>com.desktopWeb.scripts.sprint1.TC_162_Verify_Page_News_Page_Version_Duplicate_Pa@3349e9bb</td></tr>
<tr>
<td title='com.desktopWeb.scripts.sprint1.TC_163_Verify_Page_News_Page_Mobile_Preview_Pa.TC163_Verify_Page_News_Page_Mobile_Preview_Pa()'><b>TC163_Verify_Page_News_Page_Mobile_Preview_Pa</b><br>Test class: com.desktopWeb.scripts.sprint1.TC_163_Verify_Page_News_Page_Mobile_Preview_Pa<br>Parameters: autoprauthor@harvestdp.com, Automation2017, New Project for Test Execution, Verify Authoring/Page/News_Page/Mobile Preview by Project Author</td>
<td></td>
<td>134</td>
<td>com.desktopWeb.scripts.sprint1.TC_163_Verify_Page_News_Page_Mobile_Preview_Pa@443118b0</td></tr>
<tr>
<td title='com.desktopWeb.scripts.sprint1.TC_168_Verify_Project_Sub_Page_Delete_Pa.TC168_Verify_Project_Sub_Page_Delete_Pa()'><b>TC168_Verify_Project_Sub_Page_Delete_Pa</b><br>Test class: com.desktopWeb.scripts.sprint1.TC_168_Verify_Project_Sub_Page_Delete_Pa<br>Parameters: autoprauthor@harvestdp.com, Automation2017, New Project for Test Execution, Verify Authoring/Page/Project_Sub_Page/Delete by Project Author</td>
<td></td>
<td>65</td>
<td>com.desktopWeb.scripts.sprint1.TC_168_Verify_Project_Sub_Page_Delete_Pa@33d512c1</td></tr>
<tr>
<td title='com.desktopWeb.scripts.setting.TC_66_Verify_Setting_Version_Duplicate.TC66_Verify_Setting_Version_Duplicate()'><b>TC66_Verify_Setting_Version_Duplicate</b><br>Test class: com.desktopWeb.scripts.setting.TC_66_Verify_Setting_Version_Duplicate<br>Parameters: autosm2017@gmail.com, Automation2017, New Project for Test Execution, Verify Authoring/Setting/Version Duplicate Funtionality</td>
<td></td>
<td>67</td>
<td>com.desktopWeb.scripts.setting.TC_66_Verify_Setting_Version_Duplicate@3590fc5b</td></tr>
<tr>
<td title='com.desktopWeb.scripts.addUpdate.TC_67_Verify_Update_Version_Duplicate.TC67_Verify_Update_Version_Duplicate()'><b>TC67_Verify_Update_Version_Duplicate</b><br>Test class: com.desktopWeb.scripts.addUpdate.TC_67_Verify_Update_Version_Duplicate<br>Parameters: autosm2017@gmail.com, Automation2017, New Project for Test Execution, Verify Authoring/Update/Version Duplicate Funtionality</td>
<td></td>
<td>80</td>
<td>com.desktopWeb.scripts.addUpdate.TC_67_Verify_Update_Version_Duplicate@557caf28</td></tr>
<tr>
<td title='com.desktopWeb.scripts.addUpdate.TC_68_Verify_Authoring_Update_Options.TC68_Verify_Authoring_Update_Options()'><b>TC68_Verify_Authoring_Update_Options</b><br>Test class: com.desktopWeb.scripts.addUpdate.TC_68_Verify_Authoring_Update_Options<br>Parameters: autosm2017@gmail.com, Automation2017, Verify Authoring/Update Options</td>
<td></td>
<td>53</td>
<td>com.desktopWeb.scripts.addUpdate.TC_68_Verify_Authoring_Update_Options@4218d6a3</td></tr>
<tr>
<td title='com.desktopWeb.scripts.page.TC_77_SEO_Site_Sub_Page_Name.TC77_SEO_Site_Sub_Page_Name()'><b>TC77_SEO_Site_Sub_Page_Name</b><br>Test class: com.desktopWeb.scripts.page.TC_77_SEO_Site_Sub_Page_Name<br>Parameters: autosm2017@gmail.com, Automation2017, New Project for Test Execution, New Desc, submittoworkflow, Verify Authoring/Page/Site_Sub_Page/SEO Funtionality</td>
<td></td>
<td>137</td>
<td>com.desktopWeb.scripts.page.TC_77_SEO_Site_Sub_Page_Name@62379589</td></tr>
<tr>
<td title='com.desktopWeb.scripts.page.TC_78_Verify_Site_Sub_Page_Version_Duplicate.TC78_Verify_Site_Sub_Page_Version_Duplicate()'><b>TC78_Verify_Site_Sub_Page_Version_Duplicate</b><br>Test class: com.desktopWeb.scripts.page.TC_78_Verify_Site_Sub_Page_Version_Duplicate<br>Parameters: autosm2017@gmail.com, Automation2017, New Project for Test Execution, Verify Authoring/Page/Site_Sub_Page/Version Duplicate Funtionality</td>
<td></td>
<td>112</td>
<td>com.desktopWeb.scripts.page.TC_78_Verify_Site_Sub_Page_Version_Duplicate@6771beb3</td></tr>
<tr>
<td title='com.desktopWeb.scripts.page.TC_79_Location_Site_Sub_Page_Location.TC79_Location_Site_Sub_Page_Location()'><b>TC79_Location_Site_Sub_Page_Location</b><br>Test class: com.desktopWeb.scripts.page.TC_79_Location_Site_Sub_Page_Location<br>Parameters: autosm2017@gmail.com, Automation2017, New Project for Test Execution, submittoworkflow, approve, Verify Authoring/Page/Site_Sub_Page/Location Funtionality</td>
<td></td>
<td>295</td>
<td>com.desktopWeb.scripts.page.TC_79_Location_Site_Sub_Page_Location@145f66e3</td></tr>
<tr>
<td title='com.desktopWeb.scripts.page.TC_80_Verify_Site_Sub_Page_Mobile_Preview.TC80_Verify_Site_Sub_Page_Mobile_Preview()'><b>TC80_Verify_Site_Sub_Page_Mobile_Preview</b><br>Test class: com.desktopWeb.scripts.page.TC_80_Verify_Site_Sub_Page_Mobile_Preview<br>Parameters: autosm2017@gmail.com, Automation2017, New Project for Test Execution, Verify Authoring/Page/Site_Sub_Page/Mobile Preview Funtionality</td>
<td></td>
<td>127</td>
<td>com.desktopWeb.scripts.page.TC_80_Verify_Site_Sub_Page_Mobile_Preview@2a3b5b47</td></tr>
<tr>
<td title='com.desktopWeb.scripts.page.TC_81_Verify_Site_Sub_Page_Delete.TC81_Verify_Site_Sub_Page_Delete()'><b>TC81_Verify_Site_Sub_Page_Delete</b><br>Test class: com.desktopWeb.scripts.page.TC_81_Verify_Site_Sub_Page_Delete<br>Parameters: autosm2017@gmail.com, Automation2017, New Project for Test Execution, Verify Authoring/Page/Site_Sub_Page/Delete Funtionality</td>
<td></td>
<td>227</td>
<td>com.desktopWeb.scripts.page.TC_81_Verify_Site_Sub_Page_Delete@776aec5c</td></tr>
<tr>
<td title='com.desktopWeb.scripts.page.TC_82_Verify_Site_Sub_Page_Version_Approve.TC82_Verify_Site_Sub_Page_Version_Approve()'><b>TC82_Verify_Site_Sub_Page_Version_Approve</b><br>Test class: com.desktopWeb.scripts.page.TC_82_Verify_Site_Sub_Page_Version_Approve<br>Parameters: autosm2017@gmail.com, Automation2017, New Project for Test Execution, Verify Authoring/Page/Site_Sub_PageVersion Approve Funtionality</td>
<td></td>
<td>113</td>
<td>com.desktopWeb.scripts.page.TC_82_Verify_Site_Sub_Page_Version_Approve@4afcd809</td></tr>
<tr>
<td title='com.desktopWeb.scripts.page.TC_83_Design_Site_Sub_Page_Template.TC83_Design_Site_Sub_Page_Template()'><b>TC83_Design_Site_Sub_Page_Template</b><br>Test class: com.desktopWeb.scripts.page.TC_83_Design_Site_Sub_Page_Template<br>Parameters: autosm2017@gmail.com, Automation2017, New Project for Test Execution, full, submittoworkflow, Verify Authoring/Page/Site_Sub_Page/Design Funtionality</td>
<td></td>
<td>160</td>
<td>com.desktopWeb.scripts.page.TC_83_Design_Site_Sub_Page_Template@7c7b252e</td></tr>
<tr>
<td title='com.desktopWeb.scripts.page.TC_84_Detail_Site_Sub_Page_Project.TC84_Detail_Site_Sub_Page_Project()'><b>TC84_Detail_Site_Sub_Page_Project</b><br>Test class: com.desktopWeb.scripts.page.TC_84_Detail_Site_Sub_Page_Project<br>Parameters: autosm2017@gmail.com, Automation2017, New Project for Test Execution, New Project for Test Execution, submittoworkflow, Verify Authoring/Page/Site_Sub_Page/Details Funtionality</td>
<td></td>
<td>129</td>
<td>com.desktopWeb.scripts.page.TC_84_Detail_Site_Sub_Page_Project@76505305</td></tr>
<tr>
<td title='com.desktopWeb.scripts.page.TC_85_Create_New_Project_Page_New_Project.TC84_Detail_Site_Sub_Page_Project()'><b>TC84_Detail_Site_Sub_Page_Project</b><br>Test class: com.desktopWeb.scripts.page.TC_85_Create_New_Project_Page_New_Project<br>Parameters: autosm2017@gmail.com, Automation2017, Automation Project, New Automation Project, Department of Education & Training, Public, Active, autoconmanager,autoprauthor, Consultation Manager,Project Author, Yes, Verify Authoring/Page/Site_Sub_Page/Details Funtionality</td>
<td></td>
<td>330</td>
<td>com.desktopWeb.scripts.page.TC_85_Create_New_Project_Page_New_Project@18078bef</td></tr>
<tr>
<td title='com.desktopWeb.scripts.page.TC_86_Verify_Page_News_Page_Delete.TC86_Verify_Page_News_Page_Delete()'><b>TC86_Verify_Page_News_Page_Delete</b><br>Test class: com.desktopWeb.scripts.page.TC_86_Verify_Page_News_Page_Delete<br>Parameters: autosm2017@gmail.com, Automation2017, New Project for Test Execution, Verify Authoring/Page/News_Page/Delete Funtionality</td>
<td></td>
<td>149</td>
<td>com.desktopWeb.scripts.page.TC_86_Verify_Page_News_Page_Delete@4c583ecf</td></tr>
<tr>
<td title='com.desktopWeb.scripts.page.TC_88_Verify_Page_News_Page_Version_Duplicate.TC88_Verify_Page_News_Page_Version_Duplicate()'><b>TC88_Verify_Page_News_Page_Version_Duplicate</b><br>Test class: com.desktopWeb.scripts.page.TC_88_Verify_Page_News_Page_Version_Duplicate<br>Parameters: autosm2017@gmail.com, Automation2017, New Project for Test Execution, Verify Authoring/Page/News_Page/Version Duplicate Funtionality</td>
<td></td>
<td>157</td>
<td>com.desktopWeb.scripts.page.TC_88_Verify_Page_News_Page_Version_Duplicate@692f203f</td></tr>
<tr>
<td title='com.desktopWeb.scripts.page.TC_89_Verify_Page_News_Page_Mobile_Preview.TC89_Verify_Page_News_Page_Mobile_Preview()'><b>TC89_Verify_Page_News_Page_Mobile_Preview</b><br>Test class: com.desktopWeb.scripts.page.TC_89_Verify_Page_News_Page_Mobile_Preview<br>Parameters: autosm2017@gmail.com, Automation2017, New Project for Test Execution, Verify Authoring/Page/News_Page/Mobile Preview Funtionality</td>
<td></td>
<td>171</td>
<td>com.desktopWeb.scripts.page.TC_89_Verify_Page_News_Page_Mobile_Preview@5fe94a96</td></tr>
<tr>
<td title='com.desktopWeb.scripts.page.TC_91_Location_Page_News_Page_Location.TC91_Location_Page_News_Page_Location()'><b>TC91_Location_Page_News_Page_Location</b><br>Test class: com.desktopWeb.scripts.page.TC_91_Location_Page_News_Page_Location<br>Parameters: autosm2017@gmail.com, Automation2017, New Project for Test Execution, submittoworkflow, approve, Verify Authoring/Page/News_Page/Location Funtionality</td>
<td></td>
<td>211</td>
<td>com.desktopWeb.scripts.page.TC_91_Location_Page_News_Page_Location@28701274</td></tr>
<tr>
<td title='com.desktopWeb.scripts.page.TC_92_Verify_Page_News_Page_Version_Approve.TC92_Verify_Page_News_Page_Version_Approve()'><b>TC92_Verify_Page_News_Page_Version_Approve</b><br>Test class: com.desktopWeb.scripts.page.TC_92_Verify_Page_News_Page_Version_Approve<br>Parameters: autosm2017@gmail.com, Automation2017, New Project for Test Execution, Verify Authoring/Page/News_Page_Version Approve Funtionality</td>
<td></td>
<td>199</td>
<td>com.desktopWeb.scripts.page.TC_92_Verify_Page_News_Page_Version_Approve@74235045</td></tr>
</table><p>
</body>
</html>